Using pre-set license
Built from '2022.3/staging' branch; Version is '2022.3.22f1 (887be4894c44) revision 8944612'; Using compiler version '192829333'; Build Type 'Release'
OS: 'Windows 11  (10.0.22631) 64bit Professional' Language: 'ko' Physical Memory: 15734 MB
BatchMode: 1, IsHumanControllingUs: 0, StartBugReporterOnCrash: 0, Is64bit: 1, IsPro: 1

COMMAND LINE ARGUMENTS:
C:\Program Files\Unity\Hub\Editor\2022.3.22f1\Editor\Unity.exe
-adb2
-batchMode
-noUpm
-name
AssetImportWorker14
-projectPath
D:/Projects/PixelSquad/PixelSquadClient
-logFile
Logs/AssetImportWorker14.log
-srvPort
50845
Successfully changed project path to: D:/Projects/PixelSquad/PixelSquadClient
D:/Projects/PixelSquad/PixelSquadClient
[UnityMemory] Configuration Parameters - Can be set up in boot.config
    "memorysetup-bucket-allocator-granularity=16"
    "memorysetup-bucket-allocator-bucket-count=8"
    "memorysetup-bucket-allocator-block-size=33554432"
    "memorysetup-bucket-allocator-block-count=8"
    "memorysetup-main-allocator-block-size=16777216"
    "memorysetup-thread-allocator-block-size=16777216"
    "memorysetup-gfx-main-allocator-block-size=16777216"
    "memorysetup-gfx-thread-allocator-block-size=16777216"
    "memorysetup-cache-allocator-block-size=4194304"
    "memorysetup-typetree-allocator-block-size=2097152"
    "memorysetup-profiler-bucket-allocator-granularity=16"
    "memorysetup-profiler-bucket-allocator-bucket-count=8"
    "memorysetup-profiler-bucket-allocator-block-size=33554432"
    "memorysetup-profiler-bucket-allocator-block-count=8"
    "memorysetup-profiler-allocator-block-size=16777216"
    "memorysetup-profiler-editor-allocator-block-size=1048576"
    "memorysetup-temp-allocator-size-main=16777216"
    "memorysetup-job-temp-allocator-block-size=2097152"
    "memorysetup-job-temp-allocator-block-size-background=1048576"
    "memorysetup-job-temp-allocator-reduction-small-platforms=262144"
    "memorysetup-allocator-temp-initial-block-size-main=262144"
    "memorysetup-allocator-temp-initial-block-size-worker=262144"
    "memorysetup-temp-allocator-size-background-worker=32768"
    "memorysetup-temp-allocator-size-job-worker=262144"
    "memorysetup-temp-allocator-size-preload-manager=33554432"
    "memorysetup-temp-allocator-size-nav-mesh-worker=65536"
    "memorysetup-temp-allocator-size-audio-worker=65536"
    "memorysetup-temp-allocator-size-cloud-worker=32768"
    "memorysetup-temp-allocator-size-gi-baking-worker=262144"
    "memorysetup-temp-allocator-size-gfx=262144"
Player connection [36736] Host "[IP] 192.168.0.6 [Port] 0 [Flags] 2 [Guid] 4210258437 [EditorId] 4210258437 [Version] 1048832 [Id] WindowsEditor(7,MINUK) [Debug] 1 [PackageName] WindowsEditor [ProjectName] Editor" joined multi-casting on [225.0.0.222:54997]...

Player connection [36736] Host "[IP] 192.168.0.6 [Port] 0 [Flags] 2 [Guid] 4210258437 [EditorId] 4210258437 [Version] 1048832 [Id] WindowsEditor(7,MINUK) [Debug] 1 [PackageName] WindowsEditor [ProjectName] Editor" joined alternative multi-casting on [225.0.0.222:34997]...

[Physics::Module] Initialized MultithreadedJobDispatcher with 15 workers.
Refreshing native plugins compatible for Editor in 54.14 ms, found 4 plugins.
Preloading 0 native plugins for Editor in 0.00 ms.
Initialize engine version: 2022.3.22f1 (887be4894c44)
[Subsystems] Discovering subsystems at path C:/Program Files/Unity/Hub/Editor/2022.3.22f1/Editor/Data/Resources/UnitySubsystems
[Subsystems] Discovering subsystems at path D:/Projects/PixelSquad/PixelSquadClient/Assets
GfxDevice: creating device client; threaded=0; jobified=0
Direct3D:
    Version:  Direct3D 11.0 [level 11.1]
    Renderer: NVIDIA GeForce RTX 3060 Laptop GPU (ID=0x2520)
    Vendor:   NVIDIA
    VRAM:     6010 MB
    Driver:   31.0.15.4629
Initialize mono
Mono path[0] = 'C:/Program Files/Unity/Hub/Editor/2022.3.22f1/Editor/Data/Managed'
Mono path[1] = 'C:/Program Files/Unity/Hub/Editor/2022.3.22f1/Editor/Data/MonoBleedingEdge/lib/mono/unityjit-win32'
Mono config path = 'C:/Program Files/Unity/Hub/Editor/2022.3.22f1/Editor/Data/MonoBleedingEdge/etc'
Using monoOptions --debugger-agent=transport=dt_socket,embedding=1,server=y,suspend=n,address=127.0.0.1:56732
Begin MonoManager ReloadAssembly
Registering precompiled unity dll's ...
Register platform support module: C:/Program Files/Unity/Hub/Editor/2022.3.22f1/Editor/Data/PlaybackEngines/AndroidPlayer/UnityEditor.Android.Extensions.dll
Register platform support module: C:/Program Files/Unity/Hub/Editor/2022.3.22f1/Editor/Data/PlaybackEngines/WindowsStandaloneSupport/UnityEditor.WindowsStandalone.Extensions.dll
Register platform support module: C:/Program Files/Unity/Hub/Editor/2022.3.22f1/Editor/Data/PlaybackEngines/LinuxStandaloneSupport/UnityEditor.LinuxStandalone.Extensions.dll
Registered in 0.037445 seconds.
- Loaded All Assemblies, in  0.598 seconds
Native extension for LinuxStandalone target not found
Native extension for WindowsStandalone target not found
Native extension for Android target not found
Android Extension - Scanning For ADB Devices 4616 ms
Mono: successfully reloaded assembly
- Finished resetting the current domain, in  5.192 seconds
Domain Reload Profiling: 5782ms
	BeginReloadAssembly (205ms)
		ExecutionOrderSort (0ms)
		DisableScriptedObjects (0ms)
		BackupInstance (0ms)
		ReleaseScriptingObjects (0ms)
		CreateAndSetChildDomain (1ms)
	RebuildCommonClasses (47ms)
	RebuildNativeTypeToScriptingClass (12ms)
	initialDomainReloadingComplete (124ms)
	LoadAllAssembliesAndSetupDomain (202ms)
		LoadAssemblies (200ms)
		RebuildTransferFunctionScriptingTraits (0ms)
		AnalyzeDomain (196ms)
			TypeCache.Refresh (194ms)
				TypeCache.ScanAssembly (177ms)
			ScanForSourceGeneratedMonoScriptInfo (0ms)
			ResolveRequiredComponents (1ms)
	FinalizeReload (5193ms)
		ReleaseScriptCaches (0ms)
		RebuildScriptCaches (0ms)
		SetupLoadedEditorAssemblies (5108ms)
			LogAssemblyErrors (0ms)
			InitializePlatformSupportModulesInManaged (4804ms)
			SetLoadedEditorAssemblies (9ms)
			RefreshPlugins (0ms)
			BeforeProcessingInitializeOnLoad (4ms)
			ProcessInitializeOnLoadAttributes (194ms)
			ProcessInitializeOnLoadMethodAttributes (97ms)
			AfterProcessingInitializeOnLoad (0ms)
			EditorAssembliesLoaded (0ms)
		ExecutionOrderSort2 (0ms)
		AwakeInstancesAfterBackupRestoration (0ms)
========================================================================
Worker process is ready to serve import requests
Begin MonoManager ReloadAssembly
Symbol file LoadedFromMemory is not a mono symbol file
- Loaded All Assemblies, in  1.154 seconds
Refreshing native plugins compatible for Editor in 17.41 ms, found 4 plugins.
Native extension for LinuxStandalone target not found
Native extension for WindowsStandalone target not found
Native extension for Android target not found
Package Manager log level set to [2]
[Package Manager] Server::EnsureServerProcessIsRunning -- launch failed, reason: Unity was launched with the -noUpm command-line argument
[Package Manager] UpmClient::Send -- Unable to send message (not connected to UPM process).
[Package Manager] Cannot connect to Unity Package Manager local server
Mono: successfully reloaded assembly
- Finished resetting the current domain, in  1.491 seconds
Domain Reload Profiling: 2629ms
	BeginReloadAssembly (214ms)
		ExecutionOrderSort (0ms)
		DisableScriptedObjects (8ms)
		BackupInstance (0ms)
		ReleaseScriptingObjects (0ms)
		CreateAndSetChildDomain (24ms)
	RebuildCommonClasses (33ms)
	RebuildNativeTypeToScriptingClass (9ms)
	initialDomainReloadingComplete (55ms)
	LoadAllAssembliesAndSetupDomain (825ms)
		LoadAssemblies (685ms)
		RebuildTransferFunctionScriptingTraits (0ms)
		AnalyzeDomain (278ms)
			TypeCache.Refresh (226ms)
				TypeCache.ScanAssembly (202ms)
			ScanForSourceGeneratedMonoScriptInfo (39ms)
			ResolveRequiredComponents (12ms)
	FinalizeReload (1492ms)
		ReleaseScriptCaches (0ms)
		RebuildScriptCaches (0ms)
		SetupLoadedEditorAssemblies (1272ms)
			LogAssemblyErrors (0ms)
			InitializePlatformSupportModulesInManaged (54ms)
			SetLoadedEditorAssemblies (5ms)
			RefreshPlugins (0ms)
			BeforeProcessingInitializeOnLoad (244ms)
			ProcessInitializeOnLoadAttributes (844ms)
			ProcessInitializeOnLoadMethodAttributes (100ms)
			AfterProcessingInitializeOnLoad (25ms)
			EditorAssembliesLoaded (0ms)
		ExecutionOrderSort2 (0ms)
		AwakeInstancesAfterBackupRestoration (27ms)
Launched and connected shader compiler UnityShaderCompiler.exe after 0.07 seconds
Refreshing native plugins compatible for Editor in 18.17 ms, found 4 plugins.
Preloading 0 native plugins for Editor in 0.00 ms.
Unloading 5956 Unused Serialized files (Serialized files now loaded: 0)
Unloading 108 unused Assets / (0.5 MB). Loaded Objects now: 6438.
Memory consumption went from 261.3 MB to 260.7 MB.
Total: 5.081600 ms (FindLiveObjects: 0.656000 ms CreateObjectMapping: 0.244900 ms MarkObjects: 3.855600 ms  DeleteObjects: 0.323800 ms)

AssetImportParameters requested are different than current active one (requested -> active):
  custom:container-demuxer-ogg: 62fdf1f143b41e24485cea50d1cbac27 -> 
  custom:scripting/monoscript/fileName/CFXR_Styles.cs: 14132385ef0a62dc85f08de4f5687ece -> 
  custom:video-decoder-ogg-theora: a1e56fd34408186e4bbccfd4996cb3dc -> 
  custom:framework-win-MediaFoundation: 216162199b28c13a410421893ffa2e32 -> 
  custom:scripting/monoscript/fileName/CFXR_ParticleTextFontAsset.cs: 997a733798b2c803fc88cc92695e7ca4 -> 
  custom:scripting/monoscript/fileName/CFXR_MaterialInspector.cs: 85a99159289e64398275fbc6500bb9a8 -> 
  custom:scripting/monoscript/fileName/CFXR_ShaderImporter.cs: f0ef3fb7c5ca7b4517f50c44917fac9e -> 
  custom:scripting/monoscript/fileName/CFXR_Effect.CameraShake.cs: 0cdf409b5aa8d4c25876d72b5c6a3b60 -> 
  custom:CustomObjectIndexerAttribute: 72b91833f83ae208fae7752999fa3104 -> 
  custom:container-demuxer-webm: 4f35f7cbe854078d1ac9338744f61a02 -> 
  custom:scripting/monoscript/fileName/CFXR_EmissionBySurface.cs: 6294a85dd8a1718740abd2427d3ed0fe -> 
  custom:scripting/monoscript/fileName/CFXR_ExpressionParser.cs: 215820334dc899aa183f0061c3ffd288 -> 
  custom:container-muxer-webm: aa71ff27fc2769a1b78a27578f13a17b -> 
  custom:video-decoder-webm-vp8: 9c59270c3fd7afecdb556c50c9e8de78 -> 
  custom:SearchIndexIgnoredProperties: e643bd26f0fe6173181afceb89e7c659 -> 
  custom:scripting/monoscript/fileName/CFXR_ParticleText.cs: 3f1f97f09f1dd1cf194149bcb9712660 -> 
  custom:AudioImporter_EditorPlatform: d09bf68614088b80899f8185d706f6e7 -> 
  custom:video-encoder-webm-vp8: eb34c28f22e8b96e1ab97ce403110664 -> 
  custom:audio-decoder-ogg-vorbis: bf7c407c2cedff20999df2af8eb42d56 -> 
  custom:scripting/monoscript/fileName/CFXR_ShaderPostProcessor.cs: eee4c4410265e19bfd8b3e2c4c5b2a2d -> 
  custom:scripting/monoscript/fileName/CFXR_UpgradeCheck.cs: ecbc382cf7f886ae36ac82906454b189 -> 
  custom:audio-encoder-webm-vorbis: bf7c407c2cedff20999df2af8eb42d56 -> 
========================================================================
Received Import Request.
  Time since last request: 169962.150227 seconds.
  path: Assets/Universal Sound FX/MONSTERS_CREATURES/ALIEN_Communication_04_mono.wav
  artifactKey: Guid(2865095ee14d61b47837b550ee7b1997) Importer(815301076,1909f56bfc062723c751e8b465ee728b)
Start importing Assets/Universal Sound FX/MONSTERS_CREATURES/ALIEN_Communication_04_mono.wav using Guid(2865095ee14d61b47837b550ee7b1997) Importer(815301076,1909f56bfc062723c751e8b465ee728b)  -> (artifact id: 'c68ab1773840ced7b417921968559699') in 0.110657 seconds
Number of updated asset objects reloaded before import = 0
Number of asset objects unloaded after import = 2
========================================================================
Received Import Request.
  Time since last request: 0.000036 seconds.
  path: Assets/Universal Sound FX/MONSTERS_CREATURES/ALIEN_Communication_18_mono.wav
  artifactKey: Guid(83a3aba28803c9e42bd1a7a0bb65d19b) Importer(815301076,1909f56bfc062723c751e8b465ee728b)
Start importing Assets/Universal Sound FX/MONSTERS_CREATURES/ALIEN_Communication_18_mono.wav using Guid(83a3aba28803c9e42bd1a7a0bb65d19b) Importer(815301076,1909f56bfc062723c751e8b465ee728b)  -> (artifact id: 'e109ede7c8131eca2c84a01722811cb7') in 0.013179 seconds
Number of updated asset objects reloaded before import = 0
Number of asset objects unloaded after import = 2
========================================================================
Received Import Request.
  Time since last request: 0.000042 seconds.
  path: Assets/Universal Sound FX/MONSTERS_CREATURES/ALIEN_Communication_21_mono.wav
  artifactKey: Guid(f6fcadc2ec14bc6439bcff68663be2cc) Importer(815301076,1909f56bfc062723c751e8b465ee728b)
Start importing Assets/Universal Sound FX/MONSTERS_CREATURES/ALIEN_Communication_21_mono.wav using Guid(f6fcadc2ec14bc6439bcff68663be2cc) Importer(815301076,1909f56bfc062723c751e8b465ee728b)  -> (artifact id: 'a4334807463b237f58bb464b0449cbba') in 0.012157 seconds
Number of updated asset objects reloaded before import = 0
Number of asset objects unloaded after import = 2
========================================================================
Received Import Request.
  Time since last request: 25.303368 seconds.
  path: Assets/Universal Sound FX/MONSTERS_CREATURES/ALIEN_Insect_08_mono.wav
  artifactKey: Guid(1c97173c7ca57774a8653f91f26b1ee5) Importer(815301076,1909f56bfc062723c751e8b465ee728b)
Start importing Assets/Universal Sound FX/MONSTERS_CREATURES/ALIEN_Insect_08_mono.wav using Guid(1c97173c7ca57774a8653f91f26b1ee5) Importer(815301076,1909f56bfc062723c751e8b465ee728b)  -> (artifact id: '3507bcd4efb3a859f368b2a32cd35b47') in 0.013540 seconds
Number of updated asset objects reloaded before import = 0
Number of asset objects unloaded after import = 2
========================================================================
Received Import Request.
  Time since last request: 0.017750 seconds.
  path: Assets/Universal Sound FX/MONSTERS_CREATURES/ALIEN_Insect_13_mono.wav
  artifactKey: Guid(7ed2ac3345f0d1f489d9ddafda54cf8b) Importer(815301076,1909f56bfc062723c751e8b465ee728b)
Start importing Assets/Universal Sound FX/MONSTERS_CREATURES/ALIEN_Insect_13_mono.wav using Guid(7ed2ac3345f0d1f489d9ddafda54cf8b) Importer(815301076,1909f56bfc062723c751e8b465ee728b)  -> (artifact id: '8e3134c385afc3b4a83aca3f3489b07a') in 0.012020 seconds
Number of updated asset objects reloaded before import = 0
Number of asset objects unloaded after import = 2
========================================================================
Received Import Request.
  Time since last request: 0.258130 seconds.
  path: Assets/Universal Sound FX/MONSTERS_CREATURES/CREATURE_Squeel_03_mono.wav
  artifactKey: Guid(72806ae5e7cb33a458c1e1866feac8e9) Importer(815301076,1909f56bfc062723c751e8b465ee728b)
Start importing Assets/Universal Sound FX/MONSTERS_CREATURES/CREATURE_Squeel_03_mono.wav using Guid(72806ae5e7cb33a458c1e1866feac8e9) Importer(815301076,1909f56bfc062723c751e8b465ee728b)  -> (artifact id: 'efb0c716dade10f89f37e81435046e39') in 0.012179 seconds
Number of updated asset objects reloaded before import = 0
Number of asset objects unloaded after import = 2
========================================================================
Received Import Request.
  Time since last request: 7.713347 seconds.
  path: Assets/Universal Sound FX/MONSTERS_CREATURES/MONSTER_Growl_Medium_23_mono.wav
  artifactKey: Guid(251a38f069fc66b418e05e5c2f62c93f) Importer(815301076,1909f56bfc062723c751e8b465ee728b)
Start importing Assets/Universal Sound FX/MONSTERS_CREATURES/MONSTER_Growl_Medium_23_mono.wav using Guid(251a38f069fc66b418e05e5c2f62c93f) Importer(815301076,1909f56bfc062723c751e8b465ee728b)  -> (artifact id: '80ca065fb85147fe7c608e4fcf621550') in 0.012724 seconds
Number of updated asset objects reloaded before import = 0
Number of asset objects unloaded after import = 2
========================================================================
Received Import Request.
  Time since last request: 5.454173 seconds.
  path: Assets/Universal Sound FX/MAGIC_SPELLS/MAGIC_SPELL_Build_Bang_mono.wav
  artifactKey: Guid(590478a72e226c04f9329e5c80f32ed7) Importer(815301076,1909f56bfc062723c751e8b465ee728b)
Start importing Assets/Universal Sound FX/MAGIC_SPELLS/MAGIC_SPELL_Build_Bang_mono.wav using Guid(590478a72e226c04f9329e5c80f32ed7) Importer(815301076,1909f56bfc062723c751e8b465ee728b)  -> (artifact id: 'a188e10b3fa4aab3327a01a30dce0885') in 0.014059 seconds
Number of updated asset objects reloaded before import = 0
Number of asset objects unloaded after import = 2
========================================================================
Received Import Request.
  Time since last request: 0.039847 seconds.
  path: Assets/Universal Sound FX/MAGIC_SPELLS/MAGIC_SPELL_Distinct_Thrust_Bright_Pad_Subtle_stereo.wav
  artifactKey: Guid(86b89ce539682a94794d9bbc3c311fe1) Importer(815301076,1909f56bfc062723c751e8b465ee728b)
Start importing Assets/Universal Sound FX/MAGIC_SPELLS/MAGIC_SPELL_Distinct_Thrust_Bright_Pad_Subtle_stereo.wav using Guid(86b89ce539682a94794d9bbc3c311fe1) Importer(815301076,1909f56bfc062723c751e8b465ee728b)  -> (artifact id: 'd374bc5b89f60f77e2f3c6e1099a629c') in 0.013423 seconds
Number of updated asset objects reloaded before import = 0
Number of asset objects unloaded after import = 2
Editor requested this worker to shutdown with reason: Scaling down because of idle timeout
TcpMessagingSession - receive error: operation aborted. errorcode: 995, details: 스레드 종료 또는 응용 프로그램 요청 때문에 I/O 작업이 취소되었습니다.
AssetImportWorker is now disconnected from the server
Process exiting
Exiting without the bug reporter. Application will terminate with return code 0