Using pre-set license
Built from '2022.3/staging' branch; Version is '2022.3.22f1 (887be4894c44) revision 8944612'; Using compiler version '192829333'; Build Type 'Release'
OS: 'Windows 11  (10.0.22631) 64bit Professional' Language: 'ko' Physical Memory: 15734 MB
BatchMode: 1, IsHumanControllingUs: 0, StartBugReporterOnCrash: 0, Is64bit: 1, IsPro: 1

COMMAND LINE ARGUMENTS:
C:\Program Files\Unity\Hub\Editor\2022.3.22f1\Editor\Unity.exe
-adb2
-batchMode
-noUpm
-name
AssetImportWorker17
-projectPath
D:/Projects/PixelSquad/PixelSquadClient
-logFile
Logs/AssetImportWorker17.log
-srvPort
50845
Successfully changed project path to: D:/Projects/PixelSquad/PixelSquadClient
D:/Projects/PixelSquad/PixelSquadClient
[UnityMemory] Configuration Parameters - Can be set up in boot.config
    "memorysetup-bucket-allocator-granularity=16"
    "memorysetup-bucket-allocator-bucket-count=8"
    "memorysetup-bucket-allocator-block-size=33554432"
    "memorysetup-bucket-allocator-block-count=8"
    "memorysetup-main-allocator-block-size=16777216"
    "memorysetup-thread-allocator-block-size=16777216"
    "memorysetup-gfx-main-allocator-block-size=16777216"
    "memorysetup-gfx-thread-allocator-block-size=16777216"
    "memorysetup-cache-allocator-block-size=4194304"
    "memorysetup-typetree-allocator-block-size=2097152"
    "memorysetup-profiler-bucket-allocator-granularity=16"
    "memorysetup-profiler-bucket-allocator-bucket-count=8"
    "memorysetup-profiler-bucket-allocator-block-size=33554432"
    "memorysetup-profiler-bucket-allocator-block-count=8"
    "memorysetup-profiler-allocator-block-size=16777216"
    "memorysetup-profiler-editor-allocator-block-size=1048576"
    "memorysetup-temp-allocator-size-main=16777216"
    "memorysetup-job-temp-allocator-block-size=2097152"
    "memorysetup-job-temp-allocator-block-size-background=1048576"
    "memorysetup-job-temp-allocator-reduction-small-platforms=262144"
    "memorysetup-allocator-temp-initial-block-size-main=262144"
    "memorysetup-allocator-temp-initial-block-size-worker=262144"
    "memorysetup-temp-allocator-size-background-worker=32768"
    "memorysetup-temp-allocator-size-job-worker=262144"
    "memorysetup-temp-allocator-size-preload-manager=33554432"
    "memorysetup-temp-allocator-size-nav-mesh-worker=65536"
    "memorysetup-temp-allocator-size-audio-worker=65536"
    "memorysetup-temp-allocator-size-cloud-worker=32768"
    "memorysetup-temp-allocator-size-gi-baking-worker=262144"
    "memorysetup-temp-allocator-size-gfx=262144"
Player connection [51152] Host "[IP] 192.168.0.6 [Port] 0 [Flags] 2 [Guid] 211279827 [EditorId] 211279827 [Version] 1048832 [Id] WindowsEditor(7,MINUK) [Debug] 1 [PackageName] WindowsEditor [ProjectName] Editor" joined multi-casting on [225.0.0.222:54997]...

Player connection [51152] Host "[IP] 192.168.0.6 [Port] 0 [Flags] 2 [Guid] 211279827 [EditorId] 211279827 [Version] 1048832 [Id] WindowsEditor(7,MINUK) [Debug] 1 [PackageName] WindowsEditor [ProjectName] Editor" joined alternative multi-casting on [225.0.0.222:34997]...

[Physics::Module] Initialized MultithreadedJobDispatcher with 15 workers.
Refreshing native plugins compatible for Editor in 39.34 ms, found 4 plugins.
Preloading 0 native plugins for Editor in 0.00 ms.
Initialize engine version: 2022.3.22f1 (887be4894c44)
[Subsystems] Discovering subsystems at path C:/Program Files/Unity/Hub/Editor/2022.3.22f1/Editor/Data/Resources/UnitySubsystems
[Subsystems] Discovering subsystems at path D:/Projects/PixelSquad/PixelSquadClient/Assets
GfxDevice: creating device client; threaded=0; jobified=0
Direct3D:
    Version:  Direct3D 11.0 [level 11.1]
    Renderer: NVIDIA GeForce RTX 3060 Laptop GPU (ID=0x2520)
    Vendor:   NVIDIA
    VRAM:     6010 MB
    Driver:   31.0.15.4629
Initialize mono
Mono path[0] = 'C:/Program Files/Unity/Hub/Editor/2022.3.22f1/Editor/Data/Managed'
Mono path[1] = 'C:/Program Files/Unity/Hub/Editor/2022.3.22f1/Editor/Data/MonoBleedingEdge/lib/mono/unityjit-win32'
Mono config path = 'C:/Program Files/Unity/Hub/Editor/2022.3.22f1/Editor/Data/MonoBleedingEdge/etc'
Using monoOptions --debugger-agent=transport=dt_socket,embedding=1,server=y,suspend=n,address=127.0.0.1:56556
Begin MonoManager ReloadAssembly
Registering precompiled unity dll's ...
Register platform support module: C:/Program Files/Unity/Hub/Editor/2022.3.22f1/Editor/Data/PlaybackEngines/AndroidPlayer/UnityEditor.Android.Extensions.dll
Register platform support module: C:/Program Files/Unity/Hub/Editor/2022.3.22f1/Editor/Data/PlaybackEngines/WindowsStandaloneSupport/UnityEditor.WindowsStandalone.Extensions.dll
Register platform support module: C:/Program Files/Unity/Hub/Editor/2022.3.22f1/Editor/Data/PlaybackEngines/LinuxStandaloneSupport/UnityEditor.LinuxStandalone.Extensions.dll
Registered in 0.037344 seconds.
- Loaded All Assemblies, in  0.574 seconds
Native extension for LinuxStandalone target not found
Native extension for WindowsStandalone target not found
Native extension for Android target not found
Android Extension - Scanning For ADB Devices 2240 ms
Mono: successfully reloaded assembly
- Finished resetting the current domain, in  2.625 seconds
Domain Reload Profiling: 3192ms
	BeginReloadAssembly (181ms)
		ExecutionOrderSort (0ms)
		DisableScriptedObjects (0ms)
		BackupInstance (0ms)
		ReleaseScriptingObjects (0ms)
		CreateAndSetChildDomain (1ms)
	RebuildCommonClasses (42ms)
	RebuildNativeTypeToScriptingClass (11ms)
	initialDomainReloadingComplete (126ms)
	LoadAllAssembliesAndSetupDomain (204ms)
		LoadAssemblies (177ms)
		RebuildTransferFunctionScriptingTraits (0ms)
		AnalyzeDomain (198ms)
			TypeCache.Refresh (197ms)
				TypeCache.ScanAssembly (181ms)
			ScanForSourceGeneratedMonoScriptInfo (0ms)
			ResolveRequiredComponents (1ms)
	FinalizeReload (2626ms)
		ReleaseScriptCaches (0ms)
		RebuildScriptCaches (0ms)
		SetupLoadedEditorAssemblies (2553ms)
			LogAssemblyErrors (0ms)
			InitializePlatformSupportModulesInManaged (2371ms)
			SetLoadedEditorAssemblies (5ms)
			RefreshPlugins (0ms)
			BeforeProcessingInitializeOnLoad (2ms)
			ProcessInitializeOnLoadAttributes (114ms)
			ProcessInitializeOnLoadMethodAttributes (61ms)
			AfterProcessingInitializeOnLoad (0ms)
			EditorAssembliesLoaded (0ms)
		ExecutionOrderSort2 (0ms)
		AwakeInstancesAfterBackupRestoration (0ms)
========================================================================
Worker process is ready to serve import requests
Begin MonoManager ReloadAssembly
Symbol file LoadedFromMemory is not a mono symbol file
- Loaded All Assemblies, in  1.086 seconds
Refreshing native plugins compatible for Editor in 13.63 ms, found 4 plugins.
Native extension for LinuxStandalone target not found
Native extension for WindowsStandalone target not found
Native extension for Android target not found
Package Manager log level set to [2]
[Package Manager] Server::EnsureServerProcessIsRunning -- launch failed, reason: Unity was launched with the -noUpm command-line argument
[Package Manager] UpmClient::Send -- Unable to send message (not connected to UPM process).
[Package Manager] Cannot connect to Unity Package Manager local server
Mono: successfully reloaded assembly
- Finished resetting the current domain, in  1.389 seconds
Domain Reload Profiling: 2463ms
	BeginReloadAssembly (176ms)
		ExecutionOrderSort (0ms)
		DisableScriptedObjects (5ms)
		BackupInstance (0ms)
		ReleaseScriptingObjects (0ms)
		CreateAndSetChildDomain (23ms)
	RebuildCommonClasses (34ms)
	RebuildNativeTypeToScriptingClass (10ms)
	initialDomainReloadingComplete (56ms)
	LoadAllAssembliesAndSetupDomain (797ms)
		LoadAssemblies (642ms)
		RebuildTransferFunctionScriptingTraits (0ms)
		AnalyzeDomain (268ms)
			TypeCache.Refresh (223ms)
				TypeCache.ScanAssembly (199ms)
			ScanForSourceGeneratedMonoScriptInfo (31ms)
			ResolveRequiredComponents (12ms)
	FinalizeReload (1390ms)
		ReleaseScriptCaches (0ms)
		RebuildScriptCaches (0ms)
		SetupLoadedEditorAssemblies (1181ms)
			LogAssemblyErrors (0ms)
			InitializePlatformSupportModulesInManaged (63ms)
			SetLoadedEditorAssemblies (6ms)
			RefreshPlugins (0ms)
			BeforeProcessingInitializeOnLoad (242ms)
			ProcessInitializeOnLoadAttributes (740ms)
			ProcessInitializeOnLoadMethodAttributes (102ms)
			AfterProcessingInitializeOnLoad (26ms)
			EditorAssembliesLoaded (0ms)
		ExecutionOrderSort2 (0ms)
		AwakeInstancesAfterBackupRestoration (26ms)
Launched and connected shader compiler UnityShaderCompiler.exe after 0.08 seconds
Refreshing native plugins compatible for Editor in 19.64 ms, found 4 plugins.
Preloading 0 native plugins for Editor in 0.00 ms.
Unloading 5956 Unused Serialized files (Serialized files now loaded: 0)
Unloading 108 unused Assets / (0.5 MB). Loaded Objects now: 6438.
Memory consumption went from 256.1 MB to 255.6 MB.
Total: 5.710400 ms (FindLiveObjects: 0.460900 ms CreateObjectMapping: 0.405700 ms MarkObjects: 4.482000 ms  DeleteObjects: 0.360600 ms)

AssetImportParameters requested are different than current active one (requested -> active):
  custom:container-demuxer-ogg: 62fdf1f143b41e24485cea50d1cbac27 -> 
  custom:scripting/monoscript/fileName/CFXR_Styles.cs: 14132385ef0a62dc85f08de4f5687ece -> 
  custom:video-decoder-ogg-theora: a1e56fd34408186e4bbccfd4996cb3dc -> 
  custom:framework-win-MediaFoundation: 216162199b28c13a410421893ffa2e32 -> 
  custom:scripting/monoscript/fileName/CFXR_ParticleTextFontAsset.cs: 997a733798b2c803fc88cc92695e7ca4 -> 
  custom:scripting/monoscript/fileName/CFXR_MaterialInspector.cs: 85a99159289e64398275fbc6500bb9a8 -> 
  custom:scripting/monoscript/fileName/CFXR_ShaderImporter.cs: f0ef3fb7c5ca7b4517f50c44917fac9e -> 
  custom:scripting/monoscript/fileName/CFXR_Effect.CameraShake.cs: 0cdf409b5aa8d4c25876d72b5c6a3b60 -> 
  custom:CustomObjectIndexerAttribute: 72b91833f83ae208fae7752999fa3104 -> 
  custom:container-demuxer-webm: 4f35f7cbe854078d1ac9338744f61a02 -> 
  custom:scripting/monoscript/fileName/CFXR_EmissionBySurface.cs: 6294a85dd8a1718740abd2427d3ed0fe -> 
  custom:scripting/monoscript/fileName/CFXR_ExpressionParser.cs: 215820334dc899aa183f0061c3ffd288 -> 
  custom:container-muxer-webm: aa71ff27fc2769a1b78a27578f13a17b -> 
  custom:video-decoder-webm-vp8: 9c59270c3fd7afecdb556c50c9e8de78 -> 
  custom:SearchIndexIgnoredProperties: e643bd26f0fe6173181afceb89e7c659 -> 
  custom:scripting/monoscript/fileName/CFXR_ParticleText.cs: 3f1f97f09f1dd1cf194149bcb9712660 -> 
  custom:AudioImporter_EditorPlatform: d09bf68614088b80899f8185d706f6e7 -> 
  custom:video-encoder-webm-vp8: eb34c28f22e8b96e1ab97ce403110664 -> 
  custom:audio-decoder-ogg-vorbis: bf7c407c2cedff20999df2af8eb42d56 -> 
  custom:scripting/monoscript/fileName/CFXR_ShaderPostProcessor.cs: eee4c4410265e19bfd8b3e2c4c5b2a2d -> 
  custom:scripting/monoscript/fileName/CFXR_UpgradeCheck.cs: ecbc382cf7f886ae36ac82906454b189 -> 
  custom:audio-encoder-webm-vorbis: bf7c407c2cedff20999df2af8eb42d56 -> 
========================================================================
Received Import Request.
  Time since last request: 170316.943002 seconds.
  path: Assets/Universal Sound FX/FIREWORKS/FIREWORKS_Airbomb_01_Explode_Crackle_Mixed_stereo.wav
  artifactKey: Guid(e195b30a4da47f64a871d32b7ca95510) Importer(815301076,1909f56bfc062723c751e8b465ee728b)
Start importing Assets/Universal Sound FX/FIREWORKS/FIREWORKS_Airbomb_01_Explode_Crackle_Mixed_stereo.wav using Guid(e195b30a4da47f64a871d32b7ca95510) Importer(815301076,1909f56bfc062723c751e8b465ee728b)  -> (artifact id: '3671c802fd1c9d92ba8f06d571dcfaa3') in 0.135302 seconds
Number of updated asset objects reloaded before import = 0
Number of asset objects unloaded after import = 2
========================================================================
Received Import Request.
  Time since last request: 0.007878 seconds.
  path: Assets/Universal Sound FX/FIREWORKS/FIREWORKS_Airbomb_06_Explode_Mixed_stereo.wav
  artifactKey: Guid(50a5f634962089141a7036d3138fb2dc) Importer(815301076,1909f56bfc062723c751e8b465ee728b)
Start importing Assets/Universal Sound FX/FIREWORKS/FIREWORKS_Airbomb_06_Explode_Mixed_stereo.wav using Guid(50a5f634962089141a7036d3138fb2dc) Importer(815301076,1909f56bfc062723c751e8b465ee728b)  -> (artifact id: '7e976e823f403ff51d5cce9649aef2b4') in 0.021892 seconds
Number of updated asset objects reloaded before import = 0
Number of asset objects unloaded after import = 2
========================================================================
Received Import Request.
  Time since last request: 0.000032 seconds.
  path: Assets/Universal Sound FX/FIREWORKS/FIREWORKS_Airbomb_10_Explode_Crackle_Mixed_stereo.wav
  artifactKey: Guid(1fa382ad52419dc4b852aa279622b3d5) Importer(815301076,1909f56bfc062723c751e8b465ee728b)
Start importing Assets/Universal Sound FX/FIREWORKS/FIREWORKS_Airbomb_10_Explode_Crackle_Mixed_stereo.wav using Guid(1fa382ad52419dc4b852aa279622b3d5) Importer(815301076,1909f56bfc062723c751e8b465ee728b)  -> (artifact id: '8f063e2fcdeeaa514e1fc2f6ed7740ca') in 0.022026 seconds
Number of updated asset objects reloaded before import = 0
Number of asset objects unloaded after import = 2
========================================================================
Received Import Request.
  Time since last request: 0.000031 seconds.
  path: Assets/Universal Sound FX/FIREWORKS/FIREWORKS_Airbomb_12_Explode_Crackle_Mixed_stereo.wav
  artifactKey: Guid(a485617a0bcde5343981cee7b0279dba) Importer(815301076,1909f56bfc062723c751e8b465ee728b)
Start importing Assets/Universal Sound FX/FIREWORKS/FIREWORKS_Airbomb_12_Explode_Crackle_Mixed_stereo.wav using Guid(a485617a0bcde5343981cee7b0279dba) Importer(815301076,1909f56bfc062723c751e8b465ee728b)  -> (artifact id: '43ec00279c49d968c29e5b9f58bb9f90') in 0.021110 seconds
Number of updated asset objects reloaded before import = 0
Number of asset objects unloaded after import = 2
========================================================================
Received Import Request.
  Time since last request: 0.000030 seconds.
  path: Assets/Universal Sound FX/FIREWORKS/FIREWORKS_Mortar_Shell_Launch_mono.wav
  artifactKey: Guid(91c41c0d7cf44d447976653fb800a49b) Importer(815301076,1909f56bfc062723c751e8b465ee728b)
Start importing Assets/Universal Sound FX/FIREWORKS/FIREWORKS_Mortar_Shell_Launch_mono.wav using Guid(91c41c0d7cf44d447976653fb800a49b) Importer(815301076,1909f56bfc062723c751e8b465ee728b)  -> (artifact id: 'c74bbece41c2b12a858bc8709abf9f29') in 0.016949 seconds
Number of updated asset objects reloaded before import = 0
Number of asset objects unloaded after import = 2
========================================================================
Received Import Request.
  Time since last request: 0.000028 seconds.
  path: Assets/Universal Sound FX/FIREWORKS/FIREWORKS_Rocket_01_Explode_Crackle_Mixed_stereo.wav
  artifactKey: Guid(593239e26be698d478aa664b2e3a835d) Importer(815301076,1909f56bfc062723c751e8b465ee728b)
Start importing Assets/Universal Sound FX/FIREWORKS/FIREWORKS_Rocket_01_Explode_Crackle_Mixed_stereo.wav using Guid(593239e26be698d478aa664b2e3a835d) Importer(815301076,1909f56bfc062723c751e8b465ee728b)  -> (artifact id: '589edf1f63890bcbb6d950da6471da2d') in 0.018201 seconds
Number of updated asset objects reloaded before import = 0
Number of asset objects unloaded after import = 2
========================================================================
Received Import Request.
  Time since last request: 0.000030 seconds.
  path: Assets/Universal Sound FX/FIREWORKS/FIREWORKS_Random_Fireworks_Short_Segment_01_loop_stereo.wav
  artifactKey: Guid(9872b74547bf2c64b9477e151b161129) Importer(815301076,1909f56bfc062723c751e8b465ee728b)
Start importing Assets/Universal Sound FX/FIREWORKS/FIREWORKS_Random_Fireworks_Short_Segment_01_loop_stereo.wav using Guid(9872b74547bf2c64b9477e151b161129) Importer(815301076,1909f56bfc062723c751e8b465ee728b)  -> (artifact id: 'a2a591e1ab8db1ad3e1b1188dfd8a57d') in 0.021659 seconds
Number of updated asset objects reloaded before import = 0
Number of asset objects unloaded after import = 2
========================================================================
Received Import Request.
  Time since last request: 5.593310 seconds.
  path: Assets/Universal Sound FX/FIREWORKS/FIREWORKS_Rocket_03_Explode_Mixed_stereo.wav
  artifactKey: Guid(17c12d5b3ab1c9744a68d7e36bb4a99e) Importer(815301076,1909f56bfc062723c751e8b465ee728b)
Start importing Assets/Universal Sound FX/FIREWORKS/FIREWORKS_Rocket_03_Explode_Mixed_stereo.wav using Guid(17c12d5b3ab1c9744a68d7e36bb4a99e) Importer(815301076,1909f56bfc062723c751e8b465ee728b)  -> (artifact id: 'cb632d904508e90efa9ebc70cf850ecd') in 0.013612 seconds
Number of updated asset objects reloaded before import = 0
Number of asset objects unloaded after import = 2
========================================================================
Received Import Request.
  Time since last request: 0.000245 seconds.
  path: Assets/Universal Sound FX/FIREWORKS/FIREWORKS_Rocket_05_Explode_Mixed_Alt_stereo.wav
  artifactKey: Guid(3e1c4006a1aedc34c9378303201bd587) Importer(815301076,1909f56bfc062723c751e8b465ee728b)
Start importing Assets/Universal Sound FX/FIREWORKS/FIREWORKS_Rocket_05_Explode_Mixed_Alt_stereo.wav using Guid(3e1c4006a1aedc34c9378303201bd587) Importer(815301076,1909f56bfc062723c751e8b465ee728b)  -> (artifact id: '14eb15e9e82d7bfa5c519adafe0f5f60') in 0.013052 seconds
Number of updated asset objects reloaded before import = 0
Number of asset objects unloaded after import = 2
========================================================================
Received Import Request.
  Time since last request: 0.050681 seconds.
  path: Assets/Universal Sound FX/FIREWORKS/FIREWORKS_Rocket_07_Explode_Crackle_Mixed_Alt_stereo.wav
  artifactKey: Guid(21d25d9eea929b1419d7964919b0d262) Importer(815301076,1909f56bfc062723c751e8b465ee728b)
Start importing Assets/Universal Sound FX/FIREWORKS/FIREWORKS_Rocket_07_Explode_Crackle_Mixed_Alt_stereo.wav using Guid(21d25d9eea929b1419d7964919b0d262) Importer(815301076,1909f56bfc062723c751e8b465ee728b)  -> (artifact id: 'b45012310bc344607069eeba07c7d3c9') in 0.013679 seconds
Number of updated asset objects reloaded before import = 0
Number of asset objects unloaded after import = 2
========================================================================
Received Import Request.
  Time since last request: 0.003208 seconds.
  path: Assets/Universal Sound FX/FIREWORKS/FIREWORKS_Rocket_08_Explode_Mixed_stereo.wav
  artifactKey: Guid(9bbddec70bbe2c241b2825adfa114e29) Importer(815301076,1909f56bfc062723c751e8b465ee728b)
Start importing Assets/Universal Sound FX/FIREWORKS/FIREWORKS_Rocket_08_Explode_Mixed_stereo.wav using Guid(9bbddec70bbe2c241b2825adfa114e29) Importer(815301076,1909f56bfc062723c751e8b465ee728b)  -> (artifact id: 'f77a3dcbab1b742bfd093dd1d0f3be39') in 0.015459 seconds
Number of updated asset objects reloaded before import = 0
Number of asset objects unloaded after import = 2
========================================================================
Received Import Request.
  Time since last request: 0.221920 seconds.
  path: Assets/Universal Sound FX/FIREWORKS/FIREWORKS_Rocket_10_Explode_Mixed_stereo.wav
  artifactKey: Guid(6fb1fdb494f76c84d8b54780f3481a0f) Importer(815301076,1909f56bfc062723c751e8b465ee728b)
Start importing Assets/Universal Sound FX/FIREWORKS/FIREWORKS_Rocket_10_Explode_Mixed_stereo.wav using Guid(6fb1fdb494f76c84d8b54780f3481a0f) Importer(815301076,1909f56bfc062723c751e8b465ee728b)  -> (artifact id: 'f4c5920f7666747cbbeaf3a7eefd70cd') in 0.014528 seconds
Number of updated asset objects reloaded before import = 0
Number of asset objects unloaded after import = 2
========================================================================
Received Import Request.
  Time since last request: 0.000025 seconds.
  path: Assets/Universal Sound FX/FIREWORKS/FIREWORKS_Rocket_12_Explode_Mixed_Alt_stereo.wav
  artifactKey: Guid(0337e23ffa022e648a7f648030372116) Importer(815301076,1909f56bfc062723c751e8b465ee728b)
Start importing Assets/Universal Sound FX/FIREWORKS/FIREWORKS_Rocket_12_Explode_Mixed_Alt_stereo.wav using Guid(0337e23ffa022e648a7f648030372116) Importer(815301076,1909f56bfc062723c751e8b465ee728b)  -> (artifact id: 'cc0d1ede341b3ad8f3bdc4af4ca4dc8e') in 0.015125 seconds
Number of updated asset objects reloaded before import = 0
Number of asset objects unloaded after import = 2
========================================================================
Received Import Request.
  Time since last request: 2.201711 seconds.
  path: Assets/Universal Sound FX/FIREWORKS/FIREWORKS_Rocket_14_Explode_Mixed_Alt_stereo.wav
  artifactKey: Guid(9bf26c4709ad04d4db5bfae3d5af06f7) Importer(815301076,1909f56bfc062723c751e8b465ee728b)
Start importing Assets/Universal Sound FX/FIREWORKS/FIREWORKS_Rocket_14_Explode_Mixed_Alt_stereo.wav using Guid(9bf26c4709ad04d4db5bfae3d5af06f7) Importer(815301076,1909f56bfc062723c751e8b465ee728b)  -> (artifact id: '6d6cbc0b5dafc87c2edf70b40973f822') in 0.014473 seconds
Number of updated asset objects reloaded before import = 0
Number of asset objects unloaded after import = 2
========================================================================
Received Import Request.
  Time since last request: 0.000541 seconds.
  path: Assets/Universal Sound FX/FIREWORKS/FIREWORKS_Rocket_15_Explode_Mixed_stereo.wav
  artifactKey: Guid(cd1059720aafdc3409d3a4b117ae7d8f) Importer(815301076,1909f56bfc062723c751e8b465ee728b)
Start importing Assets/Universal Sound FX/FIREWORKS/FIREWORKS_Rocket_15_Explode_Mixed_stereo.wav using Guid(cd1059720aafdc3409d3a4b117ae7d8f) Importer(815301076,1909f56bfc062723c751e8b465ee728b)  -> (artifact id: 'c4c3614945a1205d7f1f0874461cddd8') in 0.013367 seconds
Number of updated asset objects reloaded before import = 0
Number of asset objects unloaded after import = 2
========================================================================
Received Import Request.
  Time since last request: 0.039376 seconds.
  path: Assets/Universal Sound FX/FIREWORKS/FIREWORKS_Rocket_17_Explode_Mixed_stereo.wav
  artifactKey: Guid(e2bd1658b332ee44d9a4754f9bb5700b) Importer(815301076,1909f56bfc062723c751e8b465ee728b)
Start importing Assets/Universal Sound FX/FIREWORKS/FIREWORKS_Rocket_17_Explode_Mixed_stereo.wav using Guid(e2bd1658b332ee44d9a4754f9bb5700b) Importer(815301076,1909f56bfc062723c751e8b465ee728b)  -> (artifact id: 'f2a899bfce08ca6e6574df56d2198a68') in 0.015943 seconds
Number of updated asset objects reloaded before import = 0
Number of asset objects unloaded after import = 2
========================================================================
Received Import Request.
  Time since last request: 0.000275 seconds.
  path: Assets/Universal Sound FX/FIREWORKS/FIREWORKS_Rocket_Big_01_Explode_Mixed_Alt_stereo.wav
  artifactKey: Guid(4edfa7f4d3939524795029e7507eab89) Importer(815301076,1909f56bfc062723c751e8b465ee728b)
Start importing Assets/Universal Sound FX/FIREWORKS/FIREWORKS_Rocket_Big_01_Explode_Mixed_Alt_stereo.wav using Guid(4edfa7f4d3939524795029e7507eab89) Importer(815301076,1909f56bfc062723c751e8b465ee728b)  -> (artifact id: 'e3613fd465025a3033e2f13fdceb3d9f') in 0.015261 seconds
Number of updated asset objects reloaded before import = 0
Number of asset objects unloaded after import = 2
========================================================================
Received Import Request.
  Time since last request: 0.200023 seconds.
  path: Assets/Universal Sound FX/FIREWORKS/FIREWORKS_Rocket_Explode_Large_RR2_mono.wav
  artifactKey: Guid(764cf1a900da13f4cb436bb157ed49e6) Importer(815301076,1909f56bfc062723c751e8b465ee728b)
Start importing Assets/Universal Sound FX/FIREWORKS/FIREWORKS_Rocket_Explode_Large_RR2_mono.wav using Guid(764cf1a900da13f4cb436bb157ed49e6) Importer(815301076,1909f56bfc062723c751e8b465ee728b)  -> (artifact id: '9f60b585987f5c33854951c45c2d8dd5') in 0.012384 seconds
Number of updated asset objects reloaded before import = 0
Number of asset objects unloaded after import = 2
========================================================================
Received Import Request.
  Time since last request: 0.001945 seconds.
  path: Assets/Universal Sound FX/FIREWORKS/FIREWORKS_Rocket_Explode_Large_RR5_mono.wav
  artifactKey: Guid(d6d3853860213ba49abe8e5a96171c16) Importer(815301076,1909f56bfc062723c751e8b465ee728b)
Start importing Assets/Universal Sound FX/FIREWORKS/FIREWORKS_Rocket_Explode_Large_RR5_mono.wav using Guid(d6d3853860213ba49abe8e5a96171c16) Importer(815301076,1909f56bfc062723c751e8b465ee728b)  -> (artifact id: 'b8806e74fbef57fbb6c635f0377e26ee') in 0.012812 seconds
Number of updated asset objects reloaded before import = 0
Number of asset objects unloaded after import = 2
========================================================================
Received Import Request.
  Time since last request: 0.028540 seconds.
  path: Assets/Universal Sound FX/FIREWORKS/FIREWORKS_Rocket_Explode_RR3_mono.wav
  artifactKey: Guid(3e6981474b8a45447a6129d20dc5291a) Importer(815301076,1909f56bfc062723c751e8b465ee728b)
Start importing Assets/Universal Sound FX/FIREWORKS/FIREWORKS_Rocket_Explode_RR3_mono.wav using Guid(3e6981474b8a45447a6129d20dc5291a) Importer(815301076,1909f56bfc062723c751e8b465ee728b)  -> (artifact id: '92f5ff2f5584e4cf2f9617eb5bdc4c52') in 0.012397 seconds
Number of updated asset objects reloaded before import = 0
Number of asset objects unloaded after import = 2
========================================================================
Received Import Request.
  Time since last request: 0.000019 seconds.
  path: Assets/Universal Sound FX/FIREWORKS/FIREWORKS_Rocket_Explode_Sparkle_mono.wav
  artifactKey: Guid(4928c3a9662fcd744a446ef23f8d1950) Importer(815301076,1909f56bfc062723c751e8b465ee728b)
Start importing Assets/Universal Sound FX/FIREWORKS/FIREWORKS_Rocket_Explode_Sparkle_mono.wav using Guid(4928c3a9662fcd744a446ef23f8d1950) Importer(815301076,1909f56bfc062723c751e8b465ee728b)  -> (artifact id: '2370e46a6427c2dd7cf49b2a4a68cdb4') in 0.012133 seconds
Number of updated asset objects reloaded before import = 0
Number of asset objects unloaded after import = 2
========================================================================
Received Import Request.
  Time since last request: 0.000879 seconds.
  path: Assets/Universal Sound FX/FIREWORKS/FIREWORKS_Rocket_Launch_Crop_RR3_mono.wav
  artifactKey: Guid(383c43c433ea82548b32727e7e711306) Importer(815301076,1909f56bfc062723c751e8b465ee728b)
Start importing Assets/Universal Sound FX/FIREWORKS/FIREWORKS_Rocket_Launch_Crop_RR3_mono.wav using Guid(383c43c433ea82548b32727e7e711306) Importer(815301076,1909f56bfc062723c751e8b465ee728b)  -> (artifact id: '7d684d96675bc2f426a48f539e57142c') in 0.010930 seconds
Number of updated asset objects reloaded before import = 0
Number of asset objects unloaded after import = 2
========================================================================
Received Import Request.
  Time since last request: 0.216563 seconds.
  path: Assets/Universal Sound FX/FIREWORKS/FIREWORKS_Rocket_Launch_Crop_RR5_mono.wav
  artifactKey: Guid(c11bd8d5cacecd140b339b5286f049d3) Importer(815301076,1909f56bfc062723c751e8b465ee728b)
Start importing Assets/Universal Sound FX/FIREWORKS/FIREWORKS_Rocket_Launch_Crop_RR5_mono.wav using Guid(c11bd8d5cacecd140b339b5286f049d3) Importer(815301076,1909f56bfc062723c751e8b465ee728b)  -> (artifact id: 'b1310f336810e53daa26dd253f812baa') in 0.016633 seconds
Number of updated asset objects reloaded before import = 0
Number of asset objects unloaded after import = 2
========================================================================
Received Import Request.
  Time since last request: 0.014148 seconds.
  path: Assets/Universal Sound FX/FIREWORKS/FIREWORKS_Rocket_Launch_Long_RR3_mono.wav
  artifactKey: Guid(f09056bc1b0f4ed408a7dbe8e2d41fba) Importer(815301076,1909f56bfc062723c751e8b465ee728b)
Start importing Assets/Universal Sound FX/FIREWORKS/FIREWORKS_Rocket_Launch_Long_RR3_mono.wav using Guid(f09056bc1b0f4ed408a7dbe8e2d41fba) Importer(815301076,1909f56bfc062723c751e8b465ee728b)  -> (artifact id: '3657711b4ef2a7f4979489dfaece54eb') in 0.013957 seconds
Number of updated asset objects reloaded before import = 0
Number of asset objects unloaded after import = 2
========================================================================
Received Import Request.
  Time since last request: 0.042240 seconds.
  path: Assets/Universal Sound FX/FIREWORKS/FIREWORKS_Segment_Rockets_Explode_02_stereo.wav
  artifactKey: Guid(d4e8e6709dd00df468bb02d97deda555) Importer(815301076,1909f56bfc062723c751e8b465ee728b)
Start importing Assets/Universal Sound FX/FIREWORKS/FIREWORKS_Segment_Rockets_Explode_02_stereo.wav using Guid(d4e8e6709dd00df468bb02d97deda555) Importer(815301076,1909f56bfc062723c751e8b465ee728b)  -> (artifact id: 'e516fefab29856f4eeb9adc29debfca8') in 0.016452 seconds
Number of updated asset objects reloaded before import = 0
Number of asset objects unloaded after import = 2
========================================================================
Received Import Request.
  Time since last request: 34.041052 seconds.
  path: Assets/Universal Sound FX/EXPLOSIONS/Arcade/EXPLOSION_Arcade_02_mono.wav
  artifactKey: Guid(eb1c19f68e279c04692ce1305b0a76ba) Importer(815301076,1909f56bfc062723c751e8b465ee728b)
Start importing Assets/Universal Sound FX/EXPLOSIONS/Arcade/EXPLOSION_Arcade_02_mono.wav using Guid(eb1c19f68e279c04692ce1305b0a76ba) Importer(815301076,1909f56bfc062723c751e8b465ee728b)  -> (artifact id: 'f4b471afebc0d3e8b9abd15485f0348d') in 0.011439 seconds
Number of updated asset objects reloaded before import = 0
Number of asset objects unloaded after import = 2
========================================================================
Received Import Request.
  Time since last request: 0.005781 seconds.
  path: Assets/Universal Sound FX/EXPLOSIONS/Arcade/EXPLOSION_Arcade_05_mono.wav
  artifactKey: Guid(5b1f7e9e2aa1c9546855d212988b51be) Importer(815301076,1909f56bfc062723c751e8b465ee728b)
Start importing Assets/Universal Sound FX/EXPLOSIONS/Arcade/EXPLOSION_Arcade_05_mono.wav using Guid(5b1f7e9e2aa1c9546855d212988b51be) Importer(815301076,1909f56bfc062723c751e8b465ee728b)  -> (artifact id: '01082ecd1170da6dbd4b8a24ec4a9cd9') in 0.013158 seconds
Number of updated asset objects reloaded before import = 0
Number of asset objects unloaded after import = 2
========================================================================
Received Import Request.
  Time since last request: 0.005045 seconds.
  path: Assets/Universal Sound FX/EXPLOSIONS/Arcade/EXPLOSION_Arcade_08_mono.wav
  artifactKey: Guid(843290adb09314c4f9939a61e4182cca) Importer(815301076,1909f56bfc062723c751e8b465ee728b)
Start importing Assets/Universal Sound FX/EXPLOSIONS/Arcade/EXPLOSION_Arcade_08_mono.wav using Guid(843290adb09314c4f9939a61e4182cca) Importer(815301076,1909f56bfc062723c751e8b465ee728b)  -> (artifact id: 'f87015328419d11df97cc428c77c7a1e') in 0.013224 seconds
Number of updated asset objects reloaded before import = 0
Number of asset objects unloaded after import = 2
========================================================================
Received Import Request.
  Time since last request: 0.007595 seconds.
  path: Assets/Universal Sound FX/EXPLOSIONS/Arcade/EXPLOSION_Arcade_11_mono.wav
  artifactKey: Guid(3e97643727e147c4ebd21060b0050abb) Importer(815301076,1909f56bfc062723c751e8b465ee728b)
Start importing Assets/Universal Sound FX/EXPLOSIONS/Arcade/EXPLOSION_Arcade_11_mono.wav using Guid(3e97643727e147c4ebd21060b0050abb) Importer(815301076,1909f56bfc062723c751e8b465ee728b)  -> (artifact id: 'fd953b05e72f150d6617fee7a941ab90') in 0.014252 seconds
Number of updated asset objects reloaded before import = 0
Number of asset objects unloaded after import = 2
========================================================================
Received Import Request.
  Time since last request: 0.005952 seconds.
  path: Assets/Universal Sound FX/EXPLOSIONS/Arcade/EXPLOSION_Arcade_14_mono.wav
  artifactKey: Guid(7619cb365ec8f9047ac1fde0d42edc0c) Importer(815301076,1909f56bfc062723c751e8b465ee728b)
Start importing Assets/Universal Sound FX/EXPLOSIONS/Arcade/EXPLOSION_Arcade_14_mono.wav using Guid(7619cb365ec8f9047ac1fde0d42edc0c) Importer(815301076,1909f56bfc062723c751e8b465ee728b)  -> (artifact id: '27450001240169e581f5e35ae1fca495') in 0.014878 seconds
Number of updated asset objects reloaded before import = 0
Number of asset objects unloaded after import = 2
========================================================================
Received Import Request.
  Time since last request: 0.004111 seconds.
  path: Assets/Universal Sound FX/EXPLOSIONS/Arcade/EXPLOSION_Arcade_17_mono.wav
  artifactKey: Guid(f0007618a61d86f4090707d2dad28db7) Importer(815301076,1909f56bfc062723c751e8b465ee728b)
Start importing Assets/Universal Sound FX/EXPLOSIONS/Arcade/EXPLOSION_Arcade_17_mono.wav using Guid(f0007618a61d86f4090707d2dad28db7) Importer(815301076,1909f56bfc062723c751e8b465ee728b)  -> (artifact id: 'caad690d5086614ab3cf0da6bea5068d') in 0.012997 seconds
Number of updated asset objects reloaded before import = 0
Number of asset objects unloaded after import = 2
========================================================================
Received Import Request.
  Time since last request: 0.001271 seconds.
  path: Assets/Universal Sound FX/EXPLOSIONS/Arcade/EXPLOSION_Arcade_20_mono.wav
  artifactKey: Guid(aefa6ffa0bde0a94489d00a925c7cde4) Importer(815301076,1909f56bfc062723c751e8b465ee728b)
Start importing Assets/Universal Sound FX/EXPLOSIONS/Arcade/EXPLOSION_Arcade_20_mono.wav using Guid(aefa6ffa0bde0a94489d00a925c7cde4) Importer(815301076,1909f56bfc062723c751e8b465ee728b)  -> (artifact id: 'ad65345349444aa81e72e2d5f020f8fc') in 0.012175 seconds
Number of updated asset objects reloaded before import = 0
Number of asset objects unloaded after import = 2
========================================================================
Received Import Request.
  Time since last request: 15.985725 seconds.
  path: Assets/Universal Sound FX/EXPLOSIONS/Short/EXPLOSION_Short_02_mono.wav
  artifactKey: Guid(8593cb05a69db1f49b952eb7872d5d3f) Importer(815301076,1909f56bfc062723c751e8b465ee728b)
Start importing Assets/Universal Sound FX/EXPLOSIONS/Short/EXPLOSION_Short_02_mono.wav using Guid(8593cb05a69db1f49b952eb7872d5d3f) Importer(815301076,1909f56bfc062723c751e8b465ee728b)  -> (artifact id: '80071007032b93fe093b533e15d2edd5') in 0.014593 seconds
Number of updated asset objects reloaded before import = 0
Number of asset objects unloaded after import = 2
========================================================================
Received Import Request.
  Time since last request: 0.003690 seconds.
  path: Assets/Universal Sound FX/EXPLOSIONS/Short/EXPLOSION_Short_06_mono.wav
  artifactKey: Guid(895ad4047a234514797b2b3fb49c3852) Importer(815301076,1909f56bfc062723c751e8b465ee728b)
Start importing Assets/Universal Sound FX/EXPLOSIONS/Short/EXPLOSION_Short_06_mono.wav using Guid(895ad4047a234514797b2b3fb49c3852) Importer(815301076,1909f56bfc062723c751e8b465ee728b)  -> (artifact id: 'baf3b72913956a76945e6d890cb9cf86') in 0.013083 seconds
Number of updated asset objects reloaded before import = 0
Number of asset objects unloaded after import = 2
========================================================================
Received Import Request.
  Time since last request: 0.002704 seconds.
  path: Assets/Universal Sound FX/EXPLOSIONS/Short/EXPLOSION_Short_09_mono.wav
  artifactKey: Guid(3edd66acbe26cd94c869a73515790d18) Importer(815301076,1909f56bfc062723c751e8b465ee728b)
Start importing Assets/Universal Sound FX/EXPLOSIONS/Short/EXPLOSION_Short_09_mono.wav using Guid(3edd66acbe26cd94c869a73515790d18) Importer(815301076,1909f56bfc062723c751e8b465ee728b)  -> (artifact id: '6b6e668ffb11b5fe5e2062ed8c4094a0') in 0.013359 seconds
Number of updated asset objects reloaded before import = 0
Number of asset objects unloaded after import = 2
========================================================================
Received Import Request.
  Time since last request: 0.001984 seconds.
  path: Assets/Universal Sound FX/EXPLOSIONS/Short/EXPLOSION_Short_Dark_Debris_stereo.wav
  artifactKey: Guid(31d43461da62d144c9d69404fe7999a1) Importer(815301076,1909f56bfc062723c751e8b465ee728b)
Start importing Assets/Universal Sound FX/EXPLOSIONS/Short/EXPLOSION_Short_Dark_Debris_stereo.wav using Guid(31d43461da62d144c9d69404fe7999a1) Importer(815301076,1909f56bfc062723c751e8b465ee728b)  -> (artifact id: 'eccc90755e7c2144a745d55e13938652') in 0.013796 seconds
Number of updated asset objects reloaded before import = 0
Number of asset objects unloaded after import = 2
========================================================================
Received Import Request.
  Time since last request: 0.007491 seconds.
  path: Assets/Universal Sound FX/EXPLOSIONS/Short/EXPLOSION_Short_Foof_stereo.wav
  artifactKey: Guid(b534fb69c84719b498f3e35a259fd384) Importer(815301076,1909f56bfc062723c751e8b465ee728b)
Start importing Assets/Universal Sound FX/EXPLOSIONS/Short/EXPLOSION_Short_Foof_stereo.wav using Guid(b534fb69c84719b498f3e35a259fd384) Importer(815301076,1909f56bfc062723c751e8b465ee728b)  -> (artifact id: 'e78f5be4afbb46e400d1cc072e75d575') in 0.015894 seconds
Number of updated asset objects reloaded before import = 0
Number of asset objects unloaded after import = 2
========================================================================
Received Import Request.
  Time since last request: 0.008112 seconds.
  path: Assets/Universal Sound FX/EXPLOSIONS/Short/EXPLOSION_Short_Implosion_Bright_with_small_Kickback_stereo.wav
  artifactKey: Guid(9ecf47e1e218b6247b7a905b9de14f51) Importer(815301076,1909f56bfc062723c751e8b465ee728b)
Start importing Assets/Universal Sound FX/EXPLOSIONS/Short/EXPLOSION_Short_Implosion_Bright_with_small_Kickback_stereo.wav using Guid(9ecf47e1e218b6247b7a905b9de14f51) Importer(815301076,1909f56bfc062723c751e8b465ee728b)  -> (artifact id: '0e50f6157b7b08c9a5a76a97bde6084a') in 0.018985 seconds
Number of updated asset objects reloaded before import = 0
Number of asset objects unloaded after import = 2
========================================================================
Received Import Request.
  Time since last request: 0.004771 seconds.
  path: Assets/Universal Sound FX/EXPLOSIONS/Short/EXPLOSION_Short_Rapid_Muffled_stereo.wav
  artifactKey: Guid(b3743b3b8b09d404a8beead341f7bbeb) Importer(815301076,1909f56bfc062723c751e8b465ee728b)
Start importing Assets/Universal Sound FX/EXPLOSIONS/Short/EXPLOSION_Short_Rapid_Muffled_stereo.wav using Guid(b3743b3b8b09d404a8beead341f7bbeb) Importer(815301076,1909f56bfc062723c751e8b465ee728b)  -> (artifact id: '9dae2c7d5763e0beadd2c7893a0d3d85') in 0.013836 seconds
Number of updated asset objects reloaded before import = 0
Number of asset objects unloaded after import = 2
========================================================================
Received Import Request.
  Time since last request: 0.007785 seconds.
  path: Assets/Universal Sound FX/EXPLOSIONS/Short/EXPLOSION_Short_Smooth_Clean_stereo.wav
  artifactKey: Guid(9575aabc65bc0224abb0d38b829b6cfb) Importer(815301076,1909f56bfc062723c751e8b465ee728b)
Start importing Assets/Universal Sound FX/EXPLOSIONS/Short/EXPLOSION_Short_Smooth_Clean_stereo.wav using Guid(9575aabc65bc0224abb0d38b829b6cfb) Importer(815301076,1909f56bfc062723c751e8b465ee728b)  -> (artifact id: '987e0c0b0b9933999676c2279f48948b') in 0.013627 seconds
Number of updated asset objects reloaded before import = 0
Number of asset objects unloaded after import = 2
========================================================================
Received Import Request.
  Time since last request: 1.764670 seconds.
  path: Assets/Universal Sound FX/EXPLOSIONS/Short/EXPLOSION_Short_Smooth_Foof_stereo.wav
  artifactKey: Guid(3956580c455fb4d42ac51a2a0229d157) Importer(815301076,1909f56bfc062723c751e8b465ee728b)
Start importing Assets/Universal Sound FX/EXPLOSIONS/Short/EXPLOSION_Short_Smooth_Foof_stereo.wav using Guid(3956580c455fb4d42ac51a2a0229d157) Importer(815301076,1909f56bfc062723c751e8b465ee728b)  -> (artifact id: 'c2481dd92bf9cfbebfd0c2fcb9a5f269') in 0.013825 seconds
Number of updated asset objects reloaded before import = 0
Number of asset objects unloaded after import = 2
Editor requested this worker to shutdown with reason: Scaling down because of idle timeout
TcpMessagingSession - receive error: operation aborted. errorcode: 995, details: 스레드 종료 또는 응용 프로그램 요청 때문에 I/O 작업이 취소되었습니다.
AssetImportWorker is now disconnected from the server
Process exiting
Exiting without the bug reporter. Application will terminate with return code 0