Using pre-set license
Built from '2022.3/staging' branch; Version is '2022.3.22f1 (887be4894c44) revision 8944612'; Using compiler version '192829333'; Build Type 'Release'
OS: 'Windows 11  (10.0.22631) 64bit Professional' Language: 'ko' Physical Memory: 15734 MB
BatchMode: 1, IsHumanControllingUs: 0, StartBugReporterOnCrash: 0, Is64bit: 1, IsPro: 1

COMMAND LINE ARGUMENTS:
C:\Program Files\Unity\Hub\Editor\2022.3.22f1\Editor\Unity.exe
-adb2
-batchMode
-noUpm
-name
AssetImportWorker2
-projectPath
D:/Projects/PixelSquad/PixelSquadClient
-logFile
Logs/AssetImportWorker2.log
-srvPort
50845
Successfully changed project path to: D:/Projects/PixelSquad/PixelSquadClient
D:/Projects/PixelSquad/PixelSquadClient
[UnityMemory] Configuration Parameters - Can be set up in boot.config
    "memorysetup-bucket-allocator-granularity=16"
    "memorysetup-bucket-allocator-bucket-count=8"
    "memorysetup-bucket-allocator-block-size=33554432"
    "memorysetup-bucket-allocator-block-count=8"
    "memorysetup-main-allocator-block-size=16777216"
    "memorysetup-thread-allocator-block-size=16777216"
    "memorysetup-gfx-main-allocator-block-size=16777216"
    "memorysetup-gfx-thread-allocator-block-size=16777216"
    "memorysetup-cache-allocator-block-size=4194304"
    "memorysetup-typetree-allocator-block-size=2097152"
    "memorysetup-profiler-bucket-allocator-granularity=16"
    "memorysetup-profiler-bucket-allocator-bucket-count=8"
    "memorysetup-profiler-bucket-allocator-block-size=33554432"
    "memorysetup-profiler-bucket-allocator-block-count=8"
    "memorysetup-profiler-allocator-block-size=16777216"
    "memorysetup-profiler-editor-allocator-block-size=1048576"
    "memorysetup-temp-allocator-size-main=16777216"
    "memorysetup-job-temp-allocator-block-size=2097152"
    "memorysetup-job-temp-allocator-block-size-background=1048576"
    "memorysetup-job-temp-allocator-reduction-small-platforms=262144"
    "memorysetup-allocator-temp-initial-block-size-main=262144"
    "memorysetup-allocator-temp-initial-block-size-worker=262144"
    "memorysetup-temp-allocator-size-background-worker=32768"
    "memorysetup-temp-allocator-size-job-worker=262144"
    "memorysetup-temp-allocator-size-preload-manager=33554432"
    "memorysetup-temp-allocator-size-nav-mesh-worker=65536"
    "memorysetup-temp-allocator-size-audio-worker=65536"
    "memorysetup-temp-allocator-size-cloud-worker=32768"
    "memorysetup-temp-allocator-size-gi-baking-worker=262144"
    "memorysetup-temp-allocator-size-gfx=262144"
Player connection [51340] Host "[IP] 192.168.0.6 [Port] 0 [Flags] 2 [Guid] 3560392598 [EditorId] 3560392598 [Version] 1048832 [Id] WindowsEditor(7,MINUK) [Debug] 1 [PackageName] WindowsEditor [ProjectName] Editor" joined multi-casting on [225.0.0.222:54997]...

Player connection [51340] Host "[IP] 192.168.0.6 [Port] 0 [Flags] 2 [Guid] 3560392598 [EditorId] 3560392598 [Version] 1048832 [Id] WindowsEditor(7,MINUK) [Debug] 1 [PackageName] WindowsEditor [ProjectName] Editor" joined alternative multi-casting on [225.0.0.222:34997]...

[Physics::Module] Initialized MultithreadedJobDispatcher with 15 workers.
Refreshing native plugins compatible for Editor in 43.87 ms, found 4 plugins.
Preloading 0 native plugins for Editor in 0.00 ms.
Initialize engine version: 2022.3.22f1 (887be4894c44)
[Subsystems] Discovering subsystems at path C:/Program Files/Unity/Hub/Editor/2022.3.22f1/Editor/Data/Resources/UnitySubsystems
[Subsystems] Discovering subsystems at path D:/Projects/PixelSquad/PixelSquadClient/Assets
GfxDevice: creating device client; threaded=0; jobified=0
Direct3D:
    Version:  Direct3D 11.0 [level 11.1]
    Renderer: NVIDIA GeForce RTX 3060 Laptop GPU (ID=0x2520)
    Vendor:   NVIDIA
    VRAM:     6010 MB
    Driver:   31.0.15.4629
Initialize mono
Mono path[0] = 'C:/Program Files/Unity/Hub/Editor/2022.3.22f1/Editor/Data/Managed'
Mono path[1] = 'C:/Program Files/Unity/Hub/Editor/2022.3.22f1/Editor/Data/MonoBleedingEdge/lib/mono/unityjit-win32'
Mono config path = 'C:/Program Files/Unity/Hub/Editor/2022.3.22f1/Editor/Data/MonoBleedingEdge/etc'
Using monoOptions --debugger-agent=transport=dt_socket,embedding=1,server=y,suspend=n,address=127.0.0.1:56300
Begin MonoManager ReloadAssembly
Registering precompiled unity dll's ...
Register platform support module: C:/Program Files/Unity/Hub/Editor/2022.3.22f1/Editor/Data/PlaybackEngines/AndroidPlayer/UnityEditor.Android.Extensions.dll
Register platform support module: C:/Program Files/Unity/Hub/Editor/2022.3.22f1/Editor/Data/PlaybackEngines/WindowsStandaloneSupport/UnityEditor.WindowsStandalone.Extensions.dll
Register platform support module: C:/Program Files/Unity/Hub/Editor/2022.3.22f1/Editor/Data/PlaybackEngines/LinuxStandaloneSupport/UnityEditor.LinuxStandalone.Extensions.dll
Registered in 0.043485 seconds.
- Loaded All Assemblies, in  0.672 seconds
Native extension for LinuxStandalone target not found
Native extension for WindowsStandalone target not found
Native extension for Android target not found
Android Extension - Scanning For ADB Devices 3276 ms
Mono: successfully reloaded assembly
- Finished resetting the current domain, in  3.806 seconds
Domain Reload Profiling: 4467ms
	BeginReloadAssembly (200ms)
		ExecutionOrderSort (0ms)
		DisableScriptedObjects (0ms)
		BackupInstance (0ms)
		ReleaseScriptingObjects (0ms)
		CreateAndSetChildDomain (1ms)
	RebuildCommonClasses (48ms)
	RebuildNativeTypeToScriptingClass (15ms)
	initialDomainReloadingComplete (146ms)
	LoadAllAssembliesAndSetupDomain (252ms)
		LoadAssemblies (195ms)
		RebuildTransferFunctionScriptingTraits (0ms)
		AnalyzeDomain (245ms)
			TypeCache.Refresh (242ms)
				TypeCache.ScanAssembly (221ms)
			ScanForSourceGeneratedMonoScriptInfo (1ms)
			ResolveRequiredComponents (1ms)
	FinalizeReload (3806ms)
		ReleaseScriptCaches (0ms)
		RebuildScriptCaches (0ms)
		SetupLoadedEditorAssemblies (3714ms)
			LogAssemblyErrors (0ms)
			InitializePlatformSupportModulesInManaged (3461ms)
			SetLoadedEditorAssemblies (6ms)
			RefreshPlugins (0ms)
			BeforeProcessingInitializeOnLoad (3ms)
			ProcessInitializeOnLoadAttributes (165ms)
			ProcessInitializeOnLoadMethodAttributes (79ms)
			AfterProcessingInitializeOnLoad (0ms)
			EditorAssembliesLoaded (0ms)
		ExecutionOrderSort2 (0ms)
		AwakeInstancesAfterBackupRestoration (0ms)
========================================================================
Worker process is ready to serve import requests
Begin MonoManager ReloadAssembly
Symbol file LoadedFromMemory is not a mono symbol file
- Loaded All Assemblies, in  1.606 seconds
Refreshing native plugins compatible for Editor in 26.84 ms, found 4 plugins.
Native extension for LinuxStandalone target not found
Native extension for WindowsStandalone target not found
Native extension for Android target not found
Package Manager log level set to [2]
[Package Manager] Server::EnsureServerProcessIsRunning -- launch failed, reason: Unity was launched with the -noUpm command-line argument
[Package Manager] UpmClient::Send -- Unable to send message (not connected to UPM process).
[Package Manager] Cannot connect to Unity Package Manager local server
Mono: successfully reloaded assembly
- Finished resetting the current domain, in  1.487 seconds
Domain Reload Profiling: 3073ms
	BeginReloadAssembly (290ms)
		ExecutionOrderSort (0ms)
		DisableScriptedObjects (12ms)
		BackupInstance (0ms)
		ReleaseScriptingObjects (0ms)
		CreateAndSetChildDomain (34ms)
	RebuildCommonClasses (48ms)
	RebuildNativeTypeToScriptingClass (12ms)
	initialDomainReloadingComplete (87ms)
	LoadAllAssembliesAndSetupDomain (1148ms)
		LoadAssemblies (993ms)
		RebuildTransferFunctionScriptingTraits (0ms)
		AnalyzeDomain (341ms)
			TypeCache.Refresh (281ms)
				TypeCache.ScanAssembly (251ms)
			ScanForSourceGeneratedMonoScriptInfo (42ms)
			ResolveRequiredComponents (17ms)
	FinalizeReload (1488ms)
		ReleaseScriptCaches (0ms)
		RebuildScriptCaches (0ms)
		SetupLoadedEditorAssemblies (1235ms)
			LogAssemblyErrors (0ms)
			InitializePlatformSupportModulesInManaged (56ms)
			SetLoadedEditorAssemblies (10ms)
			RefreshPlugins (0ms)
			BeforeProcessingInitializeOnLoad (239ms)
			ProcessInitializeOnLoadAttributes (811ms)
			ProcessInitializeOnLoadMethodAttributes (91ms)
			AfterProcessingInitializeOnLoad (28ms)
			EditorAssembliesLoaded (1ms)
		ExecutionOrderSort2 (0ms)
		AwakeInstancesAfterBackupRestoration (27ms)
Launched and connected shader compiler UnityShaderCompiler.exe after 0.08 seconds
Refreshing native plugins compatible for Editor in 23.24 ms, found 4 plugins.
Preloading 0 native plugins for Editor in 0.00 ms.
Unloading 5972 Unused Serialized files (Serialized files now loaded: 0)
Unloading 108 unused Assets / (0.5 MB). Loaded Objects now: 6454.
Memory consumption went from 258.5 MB to 258.0 MB.
Total: 5.328100 ms (FindLiveObjects: 0.481800 ms CreateObjectMapping: 0.255700 ms MarkObjects: 4.236800 ms  DeleteObjects: 0.352400 ms)

AssetImportParameters requested are different than current active one (requested -> active):
  custom:container-demuxer-ogg: 62fdf1f143b41e24485cea50d1cbac27 -> 
  custom:video-decoder-ogg-theora: a1e56fd34408186e4bbccfd4996cb3dc -> 
  custom:framework-win-MediaFoundation: 216162199b28c13a410421893ffa2e32 -> 
  custom:CustomObjectIndexerAttribute: 72b91833f83ae208fae7752999fa3104 -> 
  custom:container-demuxer-webm: 4f35f7cbe854078d1ac9338744f61a02 -> 
  custom:container-muxer-webm: aa71ff27fc2769a1b78a27578f13a17b -> 
  custom:video-decoder-webm-vp8: 9c59270c3fd7afecdb556c50c9e8de78 -> 
  custom:SearchIndexIgnoredProperties: e643bd26f0fe6173181afceb89e7c659 -> 
  custom:AudioImporter_EditorPlatform: d09bf68614088b80899f8185d706f6e7 -> 
  custom:video-encoder-webm-vp8: eb34c28f22e8b96e1ab97ce403110664 -> 
  custom:audio-decoder-ogg-vorbis: bf7c407c2cedff20999df2af8eb42d56 -> 
  custom:scripting/monoscript/fileName/CFXR_UpgradeCheck.cs: ecbc382cf7f886ae36ac82906454b189 -> 
  custom:audio-encoder-webm-vorbis: bf7c407c2cedff20999df2af8eb42d56 -> 
========================================================================
Received Import Request.
  Time since last request: 165032.399555 seconds.
  path: Assets/JMO Assets/Cartoon FX Remaster/CFXR Assets/Graphics/cfxr stretch trait hdr ab nosp.mat
  artifactKey: Guid(20fdd157129f03a40ae447534dd4603c) Importer(815301076,1909f56bfc062723c751e8b465ee728b)
Start importing Assets/JMO Assets/Cartoon FX Remaster/CFXR Assets/Graphics/cfxr stretch trait hdr ab nosp.mat using Guid(20fdd157129f03a40ae447534dd4603c) Importer(815301076,1909f56bfc062723c751e8b465ee728b)  -> (artifact id: '36a46d3021cdc629012d758c265a6758') in 0.416313 seconds
Number of updated asset objects reloaded before import = 0
Number of asset objects unloaded after import = 4
========================================================================
Received Import Request.
  Time since last request: 4.183530 seconds.
  path: Assets/JMO Assets/Cartoon FX Remaster/CFXR Assets/Graphics/cfxr proc glow soft add.mat
  artifactKey: Guid(8d244b42458199344aaea0c6c77cbb90) Importer(815301076,1909f56bfc062723c751e8b465ee728b)
Start importing Assets/JMO Assets/Cartoon FX Remaster/CFXR Assets/Graphics/cfxr proc glow soft add.mat using Guid(8d244b42458199344aaea0c6c77cbb90) Importer(815301076,1909f56bfc062723c751e8b465ee728b)  -> (artifact id: 'b5b2e5ec824534d801022d8274b9ca4c') in 0.086839 seconds
Number of updated asset objects reloaded before import = 0
Number of asset objects unloaded after import = 2
========================================================================
Received Import Request.
  Time since last request: 9.306409 seconds.
  path: Assets/JMO Assets/Cartoon FX Remaster/CFXR Prefabs/Eerie/CFXR2 Skull Head Alt.prefab
  artifactKey: Guid(463cf9f7af4680240898f6aeba3fe3e6) Importer(815301076,1909f56bfc062723c751e8b465ee728b)
Start importing Assets/JMO Assets/Cartoon FX Remaster/CFXR Prefabs/Eerie/CFXR2 Skull Head Alt.prefab using Guid(463cf9f7af4680240898f6aeba3fe3e6) Importer(815301076,1909f56bfc062723c751e8b465ee728b)  -> (artifact id: '1f263eb9e6afced6654713ab151ed6e1') in 0.129681 seconds
Number of updated asset objects reloaded before import = 0
Number of asset objects unloaded after import = 11
========================================================================
Received Import Request.
  Time since last request: 1.344240 seconds.
  path: Assets/JMO Assets/Cartoon FX Remaster/CFXR Assets/Graphics/cfxr skull dissolve ab.mat
  artifactKey: Guid(16b22ff79ad97474eb609b48400ecf22) Importer(815301076,1909f56bfc062723c751e8b465ee728b)
Start importing Assets/JMO Assets/Cartoon FX Remaster/CFXR Assets/Graphics/cfxr skull dissolve ab.mat using Guid(16b22ff79ad97474eb609b48400ecf22) Importer(815301076,1909f56bfc062723c751e8b465ee728b)  -> (artifact id: '72d233426dc4633d66cbfdb572457081') in 0.018766 seconds
Number of updated asset objects reloaded before import = 0
Number of asset objects unloaded after import = 4
========================================================================
Received Import Request.
  Time since last request: 3.629967 seconds.
  path: Assets/JMO Assets/Cartoon FX Remaster/CFXR Prefabs/Explosions
  artifactKey: Guid(a9a6a5d83e63df44d8746e20ca938c0d) Importer(815301076,1909f56bfc062723c751e8b465ee728b)
Start importing Assets/JMO Assets/Cartoon FX Remaster/CFXR Prefabs/Explosions using Guid(a9a6a5d83e63df44d8746e20ca938c0d) Importer(815301076,1909f56bfc062723c751e8b465ee728b)  -> (artifact id: '2ef4dbd8413247d7b3cbccaa97574757') in 0.000867 seconds
Number of updated asset objects reloaded before import = 0
Number of asset objects unloaded after import = 0
========================================================================
Received Import Request.
  Time since last request: 0.040618 seconds.
  path: Assets/JMO Assets/Cartoon FX Remaster/CFXR Prefabs/Explosions/CFXR Explosion 1.prefab
  artifactKey: Guid(3ef3ae421f71c5c4e97fe12dc2fc6312) Importer(815301076,1909f56bfc062723c751e8b465ee728b)
Start importing Assets/JMO Assets/Cartoon FX Remaster/CFXR Prefabs/Explosions/CFXR Explosion 1.prefab using Guid(3ef3ae421f71c5c4e97fe12dc2fc6312) Importer(815301076,1909f56bfc062723c751e8b465ee728b)  -> (artifact id: '04bea7138ca65ef190929da02e007337') in 0.308636 seconds
Number of updated asset objects reloaded before import = 0
Number of asset objects unloaded after import = 42
========================================================================
Received Import Request.
  Time since last request: 1.460571 seconds.
  path: Assets/JMO Assets/Cartoon FX Remaster/CFXR Assets/Graphics/cfxr spikes impact mesh.asset
  artifactKey: Guid(928806a91d0b01541aa11e36bb755ab7) Importer(815301076,1909f56bfc062723c751e8b465ee728b)
Start importing Assets/JMO Assets/Cartoon FX Remaster/CFXR Assets/Graphics/cfxr spikes impact mesh.asset using Guid(928806a91d0b01541aa11e36bb755ab7) Importer(815301076,1909f56bfc062723c751e8b465ee728b)  -> (artifact id: 'ef10fa362597e948815ab8ad1df0c6da') in 0.141854 seconds
Number of updated asset objects reloaded before import = 0
Number of asset objects unloaded after import = 2
========================================================================
Received Import Request.
  Time since last request: 25.383093 seconds.
  path: Assets/JMO Assets/Cartoon FX Remaster/CFXR Assets/Graphics/cfxr smoke cloud x4 second color ab.mat
  artifactKey: Guid(ec1892961c3d27347b1ed3a3cb5f854e) Importer(815301076,1909f56bfc062723c751e8b465ee728b)
Start importing Assets/JMO Assets/Cartoon FX Remaster/CFXR Assets/Graphics/cfxr smoke cloud x4 second color ab.mat using Guid(ec1892961c3d27347b1ed3a3cb5f854e) Importer(815301076,1909f56bfc062723c751e8b465ee728b)  -> (artifact id: '4fb52947a32f43a574052e08411211b1') in 0.056004 seconds
Number of updated asset objects reloaded before import = 0
Number of asset objects unloaded after import = 5
========================================================================
Received Import Request.
  Time since last request: 3.345980 seconds.
  path: Assets/JMO Assets/Cartoon FX Remaster/CFXR Prefabs/Fire
  artifactKey: Guid(d5a3cc750446bda488ff925846e06a98) Importer(815301076,1909f56bfc062723c751e8b465ee728b)
Start importing Assets/JMO Assets/Cartoon FX Remaster/CFXR Prefabs/Fire using Guid(d5a3cc750446bda488ff925846e06a98) Importer(815301076,1909f56bfc062723c751e8b465ee728b)  -> (artifact id: 'a3749425c8612e3ebd6ebfa7eafd4cb8') in 0.000875 seconds
Number of updated asset objects reloaded before import = 0
Number of asset objects unloaded after import = 0
========================================================================
Received Import Request.
  Time since last request: 0.042607 seconds.
  path: Assets/JMO Assets/Cartoon FX Remaster/CFXR Prefabs/Fire/CFXR Fire.prefab
  artifactKey: Guid(043176b6a68be2b43b073aaaa4782c7d) Importer(815301076,1909f56bfc062723c751e8b465ee728b)
Start importing Assets/JMO Assets/Cartoon FX Remaster/CFXR Prefabs/Fire/CFXR Fire.prefab using Guid(043176b6a68be2b43b073aaaa4782c7d) Importer(815301076,1909f56bfc062723c751e8b465ee728b)  -> (artifact id: '1874fc5f98f0da47f8917a3ea5b5eb28') in 0.029410 seconds
Number of updated asset objects reloaded before import = 0
Number of asset objects unloaded after import = 28
========================================================================
Received Import Request.
  Time since last request: 0.003867 seconds.
  path: Assets/JMO Assets/Cartoon FX Remaster/CFXR Prefabs/Fire/CFXR3 Hit Fire B (Air).prefab
  artifactKey: Guid(3ed0d324122d7b24eaec75c55c74aafc) Importer(815301076,1909f56bfc062723c751e8b465ee728b)
Start importing Assets/JMO Assets/Cartoon FX Remaster/CFXR Prefabs/Fire/CFXR3 Hit Fire B (Air).prefab using Guid(3ed0d324122d7b24eaec75c55c74aafc) Importer(815301076,1909f56bfc062723c751e8b465ee728b)  -> (artifact id: '09762f763bc32e8282a3303e3c22715c') in 0.160046 seconds
Number of updated asset objects reloaded before import = 0
Number of asset objects unloaded after import = 21
========================================================================
Received Import Request.
  Time since last request: 0.767314 seconds.
  path: Assets/JMO Assets/Cartoon FX Remaster/CFXR Assets/Meshes/cfxr mesh star4.fbx
  artifactKey: Guid(a3e854b0e6a2a7d48ad61e15d33575de) Importer(815301076,1909f56bfc062723c751e8b465ee728b)
Start importing Assets/JMO Assets/Cartoon FX Remaster/CFXR Assets/Meshes/cfxr mesh star4.fbx using Guid(a3e854b0e6a2a7d48ad61e15d33575de) Importer(815301076,1909f56bfc062723c751e8b465ee728b)  -> (artifact id: 'a8a2088659ea161ffb145af7209110e6') in 0.028788 seconds
Number of updated asset objects reloaded before import = 0
Number of asset objects unloaded after import = 8
========================================================================
Received Import Request.
  Time since last request: 4.513264 seconds.
  path: Assets/JMO Assets/Cartoon FX Remaster/CFXR Assets/Graphics/cfxr fire circle plain hdr ab.mat
  artifactKey: Guid(900acfa037f7a0242b5afdeea8ff53bc) Importer(815301076,1909f56bfc062723c751e8b465ee728b)
Start importing Assets/JMO Assets/Cartoon FX Remaster/CFXR Assets/Graphics/cfxr fire circle plain hdr ab.mat using Guid(900acfa037f7a0242b5afdeea8ff53bc) Importer(815301076,1909f56bfc062723c751e8b465ee728b)  -> (artifact id: 'a43ed516a498596e8e1aa6bcd0ae2eee') in 0.096423 seconds
Number of updated asset objects reloaded before import = 0
Number of asset objects unloaded after import = 4
========================================================================
Received Import Request.
  Time since last request: 4.477989 seconds.
  path: Assets/JMO Assets/Cartoon FX Remaster/CFXR Assets/Graphics/cfxr stretch fire crisp fade hdr ab.mat
  artifactKey: Guid(2e32f93f5ce765e47b0cabd37ce2b73d) Importer(815301076,1909f56bfc062723c751e8b465ee728b)
Start importing Assets/JMO Assets/Cartoon FX Remaster/CFXR Assets/Graphics/cfxr stretch fire crisp fade hdr ab.mat using Guid(2e32f93f5ce765e47b0cabd37ce2b73d) Importer(815301076,1909f56bfc062723c751e8b465ee728b)  -> (artifact id: 'a7dc60b0bb8fd6b633212a05dc25e8f7') in 0.013903 seconds
Number of updated asset objects reloaded before import = 0
Number of asset objects unloaded after import = 5
========================================================================
Received Import Request.
  Time since last request: 3.105076 seconds.
  path: Assets/JMO Assets/Cartoon FX Remaster/CFXR Prefabs/Ice
  artifactKey: Guid(f91cb676730a3474ca297195cf0fa283) Importer(815301076,1909f56bfc062723c751e8b465ee728b)
Start importing Assets/JMO Assets/Cartoon FX Remaster/CFXR Prefabs/Ice using Guid(f91cb676730a3474ca297195cf0fa283) Importer(815301076,1909f56bfc062723c751e8b465ee728b)  -> (artifact id: '9d4cdcd513d1518647084cba47b81762') in 0.000856 seconds
Number of updated asset objects reloaded before import = 0
Number of asset objects unloaded after import = 0
========================================================================
Received Import Request.
  Time since last request: 0.039639 seconds.
  path: Assets/JMO Assets/Cartoon FX Remaster/CFXR Prefabs/Ice/CFXR3 Hit Ice B (Air).prefab
  artifactKey: Guid(6f34ef0d986e9db4199cf75805f79753) Importer(815301076,1909f56bfc062723c751e8b465ee728b)
Start importing Assets/JMO Assets/Cartoon FX Remaster/CFXR Prefabs/Ice/CFXR3 Hit Ice B (Air).prefab using Guid(6f34ef0d986e9db4199cf75805f79753) Importer(815301076,1909f56bfc062723c751e8b465ee728b)  -> (artifact id: 'ec4c5478ce5df56dd015d6dd2ce32917') in 0.339709 seconds
Number of updated asset objects reloaded before import = 0
Number of asset objects unloaded after import = 41
========================================================================
Received Import Request.
  Time since last request: 2.397669 seconds.
  path: Assets/JMO Assets/Cartoon FX Remaster/CFXR Prefabs/Impacts
  artifactKey: Guid(5e6e7335e96924042b46afab21a2df71) Importer(815301076,1909f56bfc062723c751e8b465ee728b)
Start importing Assets/JMO Assets/Cartoon FX Remaster/CFXR Prefabs/Impacts using Guid(5e6e7335e96924042b46afab21a2df71) Importer(815301076,1909f56bfc062723c751e8b465ee728b)  -> (artifact id: 'aa07b8131f41bc529b42e299da5a9776') in 0.001051 seconds
Number of updated asset objects reloaded before import = 0
Number of asset objects unloaded after import = 0
========================================================================
Received Import Request.
  Time since last request: 0.046436 seconds.
  path: Assets/JMO Assets/Cartoon FX Remaster/CFXR Prefabs/Impacts/CFXR Hit A (Red).prefab
  artifactKey: Guid(5c755f9bc5253ea418e919994537dcc7) Importer(815301076,1909f56bfc062723c751e8b465ee728b)
Start importing Assets/JMO Assets/Cartoon FX Remaster/CFXR Prefabs/Impacts/CFXR Hit A (Red).prefab using Guid(5c755f9bc5253ea418e919994537dcc7) Importer(815301076,1909f56bfc062723c751e8b465ee728b)  -> (artifact id: '0027efdc1ca2570ba5da2ef482678c1f') in 0.022685 seconds
Number of updated asset objects reloaded before import = 0
Number of asset objects unloaded after import = 39
========================================================================
Received Import Request.
  Time since last request: 0.009393 seconds.
  path: Assets/JMO Assets/Cartoon FX Remaster/CFXR Prefabs/Impacts/CFXR2 Ground Hit.prefab
  artifactKey: Guid(87ee7299dd44ed747af24dbb91bcd33b) Importer(815301076,1909f56bfc062723c751e8b465ee728b)
Start importing Assets/JMO Assets/Cartoon FX Remaster/CFXR Prefabs/Impacts/CFXR2 Ground Hit.prefab using Guid(87ee7299dd44ed747af24dbb91bcd33b) Importer(815301076,1909f56bfc062723c751e8b465ee728b)  -> (artifact id: 'c8aeb59d0dfafabf43c160ff73d054b2') in 0.115397 seconds
Number of updated asset objects reloaded before import = 0
Number of asset objects unloaded after import = 17
========================================================================
Received Import Request.
  Time since last request: 0.869468 seconds.
  path: Assets/JMO Assets/Cartoon FX Remaster/CFXR Assets/Graphics/cfxr stretch triangle to diamond add.mat
  artifactKey: Guid(6736a9c9adab91a48960113bc5758c7b) Importer(815301076,1909f56bfc062723c751e8b465ee728b)
Start importing Assets/JMO Assets/Cartoon FX Remaster/CFXR Assets/Graphics/cfxr stretch triangle to diamond add.mat using Guid(6736a9c9adab91a48960113bc5758c7b) Importer(815301076,1909f56bfc062723c751e8b465ee728b)  -> (artifact id: 'b2498a3aeb21d8f1662cec69d68110ba') in 0.015665 seconds
Number of updated asset objects reloaded before import = 0
Number of asset objects unloaded after import = 4
========================================================================
Received Import Request.
  Time since last request: 6.715418 seconds.
  path: Assets/JMO Assets/Cartoon FX Remaster/CFXR Assets/Graphics/cfxr stretch triangle smooth add.mat
  artifactKey: Guid(9c0d180acd07ffd4183763050b4d1d22) Importer(815301076,1909f56bfc062723c751e8b465ee728b)
Start importing Assets/JMO Assets/Cartoon FX Remaster/CFXR Assets/Graphics/cfxr stretch triangle smooth add.mat using Guid(9c0d180acd07ffd4183763050b4d1d22) Importer(815301076,1909f56bfc062723c751e8b465ee728b)  -> (artifact id: '31d39b28e53de0b7da4f6798cdc0ddfd') in 0.013577 seconds
Number of updated asset objects reloaded before import = 0
Number of asset objects unloaded after import = 4
========================================================================
Received Import Request.
  Time since last request: 3.185568 seconds.
  path: Assets/JMO Assets/Cartoon FX Remaster/CFXR Assets/Graphics/cfxr stretch triangle smooth nosp add.mat
  artifactKey: Guid(d94053f8609f0e14aadb270ec29d672f) Importer(815301076,1909f56bfc062723c751e8b465ee728b)
Start importing Assets/JMO Assets/Cartoon FX Remaster/CFXR Assets/Graphics/cfxr stretch triangle smooth nosp add.mat using Guid(d94053f8609f0e14aadb270ec29d672f) Importer(815301076,1909f56bfc062723c751e8b465ee728b)  -> (artifact id: '4c7218aaba953b666a2d1b9afe914e0e') in 0.051717 seconds
Number of updated asset objects reloaded before import = 0
Number of asset objects unloaded after import = 4
========================================================================
Received Import Request.
  Time since last request: 9.075485 seconds.
  path: Assets/JMO Assets/Cartoon FX Remaster/CFXR Prefabs/Light
  artifactKey: Guid(78ded8084a398af4595397de2be10b50) Importer(815301076,1909f56bfc062723c751e8b465ee728b)
Start importing Assets/JMO Assets/Cartoon FX Remaster/CFXR Prefabs/Light using Guid(78ded8084a398af4595397de2be10b50) Importer(815301076,1909f56bfc062723c751e8b465ee728b)  -> (artifact id: '5d0e12b52a2280ef6fc11d7a3c239149') in 0.000845 seconds
Number of updated asset objects reloaded before import = 0
Number of asset objects unloaded after import = 0
========================================================================
Received Import Request.
  Time since last request: 0.039570 seconds.
  path: Assets/JMO Assets/Cartoon FX Remaster/CFXR Prefabs/Light/CFXR3 Hit Light B (Air).prefab
  artifactKey: Guid(bbf9e36a48d6c5648a13889afab076fd) Importer(815301076,1909f56bfc062723c751e8b465ee728b)
Start importing Assets/JMO Assets/Cartoon FX Remaster/CFXR Prefabs/Light/CFXR3 Hit Light B (Air).prefab using Guid(bbf9e36a48d6c5648a13889afab076fd) Importer(815301076,1909f56bfc062723c751e8b465ee728b)  -> (artifact id: 'c4af7e6853aa9861741b722d8af72a17') in 0.025929 seconds
Number of updated asset objects reloaded before import = 0
Number of asset objects unloaded after import = 28
========================================================================
Received Import Request.
  Time since last request: 1.167244 seconds.
  path: Assets/JMO Assets/Cartoon FX Remaster/CFXR Assets/Graphics/cfxr magic star mesh.asset
  artifactKey: Guid(bd8a92b47db41f644ae7188f06a986a2) Importer(815301076,1909f56bfc062723c751e8b465ee728b)
Start importing Assets/JMO Assets/Cartoon FX Remaster/CFXR Assets/Graphics/cfxr magic star mesh.asset using Guid(bd8a92b47db41f644ae7188f06a986a2) Importer(815301076,1909f56bfc062723c751e8b465ee728b)  -> (artifact id: 'ef85e747f2bac49186c490970add3f31') in 0.010289 seconds
Number of updated asset objects reloaded before import = 0
Number of asset objects unloaded after import = 2
========================================================================
Received Import Request.
  Time since last request: 5.727279 seconds.
  path: Assets/JMO Assets/Cartoon FX Remaster/CFXR Prefabs/Liquids
  artifactKey: Guid(631b20851999de84187f9db69519b871) Importer(815301076,1909f56bfc062723c751e8b465ee728b)
Start importing Assets/JMO Assets/Cartoon FX Remaster/CFXR Prefabs/Liquids using Guid(631b20851999de84187f9db69519b871) Importer(815301076,1909f56bfc062723c751e8b465ee728b)  -> (artifact id: '4acafc55d8e0408d02619570bf9a3593') in 0.000798 seconds
Number of updated asset objects reloaded before import = 0
Number of asset objects unloaded after import = 0
========================================================================
Received Import Request.
  Time since last request: 0.027337 seconds.
  path: Assets/JMO Assets/Cartoon FX Remaster/CFXR Prefabs/Liquids/CFXR Water Ripples.prefab
  artifactKey: Guid(5a8d99fb95262ea458a7b580f2a1611c) Importer(815301076,1909f56bfc062723c751e8b465ee728b)
Start importing Assets/JMO Assets/Cartoon FX Remaster/CFXR Prefabs/Liquids/CFXR Water Ripples.prefab using Guid(5a8d99fb95262ea458a7b580f2a1611c) Importer(815301076,1909f56bfc062723c751e8b465ee728b)  -> (artifact id: '023cbdc6ac00643d5e251c5a6374d338') in 0.111032 seconds
Number of updated asset objects reloaded before import = 0
Number of asset objects unloaded after import = 11
========================================================================
Received Import Request.
  Time since last request: 0.000024 seconds.
  path: Assets/JMO Assets/Cartoon FX Remaster/CFXR Prefabs/Liquids/CFXR2 Blood Shape Splash.prefab
  artifactKey: Guid(15483e51212e3d74886ea57291f4639a) Importer(815301076,1909f56bfc062723c751e8b465ee728b)
Start importing Assets/JMO Assets/Cartoon FX Remaster/CFXR Prefabs/Liquids/CFXR2 Blood Shape Splash.prefab using Guid(15483e51212e3d74886ea57291f4639a) Importer(815301076,1909f56bfc062723c751e8b465ee728b)  -> (artifact id: 'a88ad5406f424b3dcbd0db93de9907d4') in 0.071088 seconds
Number of updated asset objects reloaded before import = 0
Number of asset objects unloaded after import = 21
========================================================================
Received Import Request.
  Time since last request: 0.654482 seconds.
  path: Assets/JMO Assets/Cartoon FX Remaster/CFXR Assets/Meshes/cfxr ring mesh local space smoother.asset
  artifactKey: Guid(72b4aba81b7370a4e966fe9b365b8b19) Importer(815301076,1909f56bfc062723c751e8b465ee728b)
Start importing Assets/JMO Assets/Cartoon FX Remaster/CFXR Assets/Meshes/cfxr ring mesh local space smoother.asset using Guid(72b4aba81b7370a4e966fe9b365b8b19) Importer(815301076,1909f56bfc062723c751e8b465ee728b)  -> (artifact id: '2e10ef84fa9f5481bcb3111a678aab99') in 0.017044 seconds
Number of updated asset objects reloaded before import = 0
Number of asset objects unloaded after import = 2
========================================================================
Received Import Request.
  Time since last request: 3.784965 seconds.
  path: Assets/JMO Assets/Cartoon FX Remaster/CFXR Assets/Graphics/cfxr water small splash stretch nosp ab.mat
  artifactKey: Guid(e9a9e8bac511e0f40935dbea31a91a3d) Importer(815301076,1909f56bfc062723c751e8b465ee728b)
Start importing Assets/JMO Assets/Cartoon FX Remaster/CFXR Assets/Graphics/cfxr water small splash stretch nosp ab.mat using Guid(e9a9e8bac511e0f40935dbea31a91a3d) Importer(815301076,1909f56bfc062723c751e8b465ee728b)  -> (artifact id: '72fb4c384ae1148a35a941acd038fc5f') in 0.014160 seconds
Number of updated asset objects reloaded before import = 0
Number of asset objects unloaded after import = 3
========================================================================
Received Import Request.
  Time since last request: 1.176070 seconds.
  path: Assets/JMO Assets/Cartoon FX Remaster/CFXR Assets/Graphics/cfxr proc glow crisp ab.mat
  artifactKey: Guid(906ae4d407ec09644b01a6902dbb9ea6) Importer(815301076,1909f56bfc062723c751e8b465ee728b)
Start importing Assets/JMO Assets/Cartoon FX Remaster/CFXR Assets/Graphics/cfxr proc glow crisp ab.mat using Guid(906ae4d407ec09644b01a6902dbb9ea6) Importer(815301076,1909f56bfc062723c751e8b465ee728b)  -> (artifact id: '44ea15bb441b93c3700583e187c9887e') in 0.011162 seconds
Number of updated asset objects reloaded before import = 0
Number of asset objects unloaded after import = 2
========================================================================
Received Import Request.
  Time since last request: 1.031133 seconds.
  path: Assets/JMO Assets/Cartoon FX Remaster/CFXR Assets/Graphics/cfxr blood splash mesh.asset
  artifactKey: Guid(03b90fa8ed1d4104abc8b7431ab290e6) Importer(815301076,1909f56bfc062723c751e8b465ee728b)
Start importing Assets/JMO Assets/Cartoon FX Remaster/CFXR Assets/Graphics/cfxr blood splash mesh.asset using Guid(03b90fa8ed1d4104abc8b7431ab290e6) Importer(815301076,1909f56bfc062723c751e8b465ee728b)  -> (artifact id: '76a1ab8518438ae3cb8aacacdb151709') in 0.010693 seconds
Number of updated asset objects reloaded before import = 0
Number of asset objects unloaded after import = 2
========================================================================
Received Import Request.
  Time since last request: 1.011148 seconds.
  path: Assets/JMO Assets/Cartoon FX Remaster/CFXR Assets/Graphics/cfxr bubble 2 ab.mat
  artifactKey: Guid(21417cf5ab018164f9d28d2e35ad8cb7) Importer(815301076,1909f56bfc062723c751e8b465ee728b)
Start importing Assets/JMO Assets/Cartoon FX Remaster/CFXR Assets/Graphics/cfxr bubble 2 ab.mat using Guid(21417cf5ab018164f9d28d2e35ad8cb7) Importer(815301076,1909f56bfc062723c751e8b465ee728b)  -> (artifact id: '4042c593612ed7a6af7b355447a50c1a') in 0.012939 seconds
Number of updated asset objects reloaded before import = 0
Number of asset objects unloaded after import = 3
========================================================================
Received Import Request.
  Time since last request: 3.089615 seconds.
  path: Assets/JMO Assets/Cartoon FX Remaster/CFXR Prefabs/Magic Misc
  artifactKey: Guid(561fe31af99b55845861a78732e48c0c) Importer(815301076,1909f56bfc062723c751e8b465ee728b)
Start importing Assets/JMO Assets/Cartoon FX Remaster/CFXR Prefabs/Magic Misc using Guid(561fe31af99b55845861a78732e48c0c) Importer(815301076,1909f56bfc062723c751e8b465ee728b)  -> (artifact id: 'dde349a36a4233065f1e02c88d35e870') in 0.000974 seconds
Number of updated asset objects reloaded before import = 0
Number of asset objects unloaded after import = 0
========================================================================
Received Import Request.
  Time since last request: 0.038692 seconds.
  path: Assets/JMO Assets/Cartoon FX Remaster/CFXR Prefabs/Magic Misc/CFXR3 Magic Aura A (Runic).prefab
  artifactKey: Guid(a71be3e7990efb040a07565c43cbb198) Importer(815301076,1909f56bfc062723c751e8b465ee728b)
Start importing Assets/JMO Assets/Cartoon FX Remaster/CFXR Prefabs/Magic Misc/CFXR3 Magic Aura A (Runic).prefab using Guid(a71be3e7990efb040a07565c43cbb198) Importer(815301076,1909f56bfc062723c751e8b465ee728b)  -> (artifact id: '7ae38a9ce170d7211d7cd1b390a8d4ac') in 0.021317 seconds
Number of updated asset objects reloaded before import = 0
Number of asset objects unloaded after import = 30
========================================================================
Received Import Request.
  Time since last request: 2.576094 seconds.
  path: Assets/JMO Assets/Cartoon FX Remaster/CFXR Assets/Graphics/cfxr proc glow soft hdr ab.mat
  artifactKey: Guid(f6516bbddb2a0474cad423886d0f904c) Importer(815301076,1909f56bfc062723c751e8b465ee728b)
Start importing Assets/JMO Assets/Cartoon FX Remaster/CFXR Assets/Graphics/cfxr proc glow soft hdr ab.mat using Guid(f6516bbddb2a0474cad423886d0f904c) Importer(815301076,1909f56bfc062723c751e8b465ee728b)  -> (artifact id: 'e77d97d6b099e7465686c19a6647991a') in 0.040906 seconds
Number of updated asset objects reloaded before import = 0
Number of asset objects unloaded after import = 2
========================================================================
Received Import Request.
  Time since last request: 5.920370 seconds.
  path: Assets/JMO Assets/Cartoon FX Remaster/CFXR Prefabs/Misc
  artifactKey: Guid(d38ad60e62a2f954e9ca6d5b3203cc21) Importer(815301076,1909f56bfc062723c751e8b465ee728b)
Start importing Assets/JMO Assets/Cartoon FX Remaster/CFXR Prefabs/Misc using Guid(d38ad60e62a2f954e9ca6d5b3203cc21) Importer(815301076,1909f56bfc062723c751e8b465ee728b)  -> (artifact id: '8e9e26e65894e2320180ababb3d089c5') in 0.000768 seconds
Number of updated asset objects reloaded before import = 0
Number of asset objects unloaded after import = 0
========================================================================
Received Import Request.
  Time since last request: 0.042670 seconds.
  path: Assets/JMO Assets/Cartoon FX Remaster/CFXR Prefabs/Misc/CFXR Flash.prefab
  artifactKey: Guid(59a35ab9f68edff40b6e5332bed330f5) Importer(815301076,1909f56bfc062723c751e8b465ee728b)
Start importing Assets/JMO Assets/Cartoon FX Remaster/CFXR Prefabs/Misc/CFXR Flash.prefab using Guid(59a35ab9f68edff40b6e5332bed330f5) Importer(815301076,1909f56bfc062723c751e8b465ee728b)  -> (artifact id: '791c781f181047f782d6297e388ded27') in 0.016826 seconds
Number of updated asset objects reloaded before import = 0
Number of asset objects unloaded after import = 30
========================================================================
Received Import Request.
  Time since last request: 0.001575 seconds.
  path: Assets/JMO Assets/Cartoon FX Remaster/CFXR Prefabs/Misc/CFXR Smoke Source 3D.prefab
  artifactKey: Guid(e509867be4f82f246a95eca1ee5a2d61) Importer(815301076,1909f56bfc062723c751e8b465ee728b)
Start importing Assets/JMO Assets/Cartoon FX Remaster/CFXR Prefabs/Misc/CFXR Smoke Source 3D.prefab using Guid(e509867be4f82f246a95eca1ee5a2d61) Importer(815301076,1909f56bfc062723c751e8b465ee728b)  -> (artifact id: '4378471020200c4cccd4ceea47a39771') in 0.016411 seconds
Number of updated asset objects reloaded before import = 0
Number of asset objects unloaded after import = 11
========================================================================
Received Import Request.
  Time since last request: 0.002378 seconds.
  path: Assets/JMO Assets/Cartoon FX Remaster/CFXR Prefabs/Misc/CFXR2 Cartoon Fight (Loop).prefab
  artifactKey: Guid(90375796f996bff4cabed66da5e558cb) Importer(815301076,1909f56bfc062723c751e8b465ee728b)
Start importing Assets/JMO Assets/Cartoon FX Remaster/CFXR Prefabs/Misc/CFXR2 Cartoon Fight (Loop).prefab using Guid(90375796f996bff4cabed66da5e558cb) Importer(815301076,1909f56bfc062723c751e8b465ee728b)  -> (artifact id: 'c8a33d4f4980e8b85835101821b6e508') in 0.031294 seconds
Number of updated asset objects reloaded before import = 0
Number of asset objects unloaded after import = 27
========================================================================
Received Import Request.
  Time since last request: 0.000024 seconds.
  path: Assets/JMO Assets/Cartoon FX Remaster/CFXR Prefabs/Misc/CFXR2 Shiny Item (Loop).prefab
  artifactKey: Guid(e2c1ac940434a5242b54d72b66654687) Importer(815301076,1909f56bfc062723c751e8b465ee728b)
Start importing Assets/JMO Assets/Cartoon FX Remaster/CFXR Prefabs/Misc/CFXR2 Shiny Item (Loop).prefab using Guid(e2c1ac940434a5242b54d72b66654687) Importer(815301076,1909f56bfc062723c751e8b465ee728b)  -> (artifact id: '56d3b15a5ad7267f6185554df624a034') in 0.105387 seconds
Number of updated asset objects reloaded before import = 0
Number of asset objects unloaded after import = 26
========================================================================
Received Import Request.
  Time since last request: 0.000029 seconds.
  path: Assets/JMO Assets/Cartoon FX Remaster/CFXR Prefabs/Misc/CFXR3 Ambient Glows.prefab
  artifactKey: Guid(3801a320e9ae1bf44a14efa194c86c3f) Importer(815301076,1909f56bfc062723c751e8b465ee728b)
Start importing Assets/JMO Assets/Cartoon FX Remaster/CFXR Prefabs/Misc/CFXR3 Ambient Glows.prefab using Guid(3801a320e9ae1bf44a14efa194c86c3f) Importer(815301076,1909f56bfc062723c751e8b465ee728b)  -> (artifact id: '822d091b5b38dc9cae4a062ec977d18b') in 0.013673 seconds
Number of updated asset objects reloaded before import = 0
Number of asset objects unloaded after import = 9
========================================================================
Received Import Request.
  Time since last request: 0.703177 seconds.
  path: Assets/JMO Assets/Cartoon FX Remaster/CFXR Assets/Graphics/cfxr stretch spikes smooth x2 hdr ab.mat
  artifactKey: Guid(e78955b2cfcfa73479b0cfe8e7ba17f5) Importer(815301076,1909f56bfc062723c751e8b465ee728b)
Start importing Assets/JMO Assets/Cartoon FX Remaster/CFXR Assets/Graphics/cfxr stretch spikes smooth x2 hdr ab.mat using Guid(e78955b2cfcfa73479b0cfe8e7ba17f5) Importer(815301076,1909f56bfc062723c751e8b465ee728b)  -> (artifact id: '2a40a8015a388dc674586d36231ad507') in 0.023040 seconds
Number of updated asset objects reloaded before import = 0
Number of asset objects unloaded after import = 4
========================================================================
Received Import Request.
  Time since last request: 1.491621 seconds.
  path: Assets/JMO Assets/Cartoon FX Remaster/CFXR Assets/Graphics/cfxr smoke cloud x4 ab.mat
  artifactKey: Guid(7840d900dc0a4ed4dbcd26e23f064dd8) Importer(815301076,1909f56bfc062723c751e8b465ee728b)
Start importing Assets/JMO Assets/Cartoon FX Remaster/CFXR Assets/Graphics/cfxr smoke cloud x4 ab.mat using Guid(7840d900dc0a4ed4dbcd26e23f064dd8) Importer(815301076,1909f56bfc062723c751e8b465ee728b)  -> (artifact id: '177680014b3be73a6fed2b5f8eff3e33') in 0.015061 seconds
Number of updated asset objects reloaded before import = 0
Number of asset objects unloaded after import = 4
========================================================================
Received Import Request.
  Time since last request: 2.776010 seconds.
  path: Assets/JMO Assets/Cartoon FX Remaster/CFXR Assets/Graphics/cfxr heart break dissolve ab.mat
  artifactKey: Guid(301dce4846efde14394aa2a2b88960b1) Importer(815301076,1909f56bfc062723c751e8b465ee728b)
Start importing Assets/JMO Assets/Cartoon FX Remaster/CFXR Assets/Graphics/cfxr heart break dissolve ab.mat using Guid(301dce4846efde14394aa2a2b88960b1) Importer(815301076,1909f56bfc062723c751e8b465ee728b)  -> (artifact id: 'a00d261c3c2623e8806e02059e5cd6a2') in 0.012853 seconds
Number of updated asset objects reloaded before import = 0
Number of asset objects unloaded after import = 4
========================================================================
Received Import Request.
  Time since last request: 21.966371 seconds.
  path: Assets/JMO Assets/Cartoon FX Remaster/CFXR Assets/Graphics/cfxr stretch inv spike fade ab.mat
  artifactKey: Guid(546ab889d8c044b49b7fc3dc12ea2a58) Importer(815301076,1909f56bfc062723c751e8b465ee728b)
Start importing Assets/JMO Assets/Cartoon FX Remaster/CFXR Assets/Graphics/cfxr stretch inv spike fade ab.mat using Guid(546ab889d8c044b49b7fc3dc12ea2a58) Importer(815301076,1909f56bfc062723c751e8b465ee728b)  -> (artifact id: '53c1bd6064cf9a418727166327a2af05') in 0.013773 seconds
Number of updated asset objects reloaded before import = 0
Number of asset objects unloaded after import = 3
========================================================================
Received Import Request.
  Time since last request: 10.707624 seconds.
  path: Assets/JMO Assets/Cartoon FX Remaster/CFXR Assets/Graphics/cfxr stretch rectangle ray ab.mat
  artifactKey: Guid(d2e32673805f8974a888782e19aa2bbf) Importer(815301076,1909f56bfc062723c751e8b465ee728b)
Start importing Assets/JMO Assets/Cartoon FX Remaster/CFXR Assets/Graphics/cfxr stretch rectangle ray ab.mat using Guid(d2e32673805f8974a888782e19aa2bbf) Importer(815301076,1909f56bfc062723c751e8b465ee728b)  -> (artifact id: '11380e8e0a0459da38aada7d424f95d8') in 0.012913 seconds
Number of updated asset objects reloaded before import = 0
Number of asset objects unloaded after import = 3
========================================================================
Received Import Request.
  Time since last request: 4.837454 seconds.
  path: Assets/JMO Assets/Cartoon FX Remaster/CFXR Prefabs/Nature
  artifactKey: Guid(137c215f012a1ce459f1c59c45af5791) Importer(815301076,1909f56bfc062723c751e8b465ee728b)
Start importing Assets/JMO Assets/Cartoon FX Remaster/CFXR Prefabs/Nature using Guid(137c215f012a1ce459f1c59c45af5791) Importer(815301076,1909f56bfc062723c751e8b465ee728b)  -> (artifact id: '3e0ca6a8765ecb674d77618675e6ee4f') in 0.000805 seconds
Number of updated asset objects reloaded before import = 0
Number of asset objects unloaded after import = 0
========================================================================
Received Import Request.
  Time since last request: 0.081758 seconds.
  path: Assets/JMO Assets/Cartoon FX Remaster/CFXR Prefabs/Nature/CFXR3 Hit Leaves A (Lit).prefab
  artifactKey: Guid(ceec7516237b4104b94300043ca39784) Importer(815301076,1909f56bfc062723c751e8b465ee728b)
Start importing Assets/JMO Assets/Cartoon FX Remaster/CFXR Prefabs/Nature/CFXR3 Hit Leaves A (Lit).prefab using Guid(ceec7516237b4104b94300043ca39784) Importer(815301076,1909f56bfc062723c751e8b465ee728b)  -> (artifact id: '3383b1be29558b0d18919de3aade9016') in 0.191835 seconds
Number of updated asset objects reloaded before import = 0
Number of asset objects unloaded after import = 29
========================================================================
Received Import Request.
  Time since last request: 0.747573 seconds.
  path: Assets/JMO Assets/Cartoon FX Remaster/CFXR Assets/Meshes/cfxr mesh leave.fbx
  artifactKey: Guid(f8defa343e39b2545bf3101b50eefa17) Importer(815301076,1909f56bfc062723c751e8b465ee728b)
Start importing Assets/JMO Assets/Cartoon FX Remaster/CFXR Assets/Meshes/cfxr mesh leave.fbx using Guid(f8defa343e39b2545bf3101b50eefa17) Importer(815301076,1909f56bfc062723c751e8b465ee728b)  -> (artifact id: '5e0d50f2d415f658066a98a516df37d0') in 0.028701 seconds
Number of updated asset objects reloaded before import = 0
Number of asset objects unloaded after import = 9
========================================================================
Received Import Request.
  Time since last request: 1.309138 seconds.
  path: Assets/JMO Assets/Cartoon FX Remaster/CFXR Assets/Graphics/cfxr ember blur hdr ab.mat
  artifactKey: Guid(6cd2d08f4a4d93542aa0004bdac91566) Importer(815301076,1909f56bfc062723c751e8b465ee728b)
Start importing Assets/JMO Assets/Cartoon FX Remaster/CFXR Assets/Graphics/cfxr ember blur hdr ab.mat using Guid(6cd2d08f4a4d93542aa0004bdac91566) Importer(815301076,1909f56bfc062723c751e8b465ee728b)  -> (artifact id: '07cd7b7c37fcc13901e33b32b0ecd768') in 0.013155 seconds
Number of updated asset objects reloaded before import = 0
Number of asset objects unloaded after import = 3
========================================================================
Received Import Request.
  Time since last request: 22.388341 seconds.
  path: Assets/JMO Assets/Cartoon FX Remaster/CFXR Assets/Graphics/cfxr stretch rain blur ab.mat
  artifactKey: Guid(f2beba2f11be47c4b93abe40da54b177) Importer(815301076,1909f56bfc062723c751e8b465ee728b)
Start importing Assets/JMO Assets/Cartoon FX Remaster/CFXR Assets/Graphics/cfxr stretch rain blur ab.mat using Guid(f2beba2f11be47c4b93abe40da54b177) Importer(815301076,1909f56bfc062723c751e8b465ee728b)  -> (artifact id: '5848e252aed490919bc7693f8e1380d0') in 0.013880 seconds
Number of updated asset objects reloaded before import = 0
Number of asset objects unloaded after import = 3
========================================================================
Received Import Request.
  Time since last request: 4.142329 seconds.
  path: Assets/JMO Assets/Cartoon FX Remaster/CFXR Assets/Graphics/cfxr hidden.mat
  artifactKey: Guid(7e3ff0d2def0b2a4d88ba94ab7c3e683) Importer(815301076,1909f56bfc062723c751e8b465ee728b)
Start importing Assets/JMO Assets/Cartoon FX Remaster/CFXR Assets/Graphics/cfxr hidden.mat using Guid(7e3ff0d2def0b2a4d88ba94ab7c3e683) Importer(815301076,1909f56bfc062723c751e8b465ee728b)  -> (artifact id: 'a863e0c3e448c6e995143b715412434f') in 0.081288 seconds
Number of updated asset objects reloaded before import = 0
Number of asset objects unloaded after import = 2
========================================================================
Received Import Request.
  Time since last request: 2.179746 seconds.
  path: Assets/JMO Assets/Cartoon FX Remaster/CFXR Prefabs/Sword Trails
  artifactKey: Guid(bd7ef465e6a5aa04280e29e75a4e1dca) Importer(815301076,1909f56bfc062723c751e8b465ee728b)
Start importing Assets/JMO Assets/Cartoon FX Remaster/CFXR Prefabs/Sword Trails using Guid(bd7ef465e6a5aa04280e29e75a4e1dca) Importer(815301076,1909f56bfc062723c751e8b465ee728b)  -> (artifact id: 'd263dc083a349a68cd4d6f60832d07d4') in 0.000755 seconds
Number of updated asset objects reloaded before import = 0
Number of asset objects unloaded after import = 0
========================================================================
Received Import Request.
  Time since last request: 2.203821 seconds.
  path: Assets/JMO Assets/Cartoon FX Remaster/CFXR Prefabs/Sword Trails/Fire
  artifactKey: Guid(62ca8584f2baf0342afc99a5a8d4062a) Importer(815301076,1909f56bfc062723c751e8b465ee728b)
Start importing Assets/JMO Assets/Cartoon FX Remaster/CFXR Prefabs/Sword Trails/Fire using Guid(62ca8584f2baf0342afc99a5a8d4062a) Importer(815301076,1909f56bfc062723c751e8b465ee728b)  -> (artifact id: 'ca48cc7fc434ce11d2c7efe523792a9f') in 0.000921 seconds
Number of updated asset objects reloaded before import = 0
Number of asset objects unloaded after import = 0
========================================================================
Received Import Request.
  Time since last request: 0.055446 seconds.
  path: Assets/JMO Assets/Cartoon FX Remaster/CFXR Prefabs/Sword Trails/Fire/CFXR4 Sword Hit FIRE (Cross).prefab
  artifactKey: Guid(1fd2749f2a4056446881dce86ed70c39) Importer(815301076,1909f56bfc062723c751e8b465ee728b)
Start importing Assets/JMO Assets/Cartoon FX Remaster/CFXR Prefabs/Sword Trails/Fire/CFXR4 Sword Hit FIRE (Cross).prefab using Guid(1fd2749f2a4056446881dce86ed70c39) Importer(815301076,1909f56bfc062723c751e8b465ee728b)  -> (artifact id: 'b230d8b70752f2d3932de9e67c5636dc') in 0.159259 seconds
Number of updated asset objects reloaded before import = 0
Number of asset objects unloaded after import = 52
========================================================================
Received Import Request.
  Time since last request: 2.965271 seconds.
  path: Assets/JMO Assets/Cartoon FX Remaster/CFXR Assets/Meshes/cfxr mesh sword_slashes.fbx
  artifactKey: Guid(e82f2cbd6def7ff4c98963f706f00d3e) Importer(815301076,1909f56bfc062723c751e8b465ee728b)
Start importing Assets/JMO Assets/Cartoon FX Remaster/CFXR Assets/Meshes/cfxr mesh sword_slashes.fbx using Guid(e82f2cbd6def7ff4c98963f706f00d3e) Importer(815301076,1909f56bfc062723c751e8b465ee728b)  -> (artifact id: '7c822f3319a715539fad043d69535edd') in 0.098441 seconds
Number of updated asset objects reloaded before import = 0
Number of asset objects unloaded after import = 55
========================================================================
Received Import Request.
  Time since last request: 9.418996 seconds.
  path: Assets/JMO Assets/Cartoon FX Remaster/CFXR Prefabs/Sword Trails/Ice
  artifactKey: Guid(e012b7e800c712d4586a54cdf23237b1) Importer(815301076,1909f56bfc062723c751e8b465ee728b)
Start importing Assets/JMO Assets/Cartoon FX Remaster/CFXR Prefabs/Sword Trails/Ice using Guid(e012b7e800c712d4586a54cdf23237b1) Importer(815301076,1909f56bfc062723c751e8b465ee728b)  -> (artifact id: '70241c8c4e61edbbe6b30346e6cc67f0') in 0.000940 seconds
Number of updated asset objects reloaded before import = 0
Number of asset objects unloaded after import = 0
========================================================================
Received Import Request.
  Time since last request: 0.042837 seconds.
  path: Assets/JMO Assets/Cartoon FX Remaster/CFXR Prefabs/Sword Trails/Ice/CFXR4 Sword Hit ICE (Cross).prefab
  artifactKey: Guid(0c2509361b13505428ce788b7f846686) Importer(815301076,1909f56bfc062723c751e8b465ee728b)
Start importing Assets/JMO Assets/Cartoon FX Remaster/CFXR Prefabs/Sword Trails/Ice/CFXR4 Sword Hit ICE (Cross).prefab using Guid(0c2509361b13505428ce788b7f846686) Importer(815301076,1909f56bfc062723c751e8b465ee728b)  -> (artifact id: '3c4ccf7321e982c944a9e11ea7bf6ca9') in 0.030510 seconds
Number of updated asset objects reloaded before import = 0
Number of asset objects unloaded after import = 52
========================================================================
Received Import Request.
  Time since last request: 5.835232 seconds.
  path: Assets/JMO Assets/Cartoon FX Remaster/CFXR Prefabs/Texts
  artifactKey: Guid(814bc711f8a7cd84c92ecdf993bf1c9f) Importer(815301076,1909f56bfc062723c751e8b465ee728b)
Start importing Assets/JMO Assets/Cartoon FX Remaster/CFXR Prefabs/Texts using Guid(814bc711f8a7cd84c92ecdf993bf1c9f) Importer(815301076,1909f56bfc062723c751e8b465ee728b)  -> (artifact id: '57076fa03ff823d85039bb0974516960') in 0.000895 seconds
Number of updated asset objects reloaded before import = 0
Number of asset objects unloaded after import = 0
========================================================================
Received Import Request.
  Time since last request: 0.057383 seconds.
  path: Assets/JMO Assets/Cartoon FX Remaster/CFXR Prefabs/Texts/CFXR _BOING_.prefab
  artifactKey: Guid(cf378989e15716e40a61692dcd97e628) Importer(815301076,1909f56bfc062723c751e8b465ee728b)
Start importing Assets/JMO Assets/Cartoon FX Remaster/CFXR Prefabs/Texts/CFXR _BOING_.prefab using Guid(cf378989e15716e40a61692dcd97e628) Importer(815301076,1909f56bfc062723c751e8b465ee728b)  -> (artifact id: '7821b6e18db4ea016c3f5eee2df63a10') in 0.095311 seconds
Number of updated asset objects reloaded before import = 0
Number of asset objects unloaded after import = 99
========================================================================
Received Import Request.
  Time since last request: 0.000041 seconds.
  path: Assets/JMO Assets/Cartoon FX Remaster/CFXR Prefabs/Texts/CFXR3 _WOW_.prefab
  artifactKey: Guid(1e54877675f6e4a46ad7ca7c4d7a5bf6) Importer(815301076,1909f56bfc062723c751e8b465ee728b)
Start importing Assets/JMO Assets/Cartoon FX Remaster/CFXR Prefabs/Texts/CFXR3 _WOW_.prefab using Guid(1e54877675f6e4a46ad7ca7c4d7a5bf6) Importer(815301076,1909f56bfc062723c751e8b465ee728b)  -> (artifact id: 'b7e29746f693225134da94d351dde074') in 0.025859 seconds
Number of updated asset objects reloaded before import = 0
Number of asset objects unloaded after import = 95
========================================================================
Received Import Request.
  Time since last request: 0.000044 seconds.
  path: Assets/JMO Assets/Cartoon FX Remaster/CFXR Prefabs/Texts/CFXR4 _POISONED_.prefab
  artifactKey: Guid(1133dff0b5fda2e4295d301899b1582d) Importer(815301076,1909f56bfc062723c751e8b465ee728b)
Start importing Assets/JMO Assets/Cartoon FX Remaster/CFXR Prefabs/Texts/CFXR4 _POISONED_.prefab using Guid(1133dff0b5fda2e4295d301899b1582d) Importer(815301076,1909f56bfc062723c751e8b465ee728b)  -> (artifact id: 'efb9de29c0db7764d3a8cbee3a811d0d') in 0.026387 seconds
Number of updated asset objects reloaded before import = 0
Number of asset objects unloaded after import = 111
========================================================================
Received Import Request.
  Time since last request: 1.548739 seconds.
  path: Assets/JMO Assets/Cartoon FX Remaster/CFXR Assets/Misc/cfxr particle font.mat
  artifactKey: Guid(daedbca3d89ee8640bed0c051d176ff9) Importer(815301076,1909f56bfc062723c751e8b465ee728b)
Start importing Assets/JMO Assets/Cartoon FX Remaster/CFXR Assets/Misc/cfxr particle font.mat using Guid(daedbca3d89ee8640bed0c051d176ff9) Importer(815301076,1909f56bfc062723c751e8b465ee728b)  -> (artifact id: '3df0b60f3fbdf967fdda090a6aad8626') in 0.010838 seconds
Number of updated asset objects reloaded before import = 0
Number of asset objects unloaded after import = 2
========================================================================
Received Prepare
Begin MonoManager ReloadAssembly
Symbol file LoadedFromMemory is not a mono symbol file
- Loaded All Assemblies, in  1.215 seconds
Refreshing native plugins compatible for Editor in 22.25 ms, found 4 plugins.
Native extension for LinuxStandalone target not found
Native extension for WindowsStandalone target not found
Native extension for Android target not found
[Package Manager] Server::EnsureServerProcessIsRunning -- launch failed, reason: Unity was launched with the -noUpm command-line argument
[Package Manager] UpmClient::Send -- Unable to send message (not connected to UPM process).
[Package Manager] Cannot connect to Unity Package Manager local server
Mono: successfully reloaded assembly
- Finished resetting the current domain, in  3.517 seconds
Domain Reload Profiling: 4714ms
	BeginReloadAssembly (310ms)
		ExecutionOrderSort (0ms)
		DisableScriptedObjects (24ms)
		BackupInstance (0ms)
		ReleaseScriptingObjects (0ms)
		CreateAndSetChildDomain (70ms)
	RebuildCommonClasses (40ms)
	RebuildNativeTypeToScriptingClass (12ms)
	initialDomainReloadingComplete (62ms)
	LoadAllAssembliesAndSetupDomain (771ms)
		LoadAssemblies (863ms)
		RebuildTransferFunctionScriptingTraits (0ms)
		AnalyzeDomain (74ms)
			TypeCache.Refresh (19ms)
				TypeCache.ScanAssembly (5ms)
			ScanForSourceGeneratedMonoScriptInfo (32ms)
			ResolveRequiredComponents (21ms)
	FinalizeReload (3518ms)
		ReleaseScriptCaches (0ms)
		RebuildScriptCaches (0ms)
		SetupLoadedEditorAssemblies (1121ms)
			LogAssemblyErrors (0ms)
			InitializePlatformSupportModulesInManaged (60ms)
			SetLoadedEditorAssemblies (8ms)
			RefreshPlugins (0ms)
			BeforeProcessingInitializeOnLoad (230ms)
			ProcessInitializeOnLoadAttributes (708ms)
			ProcessInitializeOnLoadMethodAttributes (90ms)
			AfterProcessingInitializeOnLoad (24ms)
			EditorAssembliesLoaded (1ms)
		ExecutionOrderSort2 (0ms)
		AwakeInstancesAfterBackupRestoration (36ms)
Refreshing native plugins compatible for Editor in 17.01 ms, found 4 plugins.
Preloading 0 native plugins for Editor in 0.00 ms.
Unloading 5792 Unused Serialized files (Serialized files now loaded: 0)
Unloading 64 unused Assets / (0.5 MB). Loaded Objects now: 6550.
Memory consumption went from 230.6 MB to 230.1 MB.
Total: 6.490500 ms (FindLiveObjects: 0.481300 ms CreateObjectMapping: 0.222300 ms MarkObjects: 5.433600 ms  DeleteObjects: 0.351900 ms)

Prepare: number of updated asset objects reloaded= 6
AssetImportParameters requested are different than current active one (requested -> active):
  custom:container-demuxer-ogg: 62fdf1f143b41e24485cea50d1cbac27 -> 
  custom:video-decoder-ogg-theora: a1e56fd34408186e4bbccfd4996cb3dc -> 
  custom:framework-win-MediaFoundation: 216162199b28c13a410421893ffa2e32 -> 
  custom:CustomObjectIndexerAttribute: 72b91833f83ae208fae7752999fa3104 -> 
  custom:container-demuxer-webm: 4f35f7cbe854078d1ac9338744f61a02 -> 
  custom:container-muxer-webm: aa71ff27fc2769a1b78a27578f13a17b -> 
  custom:video-decoder-webm-vp8: 9c59270c3fd7afecdb556c50c9e8de78 -> 
  custom:SearchIndexIgnoredProperties: e643bd26f0fe6173181afceb89e7c659 -> 
  custom:AudioImporter_EditorPlatform: d09bf68614088b80899f8185d706f6e7 -> 
  custom:video-encoder-webm-vp8: eb34c28f22e8b96e1ab97ce403110664 -> 
  custom:audio-decoder-ogg-vorbis: bf7c407c2cedff20999df2af8eb42d56 -> 
  custom:scripting/monoscript/fileName/CFXR_UpgradeCheck.cs: ecbc382cf7f886ae36ac82906454b189 -> 
  custom:audio-encoder-webm-vorbis: bf7c407c2cedff20999df2af8eb42d56 -> 
========================================================================
Received Import Request.
  Time since last request: 3675.084035 seconds.
  path: Assets/Universal Sound FX/WEAPONS/Melee/Swords/SWORD_Blade_Slide_02_mono.wav
  artifactKey: Guid(72223c40984e8c64c971b539e4297f3c) Importer(815301076,1909f56bfc062723c751e8b465ee728b)
Start importing Assets/Universal Sound FX/WEAPONS/Melee/Swords/SWORD_Blade_Slide_02_mono.wav using Guid(72223c40984e8c64c971b539e4297f3c) Importer(815301076,1909f56bfc062723c751e8b465ee728b)  -> (artifact id: '48ffa52a4cb46df852a2d640daf6c6d9') in 0.207420 seconds
Number of updated asset objects reloaded before import = 0
Number of asset objects unloaded after import = 2
========================================================================
Received Import Request.
  Time since last request: 0.000049 seconds.
  path: Assets/Universal Sound FX/WEAPONS/Melee/Swords/SWORD_Hit_Metal_Armor_RR2_mono.wav
  artifactKey: Guid(99d866d8e786266409b23e732155f50b) Importer(815301076,1909f56bfc062723c751e8b465ee728b)
Start importing Assets/Universal Sound FX/WEAPONS/Melee/Swords/SWORD_Hit_Metal_Armor_RR2_mono.wav using Guid(99d866d8e786266409b23e732155f50b) Importer(815301076,1909f56bfc062723c751e8b465ee728b)  -> (artifact id: '514012df87e4ab8b05e99415dab1adfa') in 0.017681 seconds
Number of updated asset objects reloaded before import = 0
Number of asset objects unloaded after import = 2
========================================================================
Received Import Request.
  Time since last request: 0.000032 seconds.
  path: Assets/Universal Sound FX/WEAPONS/Melee/Swords/SWORD_Hit_Metal_Armor_RR3_mono.wav
  artifactKey: Guid(a3d85da43c30705438551fe1d20f6dc9) Importer(815301076,1909f56bfc062723c751e8b465ee728b)
Start importing Assets/Universal Sound FX/WEAPONS/Melee/Swords/SWORD_Hit_Metal_Armor_RR3_mono.wav using Guid(a3d85da43c30705438551fe1d20f6dc9) Importer(815301076,1909f56bfc062723c751e8b465ee728b)  -> (artifact id: '04ef59953efd12396529aafa80b675d1') in 0.013159 seconds
Number of updated asset objects reloaded before import = 0
Number of asset objects unloaded after import = 2
========================================================================
Received Import Request.
  Time since last request: 0.000019 seconds.
  path: Assets/Universal Sound FX/WEAPONS/Melee/Swords/SWORD_Hit_Metal_Armor_RR9_mono.wav
  artifactKey: Guid(8e9da15d3c96c8343924ba8e2a04c2c1) Importer(815301076,1909f56bfc062723c751e8b465ee728b)
Start importing Assets/Universal Sound FX/WEAPONS/Melee/Swords/SWORD_Hit_Metal_Armor_RR9_mono.wav using Guid(8e9da15d3c96c8343924ba8e2a04c2c1) Importer(815301076,1909f56bfc062723c751e8b465ee728b)  -> (artifact id: '8e283407c9196a73c6770ef0a8396593') in 0.011561 seconds
Number of updated asset objects reloaded before import = 0
Number of asset objects unloaded after import = 2
========================================================================
Received Import Request.
  Time since last request: 0.000026 seconds.
  path: Assets/Universal Sound FX/WEAPONS/Melee/Swords/SWORD_Hit_Metal_Armor_RR7_mono.wav
  artifactKey: Guid(662ff90038625144da816deb2c038cf9) Importer(815301076,1909f56bfc062723c751e8b465ee728b)
Start importing Assets/Universal Sound FX/WEAPONS/Melee/Swords/SWORD_Hit_Metal_Armor_RR7_mono.wav using Guid(662ff90038625144da816deb2c038cf9) Importer(815301076,1909f56bfc062723c751e8b465ee728b)  -> (artifact id: 'ca99d887a05d38c158abea7fda4a6313') in 0.011649 seconds
Number of updated asset objects reloaded before import = 0
Number of asset objects unloaded after import = 2
========================================================================
Received Import Request.
  Time since last request: 0.000019 seconds.
  path: Assets/Universal Sound FX/WEAPONS/Melee/Swords/SWORD_Hit_Sword_Cling_01_RR4_mono.wav
  artifactKey: Guid(92aa64ef3e1801c478beb3eef1429414) Importer(815301076,1909f56bfc062723c751e8b465ee728b)
Start importing Assets/Universal Sound FX/WEAPONS/Melee/Swords/SWORD_Hit_Sword_Cling_01_RR4_mono.wav using Guid(92aa64ef3e1801c478beb3eef1429414) Importer(815301076,1909f56bfc062723c751e8b465ee728b)  -> (artifact id: 'ec485919d0795fec3a3196bb42fbab8d') in 0.010546 seconds
Number of updated asset objects reloaded before import = 0
Number of asset objects unloaded after import = 2
========================================================================
Received Import Request.
  Time since last request: 0.000022 seconds.
  path: Assets/Universal Sound FX/WEAPONS/Melee/Swords/SWORD_Hit_Armor_Hard_RR9_mono.wav
  artifactKey: Guid(80d77b46dbed265409fff63dda02f0e2) Importer(815301076,1909f56bfc062723c751e8b465ee728b)
Start importing Assets/Universal Sound FX/WEAPONS/Melee/Swords/SWORD_Hit_Armor_Hard_RR9_mono.wav using Guid(80d77b46dbed265409fff63dda02f0e2) Importer(815301076,1909f56bfc062723c751e8b465ee728b)  -> (artifact id: '6c7b7fe5a0dd855d8da7add1d92ebb78') in 0.011990 seconds
Number of updated asset objects reloaded before import = 0
Number of asset objects unloaded after import = 2
========================================================================
Received Import Request.
  Time since last request: 0.000029 seconds.
  path: Assets/Universal Sound FX/WEAPONS/Melee/Swords/SWORD_Blade_Slide_03_mono.wav
  artifactKey: Guid(7d23525fe583f484cbeb62ebafed6443) Importer(815301076,1909f56bfc062723c751e8b465ee728b)
Start importing Assets/Universal Sound FX/WEAPONS/Melee/Swords/SWORD_Blade_Slide_03_mono.wav using Guid(7d23525fe583f484cbeb62ebafed6443) Importer(815301076,1909f56bfc062723c751e8b465ee728b)  -> (artifact id: 'fd33edd6786c455291d7264f0966570f') in 0.019700 seconds
Number of updated asset objects reloaded before import = 0
Number of asset objects unloaded after import = 2
========================================================================
Received Import Request.
  Time since last request: 0.000019 seconds.
  path: Assets/Universal Sound FX/WEAPONS/Melee/Swords/SWORD_Hit_Metal_Armor_RR10_mono.wav
  artifactKey: Guid(cf238fbabfdbef94ebd026f79c5bf03a) Importer(815301076,1909f56bfc062723c751e8b465ee728b)
Start importing Assets/Universal Sound FX/WEAPONS/Melee/Swords/SWORD_Hit_Metal_Armor_RR10_mono.wav using Guid(cf238fbabfdbef94ebd026f79c5bf03a) Importer(815301076,1909f56bfc062723c751e8b465ee728b)  -> (artifact id: '7bb9ff71c11a3f5dbd5e5de05f51e700') in 0.012614 seconds
Number of updated asset objects reloaded before import = 0
Number of asset objects unloaded after import = 2
========================================================================
Received Import Request.
  Time since last request: 0.000025 seconds.
  path: Assets/Universal Sound FX/WEAPONS/Melee/Swords/SWORD_Hit_Metal_Armor_RR6_mono.wav
  artifactKey: Guid(d2e1b639bd53e8f4da84420401c07eb6) Importer(815301076,1909f56bfc062723c751e8b465ee728b)
Start importing Assets/Universal Sound FX/WEAPONS/Melee/Swords/SWORD_Hit_Metal_Armor_RR6_mono.wav using Guid(d2e1b639bd53e8f4da84420401c07eb6) Importer(815301076,1909f56bfc062723c751e8b465ee728b)  -> (artifact id: '809f955be6188978d7afe77bedf03e25') in 0.014486 seconds
Number of updated asset objects reloaded before import = 0
Number of asset objects unloaded after import = 2
========================================================================
Received Import Request.
  Time since last request: 0.000027 seconds.
  path: Assets/Universal Sound FX/WEAPONS/Melee/Swords/SWORD_Blade_Slide_04_mono.wav
  artifactKey: Guid(7798f12cc2daad24ba46c0ec3369572b) Importer(815301076,1909f56bfc062723c751e8b465ee728b)
Start importing Assets/Universal Sound FX/WEAPONS/Melee/Swords/SWORD_Blade_Slide_04_mono.wav using Guid(7798f12cc2daad24ba46c0ec3369572b) Importer(815301076,1909f56bfc062723c751e8b465ee728b)  -> (artifact id: 'c145bd2597532083f7758ab60bb115ed') in 0.013585 seconds
Number of updated asset objects reloaded before import = 0
Number of asset objects unloaded after import = 2
========================================================================
Received Import Request.
  Time since last request: 0.000023 seconds.
  path: Assets/Universal Sound FX/WEAPONS/Melee/Swords/SWORD_Hit_Sword_Cling_01_RR5_mono.wav
  artifactKey: Guid(80938a2a21d4828448863868390c0930) Importer(815301076,1909f56bfc062723c751e8b465ee728b)
Start importing Assets/Universal Sound FX/WEAPONS/Melee/Swords/SWORD_Hit_Sword_Cling_01_RR5_mono.wav using Guid(80938a2a21d4828448863868390c0930) Importer(815301076,1909f56bfc062723c751e8b465ee728b)  -> (artifact id: 'df5c4802235faeae0dd8739183fcd085') in 0.013790 seconds
Number of updated asset objects reloaded before import = 0
Number of asset objects unloaded after import = 2
========================================================================
Received Import Request.
  Time since last request: 0.616927 seconds.
  path: Assets/Universal Sound FX/WEAPONS/Melee/Swords/SWORD_Hit_Sword_Cling_01_RR7_mono.wav
  artifactKey: Guid(f8b0d8d12d5fb9543bbace54e073773a) Importer(815301076,1909f56bfc062723c751e8b465ee728b)
Start importing Assets/Universal Sound FX/WEAPONS/Melee/Swords/SWORD_Hit_Sword_Cling_01_RR7_mono.wav using Guid(f8b0d8d12d5fb9543bbace54e073773a) Importer(815301076,1909f56bfc062723c751e8b465ee728b)  -> (artifact id: '52c77d63bfa1c8d6aabc28d332621e49') in 0.013387 seconds
Number of updated asset objects reloaded before import = 0
Number of asset objects unloaded after import = 2
========================================================================
Received Import Request.
  Time since last request: 0.000022 seconds.
  path: Assets/Universal Sound FX/WEAPONS/Melee/Swords/SWORD_Hit_Sword_Cling_01_RR9_mono.wav
  artifactKey: Guid(794e3deef2aac8244b4f21a8a667100f) Importer(815301076,1909f56bfc062723c751e8b465ee728b)
Start importing Assets/Universal Sound FX/WEAPONS/Melee/Swords/SWORD_Hit_Sword_Cling_01_RR9_mono.wav using Guid(794e3deef2aac8244b4f21a8a667100f) Importer(815301076,1909f56bfc062723c751e8b465ee728b)  -> (artifact id: 'c5e7432ef061437da063784a6dfc55b6') in 0.012918 seconds
Number of updated asset objects reloaded before import = 0
Number of asset objects unloaded after import = 2
========================================================================
Received Import Request.
  Time since last request: 0.000033 seconds.
  path: Assets/Universal Sound FX/WEAPONS/Melee/Swords/SWORD_Hit_Sword_Hard_RR2_mono.wav
  artifactKey: Guid(7542ed1290da0db42941f06ea75b7b79) Importer(815301076,1909f56bfc062723c751e8b465ee728b)
Start importing Assets/Universal Sound FX/WEAPONS/Melee/Swords/SWORD_Hit_Sword_Hard_RR2_mono.wav using Guid(7542ed1290da0db42941f06ea75b7b79) Importer(815301076,1909f56bfc062723c751e8b465ee728b)  -> (artifact id: 'f02c732c25246ec65f3b3d157a0877b8') in 0.011790 seconds
Number of updated asset objects reloaded before import = 0
Number of asset objects unloaded after import = 2
========================================================================
Received Import Request.
  Time since last request: 0.022414 seconds.
  path: Assets/Universal Sound FX/WEAPONS/Melee/Swords/SWORD_Hit_Sword_Hard_RR4_mono.wav
  artifactKey: Guid(d9ad4d3e9606ea04b9a8e148771c9782) Importer(815301076,1909f56bfc062723c751e8b465ee728b)
Start importing Assets/Universal Sound FX/WEAPONS/Melee/Swords/SWORD_Hit_Sword_Hard_RR4_mono.wav using Guid(d9ad4d3e9606ea04b9a8e148771c9782) Importer(815301076,1909f56bfc062723c751e8b465ee728b)  -> (artifact id: 'f7976a155da4c25f05be0453342532ca') in 0.011699 seconds
Number of updated asset objects reloaded before import = 0
Number of asset objects unloaded after import = 2
========================================================================
Received Import Request.
  Time since last request: 0.000023 seconds.
  path: Assets/Universal Sound FX/WEAPONS/Melee/Swords/SWORD_Hit_Sword_Hard_RR6_mono.wav
  artifactKey: Guid(a8df70bd46fc9014caaf1612263c83f5) Importer(815301076,1909f56bfc062723c751e8b465ee728b)
Start importing Assets/Universal Sound FX/WEAPONS/Melee/Swords/SWORD_Hit_Sword_Hard_RR6_mono.wav using Guid(a8df70bd46fc9014caaf1612263c83f5) Importer(815301076,1909f56bfc062723c751e8b465ee728b)  -> (artifact id: '02116cfaf8afefd625f8644e8d220ab8') in 0.011307 seconds
Number of updated asset objects reloaded before import = 0
Number of asset objects unloaded after import = 2
========================================================================
Received Import Request.
  Time since last request: 0.000022 seconds.
  path: Assets/Universal Sound FX/WEAPONS/Melee/Swords/SWORD_Hit_Sword_Hard_RR8_mono.wav
  artifactKey: Guid(c77bb6fd74717d0448cc343db780364c) Importer(815301076,1909f56bfc062723c751e8b465ee728b)
Start importing Assets/Universal Sound FX/WEAPONS/Melee/Swords/SWORD_Hit_Sword_Hard_RR8_mono.wav using Guid(c77bb6fd74717d0448cc343db780364c) Importer(815301076,1909f56bfc062723c751e8b465ee728b)  -> (artifact id: '946f137d2fcb480bde5c6650174f5565') in 0.011970 seconds
Number of updated asset objects reloaded before import = 0
Number of asset objects unloaded after import = 2
========================================================================
Received Import Request.
  Time since last request: 0.000020 seconds.
  path: Assets/Universal Sound FX/WEAPONS/Melee/Swords/SWORD_Hit_Sword_Hard_RR10_mono.wav
  artifactKey: Guid(fbf11e428ccade448817bed9200efbf0) Importer(815301076,1909f56bfc062723c751e8b465ee728b)
Start importing Assets/Universal Sound FX/WEAPONS/Melee/Swords/SWORD_Hit_Sword_Hard_RR10_mono.wav using Guid(fbf11e428ccade448817bed9200efbf0) Importer(815301076,1909f56bfc062723c751e8b465ee728b)  -> (artifact id: '5ef69707c72cb5870b4f4756fd81ab20') in 0.010835 seconds
Number of updated asset objects reloaded before import = 0
Number of asset objects unloaded after import = 2
Editor requested this worker to shutdown with reason: Scaling down because of idle timeout
TcpMessagingSession - receive error: operation aborted. errorcode: 995, details:        I/O  .
AssetImportWorker is now disconnected from the server
Process exiting
Exiting without the bug reporter. Application will terminate with return code 0