Using pre-set license
Built from '2022.3/staging' branch; Version is '2022.3.22f1 (887be4894c44) revision 8944612'; Using compiler version '192829333'; Build Type 'Release'
OS: 'Windows 11  (10.0.22631) 64bit Professional' Language: 'ko' Physical Memory: 15734 MB
BatchMode: 1, IsHumanControllingUs: 0, StartBugReporterOnCrash: 0, Is64bit: 1, IsPro: 1

COMMAND LINE ARGUMENTS:
C:\Program Files\Unity\Hub\Editor\2022.3.22f1\Editor\Unity.exe
-adb2
-batchMode
-noUpm
-name
AssetImportWorker5
-projectPath
D:/Projects/PixelSquad/PixelSquadClient
-logFile
Logs/AssetImportWorker5.log
-srvPort
50845
Successfully changed project path to: D:/Projects/PixelSquad/PixelSquadClient
D:/Projects/PixelSquad/PixelSquadClient
[UnityMemory] Configuration Parameters - Can be set up in boot.config
    "memorysetup-bucket-allocator-granularity=16"
    "memorysetup-bucket-allocator-bucket-count=8"
    "memorysetup-bucket-allocator-block-size=33554432"
    "memorysetup-bucket-allocator-block-count=8"
    "memorysetup-main-allocator-block-size=16777216"
    "memorysetup-thread-allocator-block-size=16777216"
    "memorysetup-gfx-main-allocator-block-size=16777216"
    "memorysetup-gfx-thread-allocator-block-size=16777216"
    "memorysetup-cache-allocator-block-size=4194304"
    "memorysetup-typetree-allocator-block-size=2097152"
    "memorysetup-profiler-bucket-allocator-granularity=16"
    "memorysetup-profiler-bucket-allocator-bucket-count=8"
    "memorysetup-profiler-bucket-allocator-block-size=33554432"
    "memorysetup-profiler-bucket-allocator-block-count=8"
    "memorysetup-profiler-allocator-block-size=16777216"
    "memorysetup-profiler-editor-allocator-block-size=1048576"
    "memorysetup-temp-allocator-size-main=16777216"
    "memorysetup-job-temp-allocator-block-size=2097152"
    "memorysetup-job-temp-allocator-block-size-background=1048576"
    "memorysetup-job-temp-allocator-reduction-small-platforms=262144"
    "memorysetup-allocator-temp-initial-block-size-main=262144"
    "memorysetup-allocator-temp-initial-block-size-worker=262144"
    "memorysetup-temp-allocator-size-background-worker=32768"
    "memorysetup-temp-allocator-size-job-worker=262144"
    "memorysetup-temp-allocator-size-preload-manager=33554432"
    "memorysetup-temp-allocator-size-nav-mesh-worker=65536"
    "memorysetup-temp-allocator-size-audio-worker=65536"
    "memorysetup-temp-allocator-size-cloud-worker=32768"
    "memorysetup-temp-allocator-size-gi-baking-worker=262144"
    "memorysetup-temp-allocator-size-gfx=262144"
Player connection [13556] Host "[IP] 192.168.0.6 [Port] 0 [Flags] 2 [Guid] 1345132837 [EditorId] 1345132837 [Version] 1048832 [Id] WindowsEditor(7,MINUK) [Debug] 1 [PackageName] WindowsEditor [ProjectName] Editor" joined multi-casting on [225.0.0.222:54997]...

Player connection [13556] Host "[IP] 192.168.0.6 [Port] 0 [Flags] 2 [Guid] 1345132837 [EditorId] 1345132837 [Version] 1048832 [Id] WindowsEditor(7,MINUK) [Debug] 1 [PackageName] WindowsEditor [ProjectName] Editor" joined alternative multi-casting on [225.0.0.222:34997]...

[Physics::Module] Initialized MultithreadedJobDispatcher with 15 workers.
Refreshing native plugins compatible for Editor in 84.76 ms, found 4 plugins.
Preloading 0 native plugins for Editor in 0.00 ms.
Initialize engine version: 2022.3.22f1 (887be4894c44)
[Subsystems] Discovering subsystems at path C:/Program Files/Unity/Hub/Editor/2022.3.22f1/Editor/Data/Resources/UnitySubsystems
[Subsystems] Discovering subsystems at path D:/Projects/PixelSquad/PixelSquadClient/Assets
GfxDevice: creating device client; threaded=0; jobified=0
Direct3D:
    Version:  Direct3D 11.0 [level 11.1]
    Renderer: NVIDIA GeForce RTX 3060 Laptop GPU (ID=0x2520)
    Vendor:   NVIDIA
    VRAM:     6010 MB
    Driver:   31.0.15.4629
Initialize mono
Mono path[0] = 'C:/Program Files/Unity/Hub/Editor/2022.3.22f1/Editor/Data/Managed'
Mono path[1] = 'C:/Program Files/Unity/Hub/Editor/2022.3.22f1/Editor/Data/MonoBleedingEdge/lib/mono/unityjit-win32'
Mono config path = 'C:/Program Files/Unity/Hub/Editor/2022.3.22f1/Editor/Data/MonoBleedingEdge/etc'
Using monoOptions --debugger-agent=transport=dt_socket,embedding=1,server=y,suspend=n,address=127.0.0.1:56588
Begin MonoManager ReloadAssembly
Registering precompiled unity dll's ...
Register platform support module: C:/Program Files/Unity/Hub/Editor/2022.3.22f1/Editor/Data/PlaybackEngines/AndroidPlayer/UnityEditor.Android.Extensions.dll
Register platform support module: C:/Program Files/Unity/Hub/Editor/2022.3.22f1/Editor/Data/PlaybackEngines/WindowsStandaloneSupport/UnityEditor.WindowsStandalone.Extensions.dll
Register platform support module: C:/Program Files/Unity/Hub/Editor/2022.3.22f1/Editor/Data/PlaybackEngines/LinuxStandaloneSupport/UnityEditor.LinuxStandalone.Extensions.dll
Registered in 0.039661 seconds.
- Loaded All Assemblies, in  0.655 seconds
Native extension for LinuxStandalone target not found
Native extension for WindowsStandalone target not found
Native extension for Android target not found
Android Extension - Scanning For ADB Devices 2391 ms
Mono: successfully reloaded assembly
- Finished resetting the current domain, in  2.969 seconds
Domain Reload Profiling: 3614ms
	BeginReloadAssembly (260ms)
		ExecutionOrderSort (0ms)
		DisableScriptedObjects (0ms)
		BackupInstance (0ms)
		ReleaseScriptingObjects (0ms)
		CreateAndSetChildDomain (1ms)
	RebuildCommonClasses (45ms)
	RebuildNativeTypeToScriptingClass (15ms)
	initialDomainReloadingComplete (129ms)
	LoadAllAssembliesAndSetupDomain (195ms)
		LoadAssemblies (254ms)
		RebuildTransferFunctionScriptingTraits (0ms)
		AnalyzeDomain (189ms)
			TypeCache.Refresh (188ms)
				TypeCache.ScanAssembly (171ms)
			ScanForSourceGeneratedMonoScriptInfo (0ms)
			ResolveRequiredComponents (1ms)
	FinalizeReload (2970ms)
		ReleaseScriptCaches (0ms)
		RebuildScriptCaches (0ms)
		SetupLoadedEditorAssemblies (2887ms)
			LogAssemblyErrors (0ms)
			InitializePlatformSupportModulesInManaged (2560ms)
			SetLoadedEditorAssemblies (6ms)
			RefreshPlugins (0ms)
			BeforeProcessingInitializeOnLoad (3ms)
			ProcessInitializeOnLoadAttributes (214ms)
			ProcessInitializeOnLoadMethodAttributes (104ms)
			AfterProcessingInitializeOnLoad (0ms)
			EditorAssembliesLoaded (0ms)
		ExecutionOrderSort2 (0ms)
		AwakeInstancesAfterBackupRestoration (0ms)
========================================================================
Worker process is ready to serve import requests
Begin MonoManager ReloadAssembly
Symbol file LoadedFromMemory is not a mono symbol file
- Loaded All Assemblies, in  1.930 seconds
Refreshing native plugins compatible for Editor in 26.61 ms, found 4 plugins.
Native extension for LinuxStandalone target not found
Native extension for WindowsStandalone target not found
Native extension for Android target not found
Package Manager log level set to [2]
[Package Manager] Server::EnsureServerProcessIsRunning -- launch failed, reason: Unity was launched with the -noUpm command-line argument
[Package Manager] UpmClient::Send -- Unable to send message (not connected to UPM process).
[Package Manager] Cannot connect to Unity Package Manager local server
Mono: successfully reloaded assembly
- Finished resetting the current domain, in  1.566 seconds
Domain Reload Profiling: 3457ms
	BeginReloadAssembly (211ms)
		ExecutionOrderSort (0ms)
		DisableScriptedObjects (6ms)
		BackupInstance (0ms)
		ReleaseScriptingObjects (0ms)
		CreateAndSetChildDomain (23ms)
	RebuildCommonClasses (36ms)
	RebuildNativeTypeToScriptingClass (9ms)
	initialDomainReloadingComplete (62ms)
	LoadAllAssembliesAndSetupDomain (1573ms)
		LoadAssemblies (1302ms)
		RebuildTransferFunctionScriptingTraits (0ms)
		AnalyzeDomain (408ms)
			TypeCache.Refresh (346ms)
				TypeCache.ScanAssembly (307ms)
			ScanForSourceGeneratedMonoScriptInfo (40ms)
			ResolveRequiredComponents (21ms)
	FinalizeReload (1567ms)
		ReleaseScriptCaches (0ms)
		RebuildScriptCaches (0ms)
		SetupLoadedEditorAssemblies (1277ms)
			LogAssemblyErrors (0ms)
			InitializePlatformSupportModulesInManaged (67ms)
			SetLoadedEditorAssemblies (9ms)
			RefreshPlugins (0ms)
			BeforeProcessingInitializeOnLoad (215ms)
			ProcessInitializeOnLoadAttributes (856ms)
			ProcessInitializeOnLoadMethodAttributes (94ms)
			AfterProcessingInitializeOnLoad (35ms)
			EditorAssembliesLoaded (0ms)
		ExecutionOrderSort2 (0ms)
		AwakeInstancesAfterBackupRestoration (25ms)
Launched and connected shader compiler UnityShaderCompiler.exe after 0.08 seconds
Refreshing native plugins compatible for Editor in 17.23 ms, found 4 plugins.
Preloading 0 native plugins for Editor in 0.00 ms.
Unloading 5956 Unused Serialized files (Serialized files now loaded: 0)
Unloading 108 unused Assets / (0.5 MB). Loaded Objects now: 6438.
Memory consumption went from 261.3 MB to 260.8 MB.
Total: 5.277400 ms (FindLiveObjects: 0.648000 ms CreateObjectMapping: 0.349100 ms MarkObjects: 3.942100 ms  DeleteObjects: 0.337000 ms)

AssetImportParameters requested are different than current active one (requested -> active):
  custom:container-demuxer-ogg: 62fdf1f143b41e24485cea50d1cbac27 -> 
  custom:scripting/monoscript/fileName/CFXR_Styles.cs: 14132385ef0a62dc85f08de4f5687ece -> 
  custom:video-decoder-ogg-theora: a1e56fd34408186e4bbccfd4996cb3dc -> 
  custom:framework-win-MediaFoundation: 216162199b28c13a410421893ffa2e32 -> 
  custom:scripting/monoscript/fileName/CFXR_ParticleTextFontAsset.cs: 997a733798b2c803fc88cc92695e7ca4 -> 
  custom:scripting/monoscript/fileName/CFXR_MaterialInspector.cs: 85a99159289e64398275fbc6500bb9a8 -> 
  custom:scripting/monoscript/fileName/CFXR_ShaderImporter.cs: f0ef3fb7c5ca7b4517f50c44917fac9e -> 
  custom:scripting/monoscript/fileName/CFXR_Effect.CameraShake.cs: 0cdf409b5aa8d4c25876d72b5c6a3b60 -> 
  custom:CustomObjectIndexerAttribute: 72b91833f83ae208fae7752999fa3104 -> 
  custom:container-demuxer-webm: 4f35f7cbe854078d1ac9338744f61a02 -> 
  custom:scripting/monoscript/fileName/CFXR_EmissionBySurface.cs: 6294a85dd8a1718740abd2427d3ed0fe -> 
  custom:scripting/monoscript/fileName/CFXR_ExpressionParser.cs: 215820334dc899aa183f0061c3ffd288 -> 
  custom:container-muxer-webm: aa71ff27fc2769a1b78a27578f13a17b -> 
  custom:video-decoder-webm-vp8: 9c59270c3fd7afecdb556c50c9e8de78 -> 
  custom:SearchIndexIgnoredProperties: e643bd26f0fe6173181afceb89e7c659 -> 
  custom:scripting/monoscript/fileName/CFXR_ParticleText.cs: 3f1f97f09f1dd1cf194149bcb9712660 -> 
  custom:AudioImporter_EditorPlatform: d09bf68614088b80899f8185d706f6e7 -> 
  custom:video-encoder-webm-vp8: eb34c28f22e8b96e1ab97ce403110664 -> 
  custom:audio-decoder-ogg-vorbis: bf7c407c2cedff20999df2af8eb42d56 -> 
  custom:scripting/monoscript/fileName/CFXR_ShaderPostProcessor.cs: eee4c4410265e19bfd8b3e2c4c5b2a2d -> 
  custom:scripting/monoscript/fileName/CFXR_UpgradeCheck.cs: ecbc382cf7f886ae36ac82906454b189 -> 
  custom:audio-encoder-webm-vorbis: bf7c407c2cedff20999df2af8eb42d56 -> 
========================================================================
Received Import Request.
  Time since last request: 168991.165355 seconds.
  path: Assets/Universal Sound FX/WEAPONS/Melee/Swords/SWORD_Hit_Sword_RR2_mono.wav
  artifactKey: Guid(a8bb10c5b243aa0469a46b0be049329c) Importer(815301076,1909f56bfc062723c751e8b465ee728b)
Start importing Assets/Universal Sound FX/WEAPONS/Melee/Swords/SWORD_Hit_Sword_RR2_mono.wav using Guid(a8bb10c5b243aa0469a46b0be049329c) Importer(815301076,1909f56bfc062723c751e8b465ee728b)  -> (artifact id: 'ada0459ca4819b7121dc4f004318c77a') in 0.123210 seconds
Number of updated asset objects reloaded before import = 0
Number of asset objects unloaded after import = 2
========================================================================
Received Import Request.
  Time since last request: 0.000032 seconds.
  path: Assets/Universal Sound FX/WEAPONS/Melee/Swords/SWORD_Hit_Sword_RR3_mono.wav
  artifactKey: Guid(e91fa9fc13ab04e48a46bc0a784751ce) Importer(815301076,1909f56bfc062723c751e8b465ee728b)
Start importing Assets/Universal Sound FX/WEAPONS/Melee/Swords/SWORD_Hit_Sword_RR3_mono.wav using Guid(e91fa9fc13ab04e48a46bc0a784751ce) Importer(815301076,1909f56bfc062723c751e8b465ee728b)  -> (artifact id: '986f2dbf604dd12cd45c6a4e1fb15882') in 0.012196 seconds
Number of updated asset objects reloaded before import = 0
Number of asset objects unloaded after import = 2
========================================================================
Received Import Request.
  Time since last request: 0.000035 seconds.
  path: Assets/Universal Sound FX/WEAPONS/Melee/Swords/SWORD_Hit_Sword_RR7_mono.wav
  artifactKey: Guid(74e01b98b7aa9814e98c0bace6a96e1d) Importer(815301076,1909f56bfc062723c751e8b465ee728b)
Start importing Assets/Universal Sound FX/WEAPONS/Melee/Swords/SWORD_Hit_Sword_RR7_mono.wav using Guid(74e01b98b7aa9814e98c0bace6a96e1d) Importer(815301076,1909f56bfc062723c751e8b465ee728b)  -> (artifact id: '35e4f7c8943eac1080dee46630577bd8') in 0.012270 seconds
Number of updated asset objects reloaded before import = 0
Number of asset objects unloaded after import = 2
========================================================================
Received Import Request.
  Time since last request: 0.000034 seconds.
  path: Assets/Universal Sound FX/WEAPONS/Melee/Swords/SWORD_Hit_Sword_RR9_mono.wav
  artifactKey: Guid(02eb676060d152a4c947f7f59c2742c0) Importer(815301076,1909f56bfc062723c751e8b465ee728b)
Start importing Assets/Universal Sound FX/WEAPONS/Melee/Swords/SWORD_Hit_Sword_RR9_mono.wav using Guid(02eb676060d152a4c947f7f59c2742c0) Importer(815301076,1909f56bfc062723c751e8b465ee728b)  -> (artifact id: '948b0615099cdcf83c1a8d7eccfa8141') in 0.012681 seconds
Number of updated asset objects reloaded before import = 0
Number of asset objects unloaded after import = 2
========================================================================
Received Import Request.
  Time since last request: 0.000022 seconds.
  path: Assets/Universal Sound FX/WEAPONS/Melee/Swords/SWORD_Hit_Sword_RR5_mono.wav
  artifactKey: Guid(a808a42b90c52e248917c74a8e6c2ce7) Importer(815301076,1909f56bfc062723c751e8b465ee728b)
Start importing Assets/Universal Sound FX/WEAPONS/Melee/Swords/SWORD_Hit_Sword_RR5_mono.wav using Guid(a808a42b90c52e248917c74a8e6c2ce7) Importer(815301076,1909f56bfc062723c751e8b465ee728b)  -> (artifact id: 'b25c7831f363eb3d807182f6fac4e5c4') in 0.009741 seconds
Number of updated asset objects reloaded before import = 0
Number of asset objects unloaded after import = 2
========================================================================
Received Import Request.
  Time since last request: 13.009809 seconds.
  path: Assets/Universal Sound FX/WEAPONS/Melee/Swords/SWORD_Swing_Hit_Metal_Armor_stereo.wav
  artifactKey: Guid(c76b432b462debd4bb0d466ab1b05279) Importer(815301076,1909f56bfc062723c751e8b465ee728b)
Start importing Assets/Universal Sound FX/WEAPONS/Melee/Swords/SWORD_Swing_Hit_Metal_Armor_stereo.wav using Guid(c76b432b462debd4bb0d466ab1b05279) Importer(815301076,1909f56bfc062723c751e8b465ee728b)  -> (artifact id: '9b430090a71ad488e642bb1f6d62b3bd') in 0.012447 seconds
Number of updated asset objects reloaded before import = 0
Number of asset objects unloaded after import = 2
========================================================================
Received Import Request.
  Time since last request: 0.000019 seconds.
  path: Assets/Universal Sound FX/WEAPONS/Melee/Swords/SWORD_Swing_Hit_Metal_Sword_stereo.wav
  artifactKey: Guid(7b8285a6282d6f9498f6b71144ac2c54) Importer(815301076,1909f56bfc062723c751e8b465ee728b)
Start importing Assets/Universal Sound FX/WEAPONS/Melee/Swords/SWORD_Swing_Hit_Metal_Sword_stereo.wav using Guid(7b8285a6282d6f9498f6b71144ac2c54) Importer(815301076,1909f56bfc062723c751e8b465ee728b)  -> (artifact id: '7300a9a85254fc1f4e67bc4bb969bcb8') in 0.014506 seconds
Number of updated asset objects reloaded before import = 0
Number of asset objects unloaded after import = 2
========================================================================
Received Import Request.
  Time since last request: 0.005831 seconds.
  path: Assets/Universal Sound FX/WEAPONS/Melee/Swords/SWORD_Swing_Hit_Solid_Metal_mono.wav
  artifactKey: Guid(454959517f4c76e488ffb9d1868ce51f) Importer(815301076,1909f56bfc062723c751e8b465ee728b)
Start importing Assets/Universal Sound FX/WEAPONS/Melee/Swords/SWORD_Swing_Hit_Solid_Metal_mono.wav using Guid(454959517f4c76e488ffb9d1868ce51f) Importer(815301076,1909f56bfc062723c751e8b465ee728b)  -> (artifact id: '9a45f97e62071627938add4827e492e9') in 0.011187 seconds
Number of updated asset objects reloaded before import = 0
Number of asset objects unloaded after import = 2
========================================================================
Received Import Request.
  Time since last request: 0.000020 seconds.
  path: Assets/Universal Sound FX/WEAPONS/Melee/Swords/SWORD_Swing_Hit_Wood_Shield_Break_stereo.wav
  artifactKey: Guid(089579859603db64aa0561d68275ad93) Importer(815301076,1909f56bfc062723c751e8b465ee728b)
Start importing Assets/Universal Sound FX/WEAPONS/Melee/Swords/SWORD_Swing_Hit_Wood_Shield_Break_stereo.wav using Guid(089579859603db64aa0561d68275ad93) Importer(815301076,1909f56bfc062723c751e8b465ee728b)  -> (artifact id: 'f7f65ad406500af383b9f82c8cf3beb9') in 0.015171 seconds
Number of updated asset objects reloaded before import = 0
Number of asset objects unloaded after import = 2
========================================================================
Received Import Request.
  Time since last request: 14.826120 seconds.
  path: Assets/Universal Sound FX/WEAPONS/Melee/Swords/SWORD_Whoosh_Hit_Armor_Hard_RR3_mono.wav
  artifactKey: Guid(815a64062ed23f84abd992ad9731f491) Importer(815301076,1909f56bfc062723c751e8b465ee728b)
Start importing Assets/Universal Sound FX/WEAPONS/Melee/Swords/SWORD_Whoosh_Hit_Armor_Hard_RR3_mono.wav using Guid(815a64062ed23f84abd992ad9731f491) Importer(815301076,1909f56bfc062723c751e8b465ee728b)  -> (artifact id: '160352462ad7f053bbc6bb5fc2463d1b') in 0.011282 seconds
Number of updated asset objects reloaded before import = 0
Number of asset objects unloaded after import = 2
========================================================================
Received Import Request.
  Time since last request: 0.007718 seconds.
  path: Assets/Universal Sound FX/WEAPONS/Melee/Swords/SWORD_Whoosh_Hit_Armor_Hard_RR6_mono.wav
  artifactKey: Guid(f60812e2ac885d6469d2ddd6076c43b6) Importer(815301076,1909f56bfc062723c751e8b465ee728b)
Start importing Assets/Universal Sound FX/WEAPONS/Melee/Swords/SWORD_Whoosh_Hit_Armor_Hard_RR6_mono.wav using Guid(f60812e2ac885d6469d2ddd6076c43b6) Importer(815301076,1909f56bfc062723c751e8b465ee728b)  -> (artifact id: 'e23abe224d835946455dd72bcdaa7ab7') in 0.013929 seconds
Number of updated asset objects reloaded before import = 0
Number of asset objects unloaded after import = 2
========================================================================
Received Import Request.
  Time since last request: 18.205136 seconds.
  path: Assets/Universal Sound FX/WEAPONS/Melee/Swords/SWORD_Whoosh_Hit_Armor_Hard_RR9_mono.wav
  artifactKey: Guid(d749a299b8cf427458f36ff641158df3) Importer(815301076,1909f56bfc062723c751e8b465ee728b)
Start importing Assets/Universal Sound FX/WEAPONS/Melee/Swords/SWORD_Whoosh_Hit_Armor_Hard_RR9_mono.wav using Guid(d749a299b8cf427458f36ff641158df3) Importer(815301076,1909f56bfc062723c751e8b465ee728b)  -> (artifact id: 'e55b56a9e50358a9f4e8fb5482c14a25') in 0.016781 seconds
Number of updated asset objects reloaded before import = 0
Number of asset objects unloaded after import = 2
========================================================================
Received Import Request.
  Time since last request: 0.004452 seconds.
  path: Assets/Universal Sound FX/WEAPONS/Melee/Swords/SWORD_Whoosh_Hit_Sword_Hard_RR2_mono.wav
  artifactKey: Guid(95ff102dc979da74d9165422ef742185) Importer(815301076,1909f56bfc062723c751e8b465ee728b)
Start importing Assets/Universal Sound FX/WEAPONS/Melee/Swords/SWORD_Whoosh_Hit_Sword_Hard_RR2_mono.wav using Guid(95ff102dc979da74d9165422ef742185) Importer(815301076,1909f56bfc062723c751e8b465ee728b)  -> (artifact id: '1e12761a5f6f80d66b7b1ff055d42802') in 0.012039 seconds
Number of updated asset objects reloaded before import = 0
Number of asset objects unloaded after import = 2
========================================================================
Received Import Request.
  Time since last request: 0.008427 seconds.
  path: Assets/Universal Sound FX/WEAPONS/Melee/Swords/SWORD_Whoosh_Hit_Sword_Hard_RR5_mono.wav
  artifactKey: Guid(5e5e3c2cfea6d11469718ddc90a49e40) Importer(815301076,1909f56bfc062723c751e8b465ee728b)
Start importing Assets/Universal Sound FX/WEAPONS/Melee/Swords/SWORD_Whoosh_Hit_Sword_Hard_RR5_mono.wav using Guid(5e5e3c2cfea6d11469718ddc90a49e40) Importer(815301076,1909f56bfc062723c751e8b465ee728b)  -> (artifact id: '8f6669af15d7582a3acf57697256fa9a') in 0.013218 seconds
Number of updated asset objects reloaded before import = 0
Number of asset objects unloaded after import = 2
Editor requested this worker to shutdown with reason: Scaling down because of idle timeout
TcpMessagingSession - receive error: operation aborted. errorcode: 995, details: 스레드 종료 또는 응용 프로그램 요청 때문에 I/O 작업이 취소되었습니다.
AssetImportWorker is now disconnected from the server
Process exiting
Exiting without the bug reporter. Application will terminate with return code 0