Using pre-set license
Built from '2022.3/staging' branch; Version is '2022.3.22f1 (887be4894c44) revision 8944612'; Using compiler version '192829333'; Build Type 'Release'
OS: 'Windows 11  (10.0.22631) 64bit Professional' Language: 'ko' Physical Memory: 15734 MB
BatchMode: 1, IsHumanControllingUs: 0, StartBugReporterOnCrash: 0, Is64bit: 1, IsPro: 1

COMMAND LINE ARGUMENTS:
C:\Program Files\Unity\Hub\Editor\2022.3.22f1\Editor\Unity.exe
-adb2
-batchMode
-noUpm
-name
AssetImportWorker4
-projectPath
D:/Projects/PixelSquad/PixelSquadClient
-logFile
Logs/AssetImportWorker4.log
-srvPort
50845
Successfully changed project path to: D:/Projects/PixelSquad/PixelSquadClient
D:/Projects/PixelSquad/PixelSquadClient
[UnityMemory] Configuration Parameters - Can be set up in boot.config
    "memorysetup-bucket-allocator-granularity=16"
    "memorysetup-bucket-allocator-bucket-count=8"
    "memorysetup-bucket-allocator-block-size=33554432"
    "memorysetup-bucket-allocator-block-count=8"
    "memorysetup-main-allocator-block-size=16777216"
    "memorysetup-thread-allocator-block-size=16777216"
    "memorysetup-gfx-main-allocator-block-size=16777216"
    "memorysetup-gfx-thread-allocator-block-size=16777216"
    "memorysetup-cache-allocator-block-size=4194304"
    "memorysetup-typetree-allocator-block-size=2097152"
    "memorysetup-profiler-bucket-allocator-granularity=16"
    "memorysetup-profiler-bucket-allocator-bucket-count=8"
    "memorysetup-profiler-bucket-allocator-block-size=33554432"
    "memorysetup-profiler-bucket-allocator-block-count=8"
    "memorysetup-profiler-allocator-block-size=16777216"
    "memorysetup-profiler-editor-allocator-block-size=1048576"
    "memorysetup-temp-allocator-size-main=16777216"
    "memorysetup-job-temp-allocator-block-size=2097152"
    "memorysetup-job-temp-allocator-block-size-background=1048576"
    "memorysetup-job-temp-allocator-reduction-small-platforms=262144"
    "memorysetup-allocator-temp-initial-block-size-main=262144"
    "memorysetup-allocator-temp-initial-block-size-worker=262144"
    "memorysetup-temp-allocator-size-background-worker=32768"
    "memorysetup-temp-allocator-size-job-worker=262144"
    "memorysetup-temp-allocator-size-preload-manager=33554432"
    "memorysetup-temp-allocator-size-nav-mesh-worker=65536"
    "memorysetup-temp-allocator-size-audio-worker=65536"
    "memorysetup-temp-allocator-size-cloud-worker=32768"
    "memorysetup-temp-allocator-size-gi-baking-worker=262144"
    "memorysetup-temp-allocator-size-gfx=262144"
Player connection [19136] Host "[IP] 192.168.0.6 [Port] 0 [Flags] 2 [Guid] 3657501429 [EditorId] 3657501429 [Version] 1048832 [Id] WindowsEditor(7,MINUK) [Debug] 1 [PackageName] WindowsEditor [ProjectName] Editor" joined multi-casting on [225.0.0.222:54997]...

Player connection [19136] Host "[IP] 192.168.0.6 [Port] 0 [Flags] 2 [Guid] 3657501429 [EditorId] 3657501429 [Version] 1048832 [Id] WindowsEditor(7,MINUK) [Debug] 1 [PackageName] WindowsEditor [ProjectName] Editor" joined alternative multi-casting on [225.0.0.222:34997]...

[Physics::Module] Initialized MultithreadedJobDispatcher with 15 workers.
Refreshing native plugins compatible for Editor in 37.98 ms, found 4 plugins.
Preloading 0 native plugins for Editor in 0.00 ms.
Initialize engine version: 2022.3.22f1 (887be4894c44)
[Subsystems] Discovering subsystems at path C:/Program Files/Unity/Hub/Editor/2022.3.22f1/Editor/Data/Resources/UnitySubsystems
[Subsystems] Discovering subsystems at path D:/Projects/PixelSquad/PixelSquadClient/Assets
GfxDevice: creating device client; threaded=0; jobified=0
Direct3D:
    Version:  Direct3D 11.0 [level 11.1]
    Renderer: NVIDIA GeForce RTX 3060 Laptop GPU (ID=0x2520)
    Vendor:   NVIDIA
    VRAM:     6010 MB
    Driver:   31.0.15.4629
Initialize mono
Mono path[0] = 'C:/Program Files/Unity/Hub/Editor/2022.3.22f1/Editor/Data/Managed'
Mono path[1] = 'C:/Program Files/Unity/Hub/Editor/2022.3.22f1/Editor/Data/MonoBleedingEdge/lib/mono/unityjit-win32'
Mono config path = 'C:/Program Files/Unity/Hub/Editor/2022.3.22f1/Editor/Data/MonoBleedingEdge/etc'
Using monoOptions --debugger-agent=transport=dt_socket,embedding=1,server=y,suspend=n,address=127.0.0.1:56524
Begin MonoManager ReloadAssembly
Registering precompiled unity dll's ...
Register platform support module: C:/Program Files/Unity/Hub/Editor/2022.3.22f1/Editor/Data/PlaybackEngines/AndroidPlayer/UnityEditor.Android.Extensions.dll
Register platform support module: C:/Program Files/Unity/Hub/Editor/2022.3.22f1/Editor/Data/PlaybackEngines/WindowsStandaloneSupport/UnityEditor.WindowsStandalone.Extensions.dll
Register platform support module: C:/Program Files/Unity/Hub/Editor/2022.3.22f1/Editor/Data/PlaybackEngines/LinuxStandaloneSupport/UnityEditor.LinuxStandalone.Extensions.dll
Registered in 0.036889 seconds.
- Loaded All Assemblies, in  0.694 seconds
Native extension for LinuxStandalone target not found
Native extension for WindowsStandalone target not found
Native extension for Android target not found
Android Extension - Scanning For ADB Devices 2694 ms
Mono: successfully reloaded assembly
- Finished resetting the current domain, in  3.179 seconds
Domain Reload Profiling: 3865ms
	BeginReloadAssembly (258ms)
		ExecutionOrderSort (0ms)
		DisableScriptedObjects (0ms)
		BackupInstance (0ms)
		ReleaseScriptingObjects (0ms)
		CreateAndSetChildDomain (2ms)
	RebuildCommonClasses (52ms)
	RebuildNativeTypeToScriptingClass (13ms)
	initialDomainReloadingComplete (130ms)
	LoadAllAssembliesAndSetupDomain (233ms)
		LoadAssemblies (241ms)
		RebuildTransferFunctionScriptingTraits (0ms)
		AnalyzeDomain (227ms)
			TypeCache.Refresh (225ms)
				TypeCache.ScanAssembly (201ms)
			ScanForSourceGeneratedMonoScriptInfo (0ms)
			ResolveRequiredComponents (1ms)
	FinalizeReload (3179ms)
		ReleaseScriptCaches (0ms)
		RebuildScriptCaches (0ms)
		SetupLoadedEditorAssemblies (3101ms)
			LogAssemblyErrors (0ms)
			InitializePlatformSupportModulesInManaged (2859ms)
			SetLoadedEditorAssemblies (6ms)
			RefreshPlugins (0ms)
			BeforeProcessingInitializeOnLoad (3ms)
			ProcessInitializeOnLoadAttributes (152ms)
			ProcessInitializeOnLoadMethodAttributes (81ms)
			AfterProcessingInitializeOnLoad (0ms)
			EditorAssembliesLoaded (0ms)
		ExecutionOrderSort2 (0ms)
		AwakeInstancesAfterBackupRestoration (0ms)
========================================================================
Worker process is ready to serve import requests
Begin MonoManager ReloadAssembly
Symbol file LoadedFromMemory is not a mono symbol file
- Loaded All Assemblies, in  1.439 seconds
Refreshing native plugins compatible for Editor in 19.56 ms, found 4 plugins.
Native extension for LinuxStandalone target not found
Native extension for WindowsStandalone target not found
Native extension for Android target not found
Package Manager log level set to [2]
[Package Manager] Server::EnsureServerProcessIsRunning -- launch failed, reason: Unity was launched with the -noUpm command-line argument
[Package Manager] UpmClient::Send -- Unable to send message (not connected to UPM process).
[Package Manager] Cannot connect to Unity Package Manager local server
Mono: successfully reloaded assembly
- Finished resetting the current domain, in  1.524 seconds
Domain Reload Profiling: 2947ms
	BeginReloadAssembly (255ms)
		ExecutionOrderSort (0ms)
		DisableScriptedObjects (8ms)
		BackupInstance (0ms)
		ReleaseScriptingObjects (0ms)
		CreateAndSetChildDomain (29ms)
	RebuildCommonClasses (44ms)
	RebuildNativeTypeToScriptingClass (12ms)
	initialDomainReloadingComplete (65ms)
	LoadAllAssembliesAndSetupDomain (1046ms)
		LoadAssemblies (899ms)
		RebuildTransferFunctionScriptingTraits (0ms)
		AnalyzeDomain (317ms)
			TypeCache.Refresh (264ms)
				TypeCache.ScanAssembly (236ms)
			ScanForSourceGeneratedMonoScriptInfo (36ms)
			ResolveRequiredComponents (15ms)
	FinalizeReload (1525ms)
		ReleaseScriptCaches (0ms)
		RebuildScriptCaches (0ms)
		SetupLoadedEditorAssemblies (1256ms)
			LogAssemblyErrors (0ms)
			InitializePlatformSupportModulesInManaged (58ms)
			SetLoadedEditorAssemblies (9ms)
			RefreshPlugins (0ms)
			BeforeProcessingInitializeOnLoad (235ms)
			ProcessInitializeOnLoadAttributes (814ms)
			ProcessInitializeOnLoadMethodAttributes (110ms)
			AfterProcessingInitializeOnLoad (30ms)
			EditorAssembliesLoaded (0ms)
		ExecutionOrderSort2 (0ms)
		AwakeInstancesAfterBackupRestoration (22ms)
Launched and connected shader compiler UnityShaderCompiler.exe after 0.08 seconds
Refreshing native plugins compatible for Editor in 20.59 ms, found 4 plugins.
Preloading 0 native plugins for Editor in 0.00 ms.
Unloading 5972 Unused Serialized files (Serialized files now loaded: 0)
Unloading 108 unused Assets / (0.5 MB). Loaded Objects now: 6454.
Memory consumption went from 258.8 MB to 258.2 MB.
Total: 5.591000 ms (FindLiveObjects: 0.472900 ms CreateObjectMapping: 0.333900 ms MarkObjects: 4.437400 ms  DeleteObjects: 0.345700 ms)

AssetImportParameters requested are different than current active one (requested -> active):
  custom:container-demuxer-ogg: 62fdf1f143b41e24485cea50d1cbac27 -> 
  custom:video-decoder-ogg-theora: a1e56fd34408186e4bbccfd4996cb3dc -> 
  custom:framework-win-MediaFoundation: 216162199b28c13a410421893ffa2e32 -> 
  custom:CustomObjectIndexerAttribute: 72b91833f83ae208fae7752999fa3104 -> 
  custom:container-demuxer-webm: 4f35f7cbe854078d1ac9338744f61a02 -> 
  custom:container-muxer-webm: aa71ff27fc2769a1b78a27578f13a17b -> 
  custom:video-decoder-webm-vp8: 9c59270c3fd7afecdb556c50c9e8de78 -> 
  custom:SearchIndexIgnoredProperties: e643bd26f0fe6173181afceb89e7c659 -> 
  custom:AudioImporter_EditorPlatform: d09bf68614088b80899f8185d706f6e7 -> 
  custom:video-encoder-webm-vp8: eb34c28f22e8b96e1ab97ce403110664 -> 
  custom:audio-decoder-ogg-vorbis: bf7c407c2cedff20999df2af8eb42d56 -> 
  custom:scripting/monoscript/fileName/CFXR_UpgradeCheck.cs: ecbc382cf7f886ae36ac82906454b189 -> 
  custom:audio-encoder-webm-vorbis: bf7c407c2cedff20999df2af8eb42d56 -> 
========================================================================
Received Import Request.
  Time since last request: 165316.446832 seconds.
  path: Assets/JMO Assets/Cartoon FX Remaster/CFXR Assets/Graphics/cfxr ww smoke glow ab.mat
  artifactKey: Guid(a73ea21367565fe478f25a8a2e33ade3) Importer(815301076,1909f56bfc062723c751e8b465ee728b)
Start importing Assets/JMO Assets/Cartoon FX Remaster/CFXR Assets/Graphics/cfxr ww smoke glow ab.mat using Guid(a73ea21367565fe478f25a8a2e33ade3) Importer(815301076,1909f56bfc062723c751e8b465ee728b)  -> (artifact id: 'e7bb22fa13fa39c9e5196300e0683aa2') in 0.344393 seconds
Number of updated asset objects reloaded before import = 0
Number of asset objects unloaded after import = 4
========================================================================
Received Prepare
Begin MonoManager ReloadAssembly
Symbol file LoadedFromMemory is not a mono symbol file
- Loaded All Assemblies, in  1.199 seconds
Refreshing native plugins compatible for Editor in 22.02 ms, found 4 plugins.
Native extension for LinuxStandalone target not found
Native extension for WindowsStandalone target not found
Native extension for Android target not found
[Package Manager] Server::EnsureServerProcessIsRunning -- launch failed, reason: Unity was launched with the -noUpm command-line argument
[Package Manager] UpmClient::Send -- Unable to send message (not connected to UPM process).
[Package Manager] Cannot connect to Unity Package Manager local server
Mono: successfully reloaded assembly
- Finished resetting the current domain, in  3.488 seconds
Domain Reload Profiling: 4669ms
	BeginReloadAssembly (314ms)
		ExecutionOrderSort (0ms)
		DisableScriptedObjects (22ms)
		BackupInstance (0ms)
		ReleaseScriptingObjects (0ms)
		CreateAndSetChildDomain (79ms)
	RebuildCommonClasses (45ms)
	RebuildNativeTypeToScriptingClass (13ms)
	initialDomainReloadingComplete (67ms)
	LoadAllAssembliesAndSetupDomain (742ms)
		LoadAssemblies (833ms)
		RebuildTransferFunctionScriptingTraits (0ms)
		AnalyzeDomain (70ms)
			TypeCache.Refresh (17ms)
				TypeCache.ScanAssembly (4ms)
			ScanForSourceGeneratedMonoScriptInfo (35ms)
			ResolveRequiredComponents (17ms)
	FinalizeReload (3489ms)
		ReleaseScriptCaches (0ms)
		RebuildScriptCaches (0ms)
		SetupLoadedEditorAssemblies (1105ms)
			LogAssemblyErrors (0ms)
			InitializePlatformSupportModulesInManaged (60ms)
			SetLoadedEditorAssemblies (7ms)
			RefreshPlugins (0ms)
			BeforeProcessingInitializeOnLoad (215ms)
			ProcessInitializeOnLoadAttributes (716ms)
			ProcessInitializeOnLoadMethodAttributes (82ms)
			AfterProcessingInitializeOnLoad (24ms)
			EditorAssembliesLoaded (0ms)
		ExecutionOrderSort2 (0ms)
		AwakeInstancesAfterBackupRestoration (35ms)
Refreshing native plugins compatible for Editor in 19.87 ms, found 4 plugins.
Preloading 0 native plugins for Editor in 0.00 ms.
Unloading 5792 Unused Serialized files (Serialized files now loaded: 0)
Unloading 64 unused Assets / (0.5 MB). Loaded Objects now: 6547.
Memory consumption went from 230.4 MB to 229.9 MB.
Total: 5.465700 ms (FindLiveObjects: 0.560000 ms CreateObjectMapping: 0.321800 ms MarkObjects: 4.237300 ms  DeleteObjects: 0.345400 ms)

Prepare: number of updated asset objects reloaded= 6
AssetImportParameters requested are different than current active one (requested -> active):
  custom:container-demuxer-ogg: 62fdf1f143b41e24485cea50d1cbac27 -> 
  custom:video-decoder-ogg-theora: a1e56fd34408186e4bbccfd4996cb3dc -> 
  custom:framework-win-MediaFoundation: 216162199b28c13a410421893ffa2e32 -> 
  custom:CustomObjectIndexerAttribute: 72b91833f83ae208fae7752999fa3104 -> 
  custom:container-demuxer-webm: 4f35f7cbe854078d1ac9338744f61a02 -> 
  custom:container-muxer-webm: aa71ff27fc2769a1b78a27578f13a17b -> 
  custom:video-decoder-webm-vp8: 9c59270c3fd7afecdb556c50c9e8de78 -> 
  custom:SearchIndexIgnoredProperties: e643bd26f0fe6173181afceb89e7c659 -> 
  custom:AudioImporter_EditorPlatform: d09bf68614088b80899f8185d706f6e7 -> 
  custom:video-encoder-webm-vp8: eb34c28f22e8b96e1ab97ce403110664 -> 
  custom:audio-decoder-ogg-vorbis: bf7c407c2cedff20999df2af8eb42d56 -> 
  custom:scripting/monoscript/fileName/CFXR_UpgradeCheck.cs: ecbc382cf7f886ae36ac82906454b189 -> 
  custom:audio-encoder-webm-vorbis: bf7c407c2cedff20999df2af8eb42d56 -> 
========================================================================
Received Import Request.
  Time since last request: 3596.242903 seconds.
  path: Assets/Universal Sound FX
  artifactKey: Guid(bab4409fe84bf7248a395a20a461c2ac) Importer(815301076,1909f56bfc062723c751e8b465ee728b)
Start importing Assets/Universal Sound FX using Guid(bab4409fe84bf7248a395a20a461c2ac) Importer(815301076,1909f56bfc062723c751e8b465ee728b)  -> (artifact id: '23a9207e025fa47a167b26f3a2121327') in 0.013207 seconds
Number of updated asset objects reloaded before import = 0
Number of asset objects unloaded after import = 0
========================================================================
Received Import Request.
  Time since last request: 2.091017 seconds.
  path: Assets/Universal Sound FX/WEAPONS
  artifactKey: Guid(496fc85f8b6fe6640b2187c4007955e1) Importer(815301076,1909f56bfc062723c751e8b465ee728b)
Start importing Assets/Universal Sound FX/WEAPONS using Guid(496fc85f8b6fe6640b2187c4007955e1) Importer(815301076,1909f56bfc062723c751e8b465ee728b)  -> (artifact id: '1b1c23b89e257701057ca44180c9c3cb') in 0.000868 seconds
Number of updated asset objects reloaded before import = 0
Number of asset objects unloaded after import = 0
========================================================================
Received Import Request.
  Time since last request: 0.976946 seconds.
  path: Assets/Universal Sound FX/WEAPONS/Melee
  artifactKey: Guid(fd41180d23fc22b47b45d111c9e64c8a) Importer(815301076,1909f56bfc062723c751e8b465ee728b)
Start importing Assets/Universal Sound FX/WEAPONS/Melee using Guid(fd41180d23fc22b47b45d111c9e64c8a) Importer(815301076,1909f56bfc062723c751e8b465ee728b)  -> (artifact id: '49324d24acf67635a3becac9b223ff5c') in 0.000726 seconds
Number of updated asset objects reloaded before import = 0
Number of asset objects unloaded after import = 0
========================================================================
Received Import Request.
  Time since last request: 1.163992 seconds.
  path: Assets/Universal Sound FX/WEAPONS/Melee/Swords
  artifactKey: Guid(198ba2c98ba37df4dadf06f160b2480d) Importer(815301076,1909f56bfc062723c751e8b465ee728b)
Start importing Assets/Universal Sound FX/WEAPONS/Melee/Swords using Guid(198ba2c98ba37df4dadf06f160b2480d) Importer(815301076,1909f56bfc062723c751e8b465ee728b)  -> (artifact id: 'eafcf39e94df7141220287d1fa0df2bf') in 0.000708 seconds
Number of updated asset objects reloaded before import = 0
Number of asset objects unloaded after import = 0
========================================================================
Received Import Request.
  Time since last request: 0.051824 seconds.
  path: Assets/Universal Sound FX/WEAPONS/Melee/Swords/SWORD_Blade_Slide_01_mono.wav
  artifactKey: Guid(1d3a19fea6842df4da791ad2fd120877) Importer(815301076,1909f56bfc062723c751e8b465ee728b)
Start importing Assets/Universal Sound FX/WEAPONS/Melee/Swords/SWORD_Blade_Slide_01_mono.wav using Guid(1d3a19fea6842df4da791ad2fd120877) Importer(815301076,1909f56bfc062723c751e8b465ee728b)  -> (artifact id: '8d3c7c06117a4fd09f1abc483db2b902') in 0.121006 seconds
Number of updated asset objects reloaded before import = 0
Number of asset objects unloaded after import = 2
========================================================================
Received Import Request.
  Time since last request: 0.000046 seconds.
  path: Assets/Universal Sound FX/WEAPONS/Melee/Swords/SWORD_Hit_Armor_Hard_RR1_mono.wav
  artifactKey: Guid(342d4902db58d8a47a9f0665aeda8179) Importer(815301076,1909f56bfc062723c751e8b465ee728b)
Start importing Assets/Universal Sound FX/WEAPONS/Melee/Swords/SWORD_Hit_Armor_Hard_RR1_mono.wav using Guid(342d4902db58d8a47a9f0665aeda8179) Importer(815301076,1909f56bfc062723c751e8b465ee728b)  -> (artifact id: '2cb9288eb6c4b6efefe92ab557a1ef0e') in 0.013743 seconds
Number of updated asset objects reloaded before import = 0
Number of asset objects unloaded after import = 2
========================================================================
Received Import Request.
  Time since last request: 0.000041 seconds.
  path: Assets/Universal Sound FX/WEAPONS/Melee/Swords/SWORD_Hit_Armor_Hard_RR7_mono.wav
  artifactKey: Guid(befad5c0651884e43ad964d1fceb396d) Importer(815301076,1909f56bfc062723c751e8b465ee728b)
Start importing Assets/Universal Sound FX/WEAPONS/Melee/Swords/SWORD_Hit_Armor_Hard_RR7_mono.wav using Guid(befad5c0651884e43ad964d1fceb396d) Importer(815301076,1909f56bfc062723c751e8b465ee728b)  -> (artifact id: '0790981b86a15a8ab7fcee71ce7842d6') in 0.013439 seconds
Number of updated asset objects reloaded before import = 0
Number of asset objects unloaded after import = 2
========================================================================
Received Import Request.
  Time since last request: 0.000033 seconds.
  path: Assets/Universal Sound FX/WEAPONS/Melee/Swords/SWORD_Hit_Armor_Hard_RR6_mono.wav
  artifactKey: Guid(9bed2e7289f1ad444aff413fc4ed3f17) Importer(815301076,1909f56bfc062723c751e8b465ee728b)
Start importing Assets/Universal Sound FX/WEAPONS/Melee/Swords/SWORD_Hit_Armor_Hard_RR6_mono.wav using Guid(9bed2e7289f1ad444aff413fc4ed3f17) Importer(815301076,1909f56bfc062723c751e8b465ee728b)  -> (artifact id: 'daf21b517d5fca4a9dfa4792700f0495') in 0.013191 seconds
Number of updated asset objects reloaded before import = 0
Number of asset objects unloaded after import = 2
========================================================================
Received Import Request.
  Time since last request: 0.000035 seconds.
  path: Assets/Universal Sound FX/WEAPONS/Melee/Swords/SWORD_Hit_Armor_Hard_RR10_mono.wav
  artifactKey: Guid(61204d0f5526a9c42ae657da8970563a) Importer(815301076,1909f56bfc062723c751e8b465ee728b)
Start importing Assets/Universal Sound FX/WEAPONS/Melee/Swords/SWORD_Hit_Armor_Hard_RR10_mono.wav using Guid(61204d0f5526a9c42ae657da8970563a) Importer(815301076,1909f56bfc062723c751e8b465ee728b)  -> (artifact id: '6b5f83030905ae15669fd9fb7a16cf87') in 0.012351 seconds
Number of updated asset objects reloaded before import = 0
Number of asset objects unloaded after import = 2
========================================================================
Received Import Request.
  Time since last request: 0.000023 seconds.
  path: Assets/Universal Sound FX/WEAPONS/Melee/Swords/SWORD_Hit_Armor_Hard_RR3_mono.wav
  artifactKey: Guid(2913509b9ecd5204b81ba31a8f80b248) Importer(815301076,1909f56bfc062723c751e8b465ee728b)
Start importing Assets/Universal Sound FX/WEAPONS/Melee/Swords/SWORD_Hit_Armor_Hard_RR3_mono.wav using Guid(2913509b9ecd5204b81ba31a8f80b248) Importer(815301076,1909f56bfc062723c751e8b465ee728b)  -> (artifact id: '9ef96aff51b60da350870ee1212067d9') in 0.011332 seconds
Number of updated asset objects reloaded before import = 0
Number of asset objects unloaded after import = 2
========================================================================
Received Import Request.
  Time since last request: 0.000020 seconds.
  path: Assets/Universal Sound FX/WEAPONS/Melee/Swords/SWORD_Hit_Metal_Armor_RR5_mono.wav
  artifactKey: Guid(3f8c53300a72f4b4d91d2ed830be37f7) Importer(815301076,1909f56bfc062723c751e8b465ee728b)
Start importing Assets/Universal Sound FX/WEAPONS/Melee/Swords/SWORD_Hit_Metal_Armor_RR5_mono.wav using Guid(3f8c53300a72f4b4d91d2ed830be37f7) Importer(815301076,1909f56bfc062723c751e8b465ee728b)  -> (artifact id: '7dd83120efa5448b7f5799623eb336d1') in 0.011560 seconds
Number of updated asset objects reloaded before import = 0
Number of asset objects unloaded after import = 2
========================================================================
Received Import Request.
  Time since last request: 0.000018 seconds.
  path: Assets/Universal Sound FX/WEAPONS/Melee/Swords/SWORD_Hit_Armor_Hard_RR2_mono.wav
  artifactKey: Guid(85947408833d05e45af7ce338b79439e) Importer(815301076,1909f56bfc062723c751e8b465ee728b)
Start importing Assets/Universal Sound FX/WEAPONS/Melee/Swords/SWORD_Hit_Armor_Hard_RR2_mono.wav using Guid(85947408833d05e45af7ce338b79439e) Importer(815301076,1909f56bfc062723c751e8b465ee728b)  -> (artifact id: '4b6c0a6bec59b01c0db9db8761241704') in 0.011831 seconds
Number of updated asset objects reloaded before import = 0
Number of asset objects unloaded after import = 2
========================================================================
Received Import Request.
  Time since last request: 0.000020 seconds.
  path: Assets/Universal Sound FX/WEAPONS/Melee/Swords/SWORD_Hit_Sword_Cling_01_RR3_mono.wav
  artifactKey: Guid(12a0749b0193ac145a575216377fad7a) Importer(815301076,1909f56bfc062723c751e8b465ee728b)
Start importing Assets/Universal Sound FX/WEAPONS/Melee/Swords/SWORD_Hit_Sword_Cling_01_RR3_mono.wav using Guid(12a0749b0193ac145a575216377fad7a) Importer(815301076,1909f56bfc062723c751e8b465ee728b)  -> (artifact id: 'e279d7f7c8c05c89e3faa11481830f82') in 0.010780 seconds
Number of updated asset objects reloaded before import = 0
Number of asset objects unloaded after import = 2
========================================================================
Received Import Request.
  Time since last request: 0.000026 seconds.
  path: Assets/Universal Sound FX/WEAPONS/Melee/Swords/SWORD_Hit_Sword_Cling_01_RR2_mono.wav
  artifactKey: Guid(8322a11e906a24649b96c7ead8eb3c83) Importer(815301076,1909f56bfc062723c751e8b465ee728b)
Start importing Assets/Universal Sound FX/WEAPONS/Melee/Swords/SWORD_Hit_Sword_Cling_01_RR2_mono.wav using Guid(8322a11e906a24649b96c7ead8eb3c83) Importer(815301076,1909f56bfc062723c751e8b465ee728b)  -> (artifact id: 'bd42a7847ef96d5c2f7470b3fd35a494') in 0.011297 seconds
Number of updated asset objects reloaded before import = 0
Number of asset objects unloaded after import = 2
========================================================================
Received Import Request.
  Time since last request: 0.000018 seconds.
  path: Assets/Universal Sound FX/WEAPONS/Melee/Swords/SWORD_Hit_Armor_Hard_RR5_mono.wav
  artifactKey: Guid(a51dbf3a8a2f487469edcbf82fe48835) Importer(815301076,1909f56bfc062723c751e8b465ee728b)
Start importing Assets/Universal Sound FX/WEAPONS/Melee/Swords/SWORD_Hit_Armor_Hard_RR5_mono.wav using Guid(a51dbf3a8a2f487469edcbf82fe48835) Importer(815301076,1909f56bfc062723c751e8b465ee728b)  -> (artifact id: 'a9e7898bf54b582942e82c44a8415023') in 0.011532 seconds
Number of updated asset objects reloaded before import = 0
Number of asset objects unloaded after import = 2
========================================================================
Received Import Request.
  Time since last request: 0.000021 seconds.
  path: Assets/Universal Sound FX/WEAPONS/Melee/Swords/SWORD_Hit_Armor_Hard_RR4_mono.wav
  artifactKey: Guid(ef72376bf554b2243a8a22494d0bb1f8) Importer(815301076,1909f56bfc062723c751e8b465ee728b)
Start importing Assets/Universal Sound FX/WEAPONS/Melee/Swords/SWORD_Hit_Armor_Hard_RR4_mono.wav using Guid(ef72376bf554b2243a8a22494d0bb1f8) Importer(815301076,1909f56bfc062723c751e8b465ee728b)  -> (artifact id: '88b675af80f15ee33d3044435e2d034a') in 0.016243 seconds
Number of updated asset objects reloaded before import = 0
Number of asset objects unloaded after import = 2
========================================================================
Received Import Request.
  Time since last request: 0.000025 seconds.
  path: Assets/Universal Sound FX/WEAPONS/Melee/Swords/SWORD_Hit_Metal_Armor_RR8_mono.wav
  artifactKey: Guid(8f280e127953bc04eb9485313544e7b0) Importer(815301076,1909f56bfc062723c751e8b465ee728b)
Start importing Assets/Universal Sound FX/WEAPONS/Melee/Swords/SWORD_Hit_Metal_Armor_RR8_mono.wav using Guid(8f280e127953bc04eb9485313544e7b0) Importer(815301076,1909f56bfc062723c751e8b465ee728b)  -> (artifact id: '3257a64cb84bd08356861ee42cabc3e1') in 0.012379 seconds
Number of updated asset objects reloaded before import = 0
Number of asset objects unloaded after import = 2
========================================================================
Received Import Request.
  Time since last request: 0.000030 seconds.
  path: Assets/Universal Sound FX/WEAPONS/Melee/Swords/SWORD_Hit_Metal_Armor_RR4_mono.wav
  artifactKey: Guid(979b541fd8a7dee49860376cf50e23fc) Importer(815301076,1909f56bfc062723c751e8b465ee728b)
Start importing Assets/Universal Sound FX/WEAPONS/Melee/Swords/SWORD_Hit_Metal_Armor_RR4_mono.wav using Guid(979b541fd8a7dee49860376cf50e23fc) Importer(815301076,1909f56bfc062723c751e8b465ee728b)  -> (artifact id: '0f4ace42b18481944a83765e631c3537') in 0.014866 seconds
Number of updated asset objects reloaded before import = 0
Number of asset objects unloaded after import = 2
========================================================================
Received Import Request.
  Time since last request: 0.000020 seconds.
  path: Assets/Universal Sound FX/WEAPONS/Melee/Swords/SWORD_Hit_Metal_Armor_RR1_mono.wav
  artifactKey: Guid(10d902287e4b74c4fb6b1a065f3a71d4) Importer(815301076,1909f56bfc062723c751e8b465ee728b)
Start importing Assets/Universal Sound FX/WEAPONS/Melee/Swords/SWORD_Hit_Metal_Armor_RR1_mono.wav using Guid(10d902287e4b74c4fb6b1a065f3a71d4) Importer(815301076,1909f56bfc062723c751e8b465ee728b)  -> (artifact id: 'ab51c3f948fc8f6e30e3b2231804c33d') in 0.013345 seconds
Number of updated asset objects reloaded before import = 0
Number of asset objects unloaded after import = 2
========================================================================
Received Import Request.
  Time since last request: 0.000029 seconds.
  path: Assets/Universal Sound FX/WEAPONS/Melee/Swords/SWORD_Hit_Sword_Cling_01_RR1_mono.wav
  artifactKey: Guid(9b00fea29ae229e45852c7f6249c6971) Importer(815301076,1909f56bfc062723c751e8b465ee728b)
Start importing Assets/Universal Sound FX/WEAPONS/Melee/Swords/SWORD_Hit_Sword_Cling_01_RR1_mono.wav using Guid(9b00fea29ae229e45852c7f6249c6971) Importer(815301076,1909f56bfc062723c751e8b465ee728b)  -> (artifact id: '410f761dfe0c4f9b7f9f2db766ec0dc7') in 0.012467 seconds
Number of updated asset objects reloaded before import = 0
Number of asset objects unloaded after import = 2
========================================================================
Received Import Request.
  Time since last request: 0.000025 seconds.
  path: Assets/Universal Sound FX/WEAPONS/Melee/Swords/SWORD_Hit_Armor_Hard_RR8_mono.wav
  artifactKey: Guid(a0c0978930ce8d6499e3dc716d3c1064) Importer(815301076,1909f56bfc062723c751e8b465ee728b)
Start importing Assets/Universal Sound FX/WEAPONS/Melee/Swords/SWORD_Hit_Armor_Hard_RR8_mono.wav using Guid(a0c0978930ce8d6499e3dc716d3c1064) Importer(815301076,1909f56bfc062723c751e8b465ee728b)  -> (artifact id: 'c6820b34f6ff25d681d9e9b449fce424') in 0.012156 seconds
Number of updated asset objects reloaded before import = 0
Number of asset objects unloaded after import = 2
========================================================================
Received Import Request.
  Time since last request: 0.585902 seconds.
  path: Assets/Universal Sound FX/WEAPONS/Melee/Swords/SWORD_Hit_Sword_Cling_01_RR6_mono.wav
  artifactKey: Guid(d5d9bdda4b4d70e479d7da5ddfb45445) Importer(815301076,1909f56bfc062723c751e8b465ee728b)
Start importing Assets/Universal Sound FX/WEAPONS/Melee/Swords/SWORD_Hit_Sword_Cling_01_RR6_mono.wav using Guid(d5d9bdda4b4d70e479d7da5ddfb45445) Importer(815301076,1909f56bfc062723c751e8b465ee728b)  -> (artifact id: '85580dcbe0dd1766e575580f68edb45a') in 0.011092 seconds
Number of updated asset objects reloaded before import = 0
Number of asset objects unloaded after import = 2
========================================================================
Received Import Request.
  Time since last request: 0.000022 seconds.
  path: Assets/Universal Sound FX/WEAPONS/Melee/Swords/SWORD_Hit_Sword_Cling_01_RR8_mono.wav
  artifactKey: Guid(d3271cbba3d66184c8ebbcff6691652d) Importer(815301076,1909f56bfc062723c751e8b465ee728b)
Start importing Assets/Universal Sound FX/WEAPONS/Melee/Swords/SWORD_Hit_Sword_Cling_01_RR8_mono.wav using Guid(d3271cbba3d66184c8ebbcff6691652d) Importer(815301076,1909f56bfc062723c751e8b465ee728b)  -> (artifact id: '33f708d3c751d742e65363da3750fffa') in 0.023061 seconds
Number of updated asset objects reloaded before import = 0
Number of asset objects unloaded after import = 2
========================================================================
Received Import Request.
  Time since last request: 0.000057 seconds.
  path: Assets/Universal Sound FX/WEAPONS/Melee/Swords/SWORD_Hit_Sword_Hard_RR3_mono.wav
  artifactKey: Guid(1c46d4d833d4a8543ab8f701c7afa05b) Importer(815301076,1909f56bfc062723c751e8b465ee728b)
Start importing Assets/Universal Sound FX/WEAPONS/Melee/Swords/SWORD_Hit_Sword_Hard_RR3_mono.wav using Guid(1c46d4d833d4a8543ab8f701c7afa05b) Importer(815301076,1909f56bfc062723c751e8b465ee728b)  -> (artifact id: 'd43046582a23d1980b67e1f817917419') in 0.011019 seconds
Number of updated asset objects reloaded before import = 0
Number of asset objects unloaded after import = 2
========================================================================
Received Import Request.
  Time since last request: 0.000025 seconds.
  path: Assets/Universal Sound FX/WEAPONS/Melee/Swords/SWORD_Hit_Sword_Hard_RR1_mono.wav
  artifactKey: Guid(86bb01ffc8c100a4e97ce4d1797042b3) Importer(815301076,1909f56bfc062723c751e8b465ee728b)
Start importing Assets/Universal Sound FX/WEAPONS/Melee/Swords/SWORD_Hit_Sword_Hard_RR1_mono.wav using Guid(86bb01ffc8c100a4e97ce4d1797042b3) Importer(815301076,1909f56bfc062723c751e8b465ee728b)  -> (artifact id: 'c8ca880c92bd05a39c5d181ef3fb299a') in 0.011761 seconds
Number of updated asset objects reloaded before import = 0
Number of asset objects unloaded after import = 2
========================================================================
Received Import Request.
  Time since last request: 0.006473 seconds.
  path: Assets/Universal Sound FX/WEAPONS/Melee/Swords/SWORD_Hit_Sword_Hard_RR5_mono.wav
  artifactKey: Guid(a17a9f5fc98c88f41a6309e43e2be81a) Importer(815301076,1909f56bfc062723c751e8b465ee728b)
Start importing Assets/Universal Sound FX/WEAPONS/Melee/Swords/SWORD_Hit_Sword_Hard_RR5_mono.wav using Guid(a17a9f5fc98c88f41a6309e43e2be81a) Importer(815301076,1909f56bfc062723c751e8b465ee728b)  -> (artifact id: 'c207e168e8ce6c6cabb9fb4022fbafb9') in 0.011850 seconds
Number of updated asset objects reloaded before import = 0
Number of asset objects unloaded after import = 2
========================================================================
Received Import Request.
  Time since last request: 0.000024 seconds.
  path: Assets/Universal Sound FX/WEAPONS/Melee/Swords/SWORD_Hit_Sword_Hard_RR7_mono.wav
  artifactKey: Guid(5f2ee57e284711b4ba947a6a5c709eb9) Importer(815301076,1909f56bfc062723c751e8b465ee728b)
Start importing Assets/Universal Sound FX/WEAPONS/Melee/Swords/SWORD_Hit_Sword_Hard_RR7_mono.wav using Guid(5f2ee57e284711b4ba947a6a5c709eb9) Importer(815301076,1909f56bfc062723c751e8b465ee728b)  -> (artifact id: '790529274603ea533e147019865910b6') in 0.011368 seconds
Number of updated asset objects reloaded before import = 0
Number of asset objects unloaded after import = 2
========================================================================
Received Import Request.
  Time since last request: 0.000025 seconds.
  path: Assets/Universal Sound FX/WEAPONS/Melee/Swords/SWORD_Hit_Sword_Hard_RR9_mono.wav
  artifactKey: Guid(f1c1dae55acea9a4997a425129c460c3) Importer(815301076,1909f56bfc062723c751e8b465ee728b)
Start importing Assets/Universal Sound FX/WEAPONS/Melee/Swords/SWORD_Hit_Sword_Hard_RR9_mono.wav using Guid(f1c1dae55acea9a4997a425129c460c3) Importer(815301076,1909f56bfc062723c751e8b465ee728b)  -> (artifact id: '0f3a9024f9c0416524d3d705b5593e90') in 0.011138 seconds
Number of updated asset objects reloaded before import = 0
Number of asset objects unloaded after import = 2
Editor requested this worker to shutdown with reason: Scaling down because of idle timeout
TcpMessagingSession - receive error: operation aborted. errorcode: 995, details: 스레드 종료 또는 응용 프로그램 요청 때문에 I/O 작업이 취소되었습니다.
AssetImportWorker is now disconnected from the server
Process exiting
Exiting without the bug reporter. Application will terminate with return code 0