Using pre-set license
Built from '2022.3/staging' branch; Version is '2022.3.22f1 (887be4894c44) revision 8944612'; Using compiler version '192829333'; Build Type 'Release'
OS: 'Windows 11  (10.0.22631) 64bit Professional' Language: 'ko' Physical Memory: 15734 MB
BatchMode: 1, IsHumanControllingUs: 0, StartBugReporterOnCrash: 0, Is64bit: 1, IsPro: 1

COMMAND LINE ARGUMENTS:
C:\Program Files\Unity\Hub\Editor\2022.3.22f1\Editor\Unity.exe
-adb2
-batchMode
-noUpm
-name
AssetImportWorker18
-projectPath
D:/Projects/PixelSquad/PixelSquadClient
-logFile
Logs/AssetImportWorker18.log
-srvPort
50845
Successfully changed project path to: D:/Projects/PixelSquad/PixelSquadClient
D:/Projects/PixelSquad/PixelSquadClient
[UnityMemory] Configuration Parameters - Can be set up in boot.config
    "memorysetup-bucket-allocator-granularity=16"
    "memorysetup-bucket-allocator-bucket-count=8"
    "memorysetup-bucket-allocator-block-size=33554432"
    "memorysetup-bucket-allocator-block-count=8"
    "memorysetup-main-allocator-block-size=16777216"
    "memorysetup-thread-allocator-block-size=16777216"
    "memorysetup-gfx-main-allocator-block-size=16777216"
    "memorysetup-gfx-thread-allocator-block-size=16777216"
    "memorysetup-cache-allocator-block-size=4194304"
    "memorysetup-typetree-allocator-block-size=2097152"
    "memorysetup-profiler-bucket-allocator-granularity=16"
    "memorysetup-profiler-bucket-allocator-bucket-count=8"
    "memorysetup-profiler-bucket-allocator-block-size=33554432"
    "memorysetup-profiler-bucket-allocator-block-count=8"
    "memorysetup-profiler-allocator-block-size=16777216"
    "memorysetup-profiler-editor-allocator-block-size=1048576"
    "memorysetup-temp-allocator-size-main=16777216"
    "memorysetup-job-temp-allocator-block-size=2097152"
    "memorysetup-job-temp-allocator-block-size-background=1048576"
    "memorysetup-job-temp-allocator-reduction-small-platforms=262144"
    "memorysetup-allocator-temp-initial-block-size-main=262144"
    "memorysetup-allocator-temp-initial-block-size-worker=262144"
    "memorysetup-temp-allocator-size-background-worker=32768"
    "memorysetup-temp-allocator-size-job-worker=262144"
    "memorysetup-temp-allocator-size-preload-manager=33554432"
    "memorysetup-temp-allocator-size-nav-mesh-worker=65536"
    "memorysetup-temp-allocator-size-audio-worker=65536"
    "memorysetup-temp-allocator-size-cloud-worker=32768"
    "memorysetup-temp-allocator-size-gi-baking-worker=262144"
    "memorysetup-temp-allocator-size-gfx=262144"
Player connection [23080] Host "[IP] 192.168.0.6 [Port] 0 [Flags] 2 [Guid] 1692463314 [EditorId] 1692463314 [Version] 1048832 [Id] WindowsEditor(7,MINUK) [Debug] 1 [PackageName] WindowsEditor [ProjectName] Editor" joined multi-casting on [225.0.0.222:54997]...

Player connection [23080] Host "[IP] 192.168.0.6 [Port] 0 [Flags] 2 [Guid] 1692463314 [EditorId] 1692463314 [Version] 1048832 [Id] WindowsEditor(7,MINUK) [Debug] 1 [PackageName] WindowsEditor [ProjectName] Editor" joined alternative multi-casting on [225.0.0.222:34997]...

[Physics::Module] Initialized MultithreadedJobDispatcher with 15 workers.
Refreshing native plugins compatible for Editor in 47.37 ms, found 4 plugins.
Preloading 0 native plugins for Editor in 0.00 ms.
Initialize engine version: 2022.3.22f1 (887be4894c44)
[Subsystems] Discovering subsystems at path C:/Program Files/Unity/Hub/Editor/2022.3.22f1/Editor/Data/Resources/UnitySubsystems
[Subsystems] Discovering subsystems at path D:/Projects/PixelSquad/PixelSquadClient/Assets
GfxDevice: creating device client; threaded=0; jobified=0
Direct3D:
    Version:  Direct3D 11.0 [level 11.1]
    Renderer: NVIDIA GeForce RTX 3060 Laptop GPU (ID=0x2520)
    Vendor:   NVIDIA
    VRAM:     6010 MB
    Driver:   31.0.15.4629
Initialize mono
Mono path[0] = 'C:/Program Files/Unity/Hub/Editor/2022.3.22f1/Editor/Data/Managed'
Mono path[1] = 'C:/Program Files/Unity/Hub/Editor/2022.3.22f1/Editor/Data/MonoBleedingEdge/lib/mono/unityjit-win32'
Mono config path = 'C:/Program Files/Unity/Hub/Editor/2022.3.22f1/Editor/Data/MonoBleedingEdge/etc'
Using monoOptions --debugger-agent=transport=dt_socket,embedding=1,server=y,suspend=n,address=127.0.0.1:56936
Begin MonoManager ReloadAssembly
Registering precompiled unity dll's ...
Register platform support module: C:/Program Files/Unity/Hub/Editor/2022.3.22f1/Editor/Data/PlaybackEngines/AndroidPlayer/UnityEditor.Android.Extensions.dll
Register platform support module: C:/Program Files/Unity/Hub/Editor/2022.3.22f1/Editor/Data/PlaybackEngines/WindowsStandaloneSupport/UnityEditor.WindowsStandalone.Extensions.dll
Register platform support module: C:/Program Files/Unity/Hub/Editor/2022.3.22f1/Editor/Data/PlaybackEngines/LinuxStandaloneSupport/UnityEditor.LinuxStandalone.Extensions.dll
Registered in 0.037358 seconds.
- Loaded All Assemblies, in  0.607 seconds
Native extension for LinuxStandalone target not found
Native extension for WindowsStandalone target not found
Native extension for Android target not found
Android Extension - Scanning For ADB Devices 2278 ms
Mono: successfully reloaded assembly
- Finished resetting the current domain, in  2.730 seconds
Domain Reload Profiling: 3329ms
	BeginReloadAssembly (211ms)
		ExecutionOrderSort (0ms)
		DisableScriptedObjects (0ms)
		BackupInstance (0ms)
		ReleaseScriptingObjects (0ms)
		CreateAndSetChildDomain (1ms)
	RebuildCommonClasses (47ms)
	RebuildNativeTypeToScriptingClass (11ms)
	initialDomainReloadingComplete (123ms)
	LoadAllAssembliesAndSetupDomain (206ms)
		LoadAssemblies (205ms)
		RebuildTransferFunctionScriptingTraits (0ms)
		AnalyzeDomain (200ms)
			TypeCache.Refresh (197ms)
				TypeCache.ScanAssembly (181ms)
			ScanForSourceGeneratedMonoScriptInfo (1ms)
			ResolveRequiredComponents (2ms)
	FinalizeReload (2731ms)
		ReleaseScriptCaches (0ms)
		RebuildScriptCaches (0ms)
		SetupLoadedEditorAssemblies (2656ms)
			LogAssemblyErrors (0ms)
			InitializePlatformSupportModulesInManaged (2431ms)
			SetLoadedEditorAssemblies (5ms)
			RefreshPlugins (0ms)
			BeforeProcessingInitializeOnLoad (3ms)
			ProcessInitializeOnLoadAttributes (146ms)
			ProcessInitializeOnLoadMethodAttributes (71ms)
			AfterProcessingInitializeOnLoad (0ms)
			EditorAssembliesLoaded (0ms)
		ExecutionOrderSort2 (0ms)
		AwakeInstancesAfterBackupRestoration (0ms)
========================================================================
Worker process is ready to serve import requests
Begin MonoManager ReloadAssembly
Symbol file LoadedFromMemory is not a mono symbol file
- Loaded All Assemblies, in  1.360 seconds
Refreshing native plugins compatible for Editor in 20.24 ms, found 4 plugins.
Native extension for LinuxStandalone target not found
Native extension for WindowsStandalone target not found
Native extension for Android target not found
Package Manager log level set to [2]
[Package Manager] Server::EnsureServerProcessIsRunning -- launch failed, reason: Unity was launched with the -noUpm command-line argument
[Package Manager] UpmClient::Send -- Unable to send message (not connected to UPM process).
[Package Manager] Cannot connect to Unity Package Manager local server
Mono: successfully reloaded assembly
- Finished resetting the current domain, in  1.211 seconds
Domain Reload Profiling: 2553ms
	BeginReloadAssembly (266ms)
		ExecutionOrderSort (0ms)
		DisableScriptedObjects (7ms)
		BackupInstance (0ms)
		ReleaseScriptingObjects (0ms)
		CreateAndSetChildDomain (27ms)
	RebuildCommonClasses (49ms)
	RebuildNativeTypeToScriptingClass (12ms)
	initialDomainReloadingComplete (64ms)
	LoadAllAssembliesAndSetupDomain (951ms)
		LoadAssemblies (809ms)
		RebuildTransferFunctionScriptingTraits (0ms)
		AnalyzeDomain (325ms)
			TypeCache.Refresh (269ms)
				TypeCache.ScanAssembly (242ms)
			ScanForSourceGeneratedMonoScriptInfo (39ms)
			ResolveRequiredComponents (16ms)
	FinalizeReload (1212ms)
		ReleaseScriptCaches (0ms)
		RebuildScriptCaches (0ms)
		SetupLoadedEditorAssemblies (978ms)
			LogAssemblyErrors (0ms)
			InitializePlatformSupportModulesInManaged (50ms)
			SetLoadedEditorAssemblies (7ms)
			RefreshPlugins (0ms)
			BeforeProcessingInitializeOnLoad (188ms)
			ProcessInitializeOnLoadAttributes (643ms)
			ProcessInitializeOnLoadMethodAttributes (70ms)
			AfterProcessingInitializeOnLoad (19ms)
			EditorAssembliesLoaded (0ms)
		ExecutionOrderSort2 (0ms)
		AwakeInstancesAfterBackupRestoration (18ms)
Launched and connected shader compiler UnityShaderCompiler.exe after 0.11 seconds
Refreshing native plugins compatible for Editor in 16.73 ms, found 4 plugins.
Preloading 0 native plugins for Editor in 0.00 ms.
Unloading 5956 Unused Serialized files (Serialized files now loaded: 0)
Unloading 108 unused Assets / (0.5 MB). Loaded Objects now: 6438.
Memory consumption went from 256.1 MB to 255.6 MB.
Total: 5.135800 ms (FindLiveObjects: 0.541500 ms CreateObjectMapping: 0.394900 ms MarkObjects: 3.868500 ms  DeleteObjects: 0.329600 ms)

AssetImportParameters requested are different than current active one (requested -> active):
  custom:container-demuxer-ogg: 62fdf1f143b41e24485cea50d1cbac27 -> 
  custom:scripting/monoscript/fileName/CFXR_Styles.cs: 14132385ef0a62dc85f08de4f5687ece -> 
  custom:video-decoder-ogg-theora: a1e56fd34408186e4bbccfd4996cb3dc -> 
  custom:framework-win-MediaFoundation: 216162199b28c13a410421893ffa2e32 -> 
  custom:scripting/monoscript/fileName/CFXR_ParticleTextFontAsset.cs: 997a733798b2c803fc88cc92695e7ca4 -> 
  custom:scripting/monoscript/fileName/CFXR_MaterialInspector.cs: 85a99159289e64398275fbc6500bb9a8 -> 
  custom:scripting/monoscript/fileName/CFXR_ShaderImporter.cs: f0ef3fb7c5ca7b4517f50c44917fac9e -> 
  custom:scripting/monoscript/fileName/CFXR_Effect.CameraShake.cs: 0cdf409b5aa8d4c25876d72b5c6a3b60 -> 
  custom:CustomObjectIndexerAttribute: 72b91833f83ae208fae7752999fa3104 -> 
  custom:container-demuxer-webm: 4f35f7cbe854078d1ac9338744f61a02 -> 
  custom:scripting/monoscript/fileName/CFXR_EmissionBySurface.cs: 6294a85dd8a1718740abd2427d3ed0fe -> 
  custom:scripting/monoscript/fileName/CFXR_ExpressionParser.cs: 215820334dc899aa183f0061c3ffd288 -> 
  custom:container-muxer-webm: aa71ff27fc2769a1b78a27578f13a17b -> 
  custom:video-decoder-webm-vp8: 9c59270c3fd7afecdb556c50c9e8de78 -> 
  custom:SearchIndexIgnoredProperties: e643bd26f0fe6173181afceb89e7c659 -> 
  custom:scripting/monoscript/fileName/CFXR_ParticleText.cs: 3f1f97f09f1dd1cf194149bcb9712660 -> 
  custom:AudioImporter_EditorPlatform: d09bf68614088b80899f8185d706f6e7 -> 
  custom:video-encoder-webm-vp8: eb34c28f22e8b96e1ab97ce403110664 -> 
  custom:audio-decoder-ogg-vorbis: bf7c407c2cedff20999df2af8eb42d56 -> 
  custom:scripting/monoscript/fileName/CFXR_ShaderPostProcessor.cs: eee4c4410265e19bfd8b3e2c4c5b2a2d -> 
  custom:scripting/monoscript/fileName/CFXR_UpgradeCheck.cs: ecbc382cf7f886ae36ac82906454b189 -> 
  custom:audio-encoder-webm-vorbis: bf7c407c2cedff20999df2af8eb42d56 -> 
========================================================================
Received Import Request.
  Time since last request: 170360.429133 seconds.
  path: Assets/Universal Sound FX/EXPLOSIONS/Arcade/EXPLOSION_Arcade_03_mono.wav
  artifactKey: Guid(291bc1c7a47daec46960350d2203a6fe) Importer(815301076,1909f56bfc062723c751e8b465ee728b)
Start importing Assets/Universal Sound FX/EXPLOSIONS/Arcade/EXPLOSION_Arcade_03_mono.wav using Guid(291bc1c7a47daec46960350d2203a6fe) Importer(815301076,1909f56bfc062723c751e8b465ee728b)  -> (artifact id: '61994c56eed3e30644a1c30b04eafe07') in 0.120406 seconds
Number of updated asset objects reloaded before import = 0
Number of asset objects unloaded after import = 2
========================================================================
Received Import Request.
  Time since last request: 0.023877 seconds.
  path: Assets/Universal Sound FX/EXPLOSIONS/Arcade/EXPLOSION_Arcade_18_mono.wav
  artifactKey: Guid(d49e78a56e8425643ac77fd568416c86) Importer(815301076,1909f56bfc062723c751e8b465ee728b)
Start importing Assets/Universal Sound FX/EXPLOSIONS/Arcade/EXPLOSION_Arcade_18_mono.wav using Guid(d49e78a56e8425643ac77fd568416c86) Importer(815301076,1909f56bfc062723c751e8b465ee728b)  -> (artifact id: 'f6dabd622766456483adba362cb38134') in 0.013708 seconds
Number of updated asset objects reloaded before import = 0
Number of asset objects unloaded after import = 2
========================================================================
Received Import Request.
  Time since last request: 16.008988 seconds.
  path: Assets/Universal Sound FX/EXPLOSIONS/Short/EXPLOSION_Short_03_mono.wav
  artifactKey: Guid(16b311057cd97d4489e90f76188ac18f) Importer(815301076,1909f56bfc062723c751e8b465ee728b)
Start importing Assets/Universal Sound FX/EXPLOSIONS/Short/EXPLOSION_Short_03_mono.wav using Guid(16b311057cd97d4489e90f76188ac18f) Importer(815301076,1909f56bfc062723c751e8b465ee728b)  -> (artifact id: '2126b1cbaf7e1ff7f861716c5ea7fe39') in 0.013542 seconds
Number of updated asset objects reloaded before import = 0
Number of asset objects unloaded after import = 2
========================================================================
Received Import Request.
  Time since last request: 0.007459 seconds.
  path: Assets/Universal Sound FX/EXPLOSIONS/Short/EXPLOSION_Short_07_mono.wav
  artifactKey: Guid(f4c7c803c51d9d8419d6eeb9f9dc9b7c) Importer(815301076,1909f56bfc062723c751e8b465ee728b)
Start importing Assets/Universal Sound FX/EXPLOSIONS/Short/EXPLOSION_Short_07_mono.wav using Guid(f4c7c803c51d9d8419d6eeb9f9dc9b7c) Importer(815301076,1909f56bfc062723c751e8b465ee728b)  -> (artifact id: '1eae5a03d6919d84af77c61b7462a5ab') in 0.012028 seconds
Number of updated asset objects reloaded before import = 0
Number of asset objects unloaded after import = 2
========================================================================
Received Import Request.
  Time since last request: 0.001380 seconds.
  path: Assets/Universal Sound FX/EXPLOSIONS/Short/EXPLOSION_Short_Bang_Reverb_stereo.wav
  artifactKey: Guid(798b37d2cbb3d2a4c846070c319ce1f7) Importer(815301076,1909f56bfc062723c751e8b465ee728b)
Start importing Assets/Universal Sound FX/EXPLOSIONS/Short/EXPLOSION_Short_Bang_Reverb_stereo.wav using Guid(798b37d2cbb3d2a4c846070c319ce1f7) Importer(815301076,1909f56bfc062723c751e8b465ee728b)  -> (artifact id: 'b911c4c4e6212f288dd84b26dfbd135d') in 0.014622 seconds
Number of updated asset objects reloaded before import = 0
Number of asset objects unloaded after import = 2
========================================================================
Received Import Request.
  Time since last request: 0.001502 seconds.
  path: Assets/Universal Sound FX/EXPLOSIONS/Short/EXPLOSION_Short_Dirty_Distorted_stereo.wav
  artifactKey: Guid(4dcecb35b59210340890b81c61854552) Importer(815301076,1909f56bfc062723c751e8b465ee728b)
Start importing Assets/Universal Sound FX/EXPLOSIONS/Short/EXPLOSION_Short_Dirty_Distorted_stereo.wav using Guid(4dcecb35b59210340890b81c61854552) Importer(815301076,1909f56bfc062723c751e8b465ee728b)  -> (artifact id: '94fa207f6e9b654916774fa13fd3c1f3') in 0.014474 seconds
Number of updated asset objects reloaded before import = 0
Number of asset objects unloaded after import = 2
========================================================================
Received Import Request.
  Time since last request: 0.005526 seconds.
  path: Assets/Universal Sound FX/EXPLOSIONS/Short/EXPLOSION_Short_Fused_Impact_Metllic_Debris_stereo.wav
  artifactKey: Guid(fc5b5ac999449dd4da55813d187c29ae) Importer(815301076,1909f56bfc062723c751e8b465ee728b)
Start importing Assets/Universal Sound FX/EXPLOSIONS/Short/EXPLOSION_Short_Fused_Impact_Metllic_Debris_stereo.wav using Guid(fc5b5ac999449dd4da55813d187c29ae) Importer(815301076,1909f56bfc062723c751e8b465ee728b)  -> (artifact id: '8251c77053529b1665dcb7c1105d279e') in 0.015500 seconds
Number of updated asset objects reloaded before import = 0
Number of asset objects unloaded after import = 2
========================================================================
Received Import Request.
  Time since last request: 0.005550 seconds.
  path: Assets/Universal Sound FX/EXPLOSIONS/Short/EXPLOSION_Short_Implosion_stereo.wav
  artifactKey: Guid(6001454828765e0488f0ad9bea27e671) Importer(815301076,1909f56bfc062723c751e8b465ee728b)
Start importing Assets/Universal Sound FX/EXPLOSIONS/Short/EXPLOSION_Short_Implosion_stereo.wav using Guid(6001454828765e0488f0ad9bea27e671) Importer(815301076,1909f56bfc062723c751e8b465ee728b)  -> (artifact id: '548d813d053c88950ace107b04c72a21') in 0.014820 seconds
Number of updated asset objects reloaded before import = 0
Number of asset objects unloaded after import = 2
========================================================================
Received Import Request.
  Time since last request: 0.007138 seconds.
  path: Assets/Universal Sound FX/EXPLOSIONS/Short/EXPLOSION_Short_Smooth_Brighter_Kickback_mono.wav
  artifactKey: Guid(0a32887fc7006e346b0d66ee4539338f) Importer(815301076,1909f56bfc062723c751e8b465ee728b)
Start importing Assets/Universal Sound FX/EXPLOSIONS/Short/EXPLOSION_Short_Smooth_Brighter_Kickback_mono.wav using Guid(0a32887fc7006e346b0d66ee4539338f) Importer(815301076,1909f56bfc062723c751e8b465ee728b)  -> (artifact id: 'e1847ab44d833189643f0e7be82ebd3c') in 0.013192 seconds
Number of updated asset objects reloaded before import = 0
Number of asset objects unloaded after import = 2
========================================================================
Received Import Request.
  Time since last request: 1.799448 seconds.
  path: Assets/Universal Sound FX/EXPLOSIONS/Short/EXPLOSION_Short_Smooth_Metallic_Kickback_Rumble_stereo.wav
  artifactKey: Guid(b3e7097c79eb54b418998a270c5af04c) Importer(815301076,1909f56bfc062723c751e8b465ee728b)
Start importing Assets/Universal Sound FX/EXPLOSIONS/Short/EXPLOSION_Short_Smooth_Metallic_Kickback_Rumble_stereo.wav using Guid(b3e7097c79eb54b418998a270c5af04c) Importer(815301076,1909f56bfc062723c751e8b465ee728b)  -> (artifact id: '52851523b5c56807b22b2ab9777851a0') in 0.013926 seconds
Number of updated asset objects reloaded before import = 0
Number of asset objects unloaded after import = 2
Editor requested this worker to shutdown with reason: Scaling down because of idle timeout
TcpMessagingSession - receive error: operation aborted. errorcode: 995, details: 스레드 종료 또는 응용 프로그램 요청 때문에 I/O 작업이 취소되었습니다.
AssetImportWorker is now disconnected from the server
Process exiting
Exiting without the bug reporter. Application will terminate with return code 0