Using pre-set license
Built from '2022.3/staging' branch; Version is '2022.3.22f1 (887be4894c44) revision 8944612'; Using compiler version '192829333'; Build Type 'Release'
OS: 'Windows 11  (10.0.22631) 64bit Professional' Language: 'ko' Physical Memory: 15734 MB
BatchMode: 1, IsHumanControllingUs: 0, StartBugReporterOnCrash: 0, Is64bit: 1, IsPro: 1

COMMAND LINE ARGUMENTS:
C:\Program Files\Unity\Hub\Editor\2022.3.22f1\Editor\Unity.exe
-adb2
-batchMode
-noUpm
-name
AssetImportWorker8
-projectPath
D:/Projects/PixelSquad/PixelSquadClient
-logFile
Logs/AssetImportWorker8.log
-srvPort
50845
Successfully changed project path to: D:/Projects/PixelSquad/PixelSquadClient
D:/Projects/PixelSquad/PixelSquadClient
[UnityMemory] Configuration Parameters - Can be set up in boot.config
    "memorysetup-bucket-allocator-granularity=16"
    "memorysetup-bucket-allocator-bucket-count=8"
    "memorysetup-bucket-allocator-block-size=33554432"
    "memorysetup-bucket-allocator-block-count=8"
    "memorysetup-main-allocator-block-size=16777216"
    "memorysetup-thread-allocator-block-size=16777216"
    "memorysetup-gfx-main-allocator-block-size=16777216"
    "memorysetup-gfx-thread-allocator-block-size=16777216"
    "memorysetup-cache-allocator-block-size=4194304"
    "memorysetup-typetree-allocator-block-size=2097152"
    "memorysetup-profiler-bucket-allocator-granularity=16"
    "memorysetup-profiler-bucket-allocator-bucket-count=8"
    "memorysetup-profiler-bucket-allocator-block-size=33554432"
    "memorysetup-profiler-bucket-allocator-block-count=8"
    "memorysetup-profiler-allocator-block-size=16777216"
    "memorysetup-profiler-editor-allocator-block-size=1048576"
    "memorysetup-temp-allocator-size-main=16777216"
    "memorysetup-job-temp-allocator-block-size=2097152"
    "memorysetup-job-temp-allocator-block-size-background=1048576"
    "memorysetup-job-temp-allocator-reduction-small-platforms=262144"
    "memorysetup-allocator-temp-initial-block-size-main=262144"
    "memorysetup-allocator-temp-initial-block-size-worker=262144"
    "memorysetup-temp-allocator-size-background-worker=32768"
    "memorysetup-temp-allocator-size-job-worker=262144"
    "memorysetup-temp-allocator-size-preload-manager=33554432"
    "memorysetup-temp-allocator-size-nav-mesh-worker=65536"
    "memorysetup-temp-allocator-size-audio-worker=65536"
    "memorysetup-temp-allocator-size-cloud-worker=32768"
    "memorysetup-temp-allocator-size-gi-baking-worker=262144"
    "memorysetup-temp-allocator-size-gfx=262144"
Player connection [33292] Host "[IP] 192.168.0.6 [Port] 0 [Flags] 2 [Guid] 2117434458 [EditorId] 2117434458 [Version] 1048832 [Id] WindowsEditor(7,MINUK) [Debug] 1 [PackageName] WindowsEditor [ProjectName] Editor" joined multi-casting on [225.0.0.222:54997]...

Player connection [33292] Host "[IP] 192.168.0.6 [Port] 0 [Flags] 2 [Guid] 2117434458 [EditorId] 2117434458 [Version] 1048832 [Id] WindowsEditor(7,MINUK) [Debug] 1 [PackageName] WindowsEditor [ProjectName] Editor" joined alternative multi-casting on [225.0.0.222:34997]...

[Physics::Module] Initialized MultithreadedJobDispatcher with 15 workers.
Refreshing native plugins compatible for Editor in 55.03 ms, found 4 plugins.
Preloading 0 native plugins for Editor in 0.00 ms.
Initialize engine version: 2022.3.22f1 (887be4894c44)
[Subsystems] Discovering subsystems at path C:/Program Files/Unity/Hub/Editor/2022.3.22f1/Editor/Data/Resources/UnitySubsystems
[Subsystems] Discovering subsystems at path D:/Projects/PixelSquad/PixelSquadClient/Assets
GfxDevice: creating device client; threaded=0; jobified=0
Direct3D:
    Version:  Direct3D 11.0 [level 11.1]
    Renderer: NVIDIA GeForce RTX 3060 Laptop GPU (ID=0x2520)
    Vendor:   NVIDIA
    VRAM:     6010 MB
    Driver:   31.0.15.4629
Initialize mono
Mono path[0] = 'C:/Program Files/Unity/Hub/Editor/2022.3.22f1/Editor/Data/Managed'
Mono path[1] = 'C:/Program Files/Unity/Hub/Editor/2022.3.22f1/Editor/Data/MonoBleedingEdge/lib/mono/unityjit-win32'
Mono config path = 'C:/Program Files/Unity/Hub/Editor/2022.3.22f1/Editor/Data/MonoBleedingEdge/etc'
Using monoOptions --debugger-agent=transport=dt_socket,embedding=1,server=y,suspend=n,address=127.0.0.1:56008
Begin MonoManager ReloadAssembly
Registering precompiled unity dll's ...
Register platform support module: C:/Program Files/Unity/Hub/Editor/2022.3.22f1/Editor/Data/PlaybackEngines/AndroidPlayer/UnityEditor.Android.Extensions.dll
Register platform support module: C:/Program Files/Unity/Hub/Editor/2022.3.22f1/Editor/Data/PlaybackEngines/WindowsStandaloneSupport/UnityEditor.WindowsStandalone.Extensions.dll
Register platform support module: C:/Program Files/Unity/Hub/Editor/2022.3.22f1/Editor/Data/PlaybackEngines/LinuxStandaloneSupport/UnityEditor.LinuxStandalone.Extensions.dll
Registered in 0.034318 seconds.
- Loaded All Assemblies, in  0.494 seconds
Native extension for LinuxStandalone target not found
Native extension for WindowsStandalone target not found
Native extension for Android target not found
Android Extension - Scanning For ADB Devices 2427 ms
Mono: successfully reloaded assembly
- Finished resetting the current domain, in  2.823 seconds
Domain Reload Profiling: 3311ms
	BeginReloadAssembly (175ms)
		ExecutionOrderSort (0ms)
		DisableScriptedObjects (0ms)
		BackupInstance (0ms)
		ReleaseScriptingObjects (0ms)
		CreateAndSetChildDomain (1ms)
	RebuildCommonClasses (36ms)
	RebuildNativeTypeToScriptingClass (9ms)
	initialDomainReloadingComplete (110ms)
	LoadAllAssembliesAndSetupDomain (156ms)
		LoadAssemblies (170ms)
		RebuildTransferFunctionScriptingTraits (0ms)
		AnalyzeDomain (150ms)
			TypeCache.Refresh (149ms)
				TypeCache.ScanAssembly (136ms)
			ScanForSourceGeneratedMonoScriptInfo (0ms)
			ResolveRequiredComponents (0ms)
	FinalizeReload (2824ms)
		ReleaseScriptCaches (0ms)
		RebuildScriptCaches (0ms)
		SetupLoadedEditorAssemblies (2765ms)
			LogAssemblyErrors (0ms)
			InitializePlatformSupportModulesInManaged (2553ms)
			SetLoadedEditorAssemblies (5ms)
			RefreshPlugins (0ms)
			BeforeProcessingInitializeOnLoad (3ms)
			ProcessInitializeOnLoadAttributes (130ms)
			ProcessInitializeOnLoadMethodAttributes (72ms)
			AfterProcessingInitializeOnLoad (0ms)
			EditorAssembliesLoaded (0ms)
		ExecutionOrderSort2 (0ms)
		AwakeInstancesAfterBackupRestoration (0ms)
========================================================================
Worker process is ready to serve import requests
Begin MonoManager ReloadAssembly
Symbol file LoadedFromMemory is not a mono symbol file
- Loaded All Assemblies, in  1.419 seconds
Refreshing native plugins compatible for Editor in 23.33 ms, found 4 plugins.
Native extension for LinuxStandalone target not found
Native extension for WindowsStandalone target not found
Native extension for Android target not found
Package Manager log level set to [2]
[Package Manager] Server::EnsureServerProcessIsRunning -- launch failed, reason: Unity was launched with the -noUpm command-line argument
[Package Manager] UpmClient::Send -- Unable to send message (not connected to UPM process).
[Package Manager] Cannot connect to Unity Package Manager local server
Mono: successfully reloaded assembly
- Finished resetting the current domain, in  1.497 seconds
Domain Reload Profiling: 2899ms
	BeginReloadAssembly (260ms)
		ExecutionOrderSort (0ms)
		DisableScriptedObjects (7ms)
		BackupInstance (0ms)
		ReleaseScriptingObjects (0ms)
		CreateAndSetChildDomain (35ms)
	RebuildCommonClasses (43ms)
	RebuildNativeTypeToScriptingClass (12ms)
	initialDomainReloadingComplete (68ms)
	LoadAllAssembliesAndSetupDomain (1018ms)
		LoadAssemblies (879ms)
		RebuildTransferFunctionScriptingTraits (0ms)
		AnalyzeDomain (304ms)
			TypeCache.Refresh (250ms)
				TypeCache.ScanAssembly (224ms)
			ScanForSourceGeneratedMonoScriptInfo (38ms)
			ResolveRequiredComponents (15ms)
	FinalizeReload (1498ms)
		ReleaseScriptCaches (0ms)
		RebuildScriptCaches (0ms)
		SetupLoadedEditorAssemblies (1248ms)
			LogAssemblyErrors (0ms)
			InitializePlatformSupportModulesInManaged (64ms)
			SetLoadedEditorAssemblies (7ms)
			RefreshPlugins (0ms)
			BeforeProcessingInitializeOnLoad (227ms)
			ProcessInitializeOnLoadAttributes (808ms)
			ProcessInitializeOnLoadMethodAttributes (105ms)
			AfterProcessingInitializeOnLoad (37ms)
			EditorAssembliesLoaded (0ms)
		ExecutionOrderSort2 (0ms)
		AwakeInstancesAfterBackupRestoration (23ms)
Launched and connected shader compiler UnityShaderCompiler.exe after 0.08 seconds
Refreshing native plugins compatible for Editor in 30.86 ms, found 4 plugins.
Preloading 0 native plugins for Editor in 0.00 ms.
Unloading 5956 Unused Serialized files (Serialized files now loaded: 0)
Unloading 108 unused Assets / (0.5 MB). Loaded Objects now: 6438.
Memory consumption went from 261.1 MB to 260.6 MB.
Total: 7.744300 ms (FindLiveObjects: 0.644100 ms CreateObjectMapping: 0.503700 ms MarkObjects: 6.209600 ms  DeleteObjects: 0.385500 ms)

AssetImportParameters requested are different than current active one (requested -> active):
  custom:container-demuxer-ogg: 62fdf1f143b41e24485cea50d1cbac27 -> 
  custom:scripting/monoscript/fileName/CFXR_Styles.cs: 14132385ef0a62dc85f08de4f5687ece -> 
  custom:video-decoder-ogg-theora: a1e56fd34408186e4bbccfd4996cb3dc -> 
  custom:framework-win-MediaFoundation: 216162199b28c13a410421893ffa2e32 -> 
  custom:scripting/monoscript/fileName/CFXR_ParticleTextFontAsset.cs: 997a733798b2c803fc88cc92695e7ca4 -> 
  custom:scripting/monoscript/fileName/CFXR_MaterialInspector.cs: 85a99159289e64398275fbc6500bb9a8 -> 
  custom:scripting/monoscript/fileName/CFXR_ShaderImporter.cs: f0ef3fb7c5ca7b4517f50c44917fac9e -> 
  custom:scripting/monoscript/fileName/CFXR_Effect.CameraShake.cs: 0cdf409b5aa8d4c25876d72b5c6a3b60 -> 
  custom:CustomObjectIndexerAttribute: 72b91833f83ae208fae7752999fa3104 -> 
  custom:container-demuxer-webm: 4f35f7cbe854078d1ac9338744f61a02 -> 
  custom:scripting/monoscript/fileName/CFXR_EmissionBySurface.cs: 6294a85dd8a1718740abd2427d3ed0fe -> 
  custom:scripting/monoscript/fileName/CFXR_ExpressionParser.cs: 215820334dc899aa183f0061c3ffd288 -> 
  custom:container-muxer-webm: aa71ff27fc2769a1b78a27578f13a17b -> 
  custom:video-decoder-webm-vp8: 9c59270c3fd7afecdb556c50c9e8de78 -> 
  custom:SearchIndexIgnoredProperties: e643bd26f0fe6173181afceb89e7c659 -> 
  custom:scripting/monoscript/fileName/CFXR_ParticleText.cs: 3f1f97f09f1dd1cf194149bcb9712660 -> 
  custom:AudioImporter_EditorPlatform: d09bf68614088b80899f8185d706f6e7 -> 
  custom:video-encoder-webm-vp8: eb34c28f22e8b96e1ab97ce403110664 -> 
  custom:audio-decoder-ogg-vorbis: bf7c407c2cedff20999df2af8eb42d56 -> 
  custom:scripting/monoscript/fileName/CFXR_ShaderPostProcessor.cs: eee4c4410265e19bfd8b3e2c4c5b2a2d -> 
  custom:scripting/monoscript/fileName/CFXR_UpgradeCheck.cs: ecbc382cf7f886ae36ac82906454b189 -> 
  custom:audio-encoder-webm-vorbis: bf7c407c2cedff20999df2af8eb42d56 -> 
========================================================================
Received Import Request.
  Time since last request: 169004.453412 seconds.
  path: Assets/Universal Sound FX/WEAPONS/Melee/Swords/SWORD_Swing_Hit_Solid_Metal_Bright_mono.wav
  artifactKey: Guid(2cf2c3d4bb405f44fb42282d1664ea27) Importer(815301076,1909f56bfc062723c751e8b465ee728b)
Start importing Assets/Universal Sound FX/WEAPONS/Melee/Swords/SWORD_Swing_Hit_Solid_Metal_Bright_mono.wav using Guid(2cf2c3d4bb405f44fb42282d1664ea27) Importer(815301076,1909f56bfc062723c751e8b465ee728b)  -> (artifact id: '8865933a1c1c785598a7a87fdd6d560b') in 0.108511 seconds
Number of updated asset objects reloaded before import = 0
Number of asset objects unloaded after import = 2
========================================================================
Received Import Request.
  Time since last request: 14.684958 seconds.
  path: Assets/Universal Sound FX/WEAPONS/Melee/Swords/SWORD_Swing_Hit_Wood_Shield_Cling_stereo.wav
  artifactKey: Guid(46175fc52e105c5428088487c137ee54) Importer(815301076,1909f56bfc062723c751e8b465ee728b)
Start importing Assets/Universal Sound FX/WEAPONS/Melee/Swords/SWORD_Swing_Hit_Wood_Shield_Cling_stereo.wav using Guid(46175fc52e105c5428088487c137ee54) Importer(815301076,1909f56bfc062723c751e8b465ee728b)  -> (artifact id: 'efab68c011ad452ce64c53f07e6e43b5') in 0.011430 seconds
Number of updated asset objects reloaded before import = 0
Number of asset objects unloaded after import = 2
========================================================================
Received Import Request.
  Time since last request: 0.001943 seconds.
  path: Assets/Universal Sound FX/WEAPONS/Melee/Swords/SWORD_Swing_Hit_Wood_Shield_stereo.wav
  artifactKey: Guid(a835cf891cbcfb249be6734b44e494c1) Importer(815301076,1909f56bfc062723c751e8b465ee728b)
Start importing Assets/Universal Sound FX/WEAPONS/Melee/Swords/SWORD_Swing_Hit_Wood_Shield_stereo.wav using Guid(a835cf891cbcfb249be6734b44e494c1) Importer(815301076,1909f56bfc062723c751e8b465ee728b)  -> (artifact id: '6b82f7aaf798c06aed7b8d1caf7af378') in 0.011311 seconds
Number of updated asset objects reloaded before import = 0
Number of asset objects unloaded after import = 2
========================================================================
Received Import Request.
  Time since last request: 0.021025 seconds.
  path: Assets/Universal Sound FX/WEAPONS/Melee/Swords/SWORD_Whoosh_Hit_Armor_Hard_RR1_mono.wav
  artifactKey: Guid(e9c8818791394004a983e8a998f205e9) Importer(815301076,1909f56bfc062723c751e8b465ee728b)
Start importing Assets/Universal Sound FX/WEAPONS/Melee/Swords/SWORD_Whoosh_Hit_Armor_Hard_RR1_mono.wav using Guid(e9c8818791394004a983e8a998f205e9) Importer(815301076,1909f56bfc062723c751e8b465ee728b)  -> (artifact id: 'b768e3f57b1935a76f9f8b945278a75f') in 0.011147 seconds
Number of updated asset objects reloaded before import = 0
Number of asset objects unloaded after import = 2
========================================================================
Received Import Request.
  Time since last request: 0.007542 seconds.
  path: Assets/Universal Sound FX/WEAPONS/Melee/Swords/SWORD_Whoosh_Hit_Armor_Hard_RR4_mono.wav
  artifactKey: Guid(fe9a62345fa643946ae723ca66e095a7) Importer(815301076,1909f56bfc062723c751e8b465ee728b)
Start importing Assets/Universal Sound FX/WEAPONS/Melee/Swords/SWORD_Whoosh_Hit_Armor_Hard_RR4_mono.wav using Guid(fe9a62345fa643946ae723ca66e095a7) Importer(815301076,1909f56bfc062723c751e8b465ee728b)  -> (artifact id: 'faee2e47003f0dcd55abcb970706e7e4') in 0.013569 seconds
Number of updated asset objects reloaded before import = 0
Number of asset objects unloaded after import = 2
========================================================================
Received Import Request.
  Time since last request: 18.207408 seconds.
  path: Assets/Universal Sound FX/WEAPONS/Melee/Swords/SWORD_Whoosh_Hit_Armor_Hard_RR7_mono.wav
  artifactKey: Guid(e3b38884e4f733c4585896a39ee7405d) Importer(815301076,1909f56bfc062723c751e8b465ee728b)
Start importing Assets/Universal Sound FX/WEAPONS/Melee/Swords/SWORD_Whoosh_Hit_Armor_Hard_RR7_mono.wav using Guid(e3b38884e4f733c4585896a39ee7405d) Importer(815301076,1909f56bfc062723c751e8b465ee728b)  -> (artifact id: '0a02632383a7998d646d544ada3be1a6') in 0.011486 seconds
Number of updated asset objects reloaded before import = 0
Number of asset objects unloaded after import = 2
========================================================================
Received Import Request.
  Time since last request: 0.006135 seconds.
  path: Assets/Universal Sound FX/WEAPONS/Melee/Swords/SWORD_Whoosh_Hit_Armor_Hard_RR10_mono.wav
  artifactKey: Guid(20d7ac096d9229e4a8d53bde3dd6cec2) Importer(815301076,1909f56bfc062723c751e8b465ee728b)
Start importing Assets/Universal Sound FX/WEAPONS/Melee/Swords/SWORD_Whoosh_Hit_Armor_Hard_RR10_mono.wav using Guid(20d7ac096d9229e4a8d53bde3dd6cec2) Importer(815301076,1909f56bfc062723c751e8b465ee728b)  -> (artifact id: '49543b731c7d2539e8f550fb4c9029ad') in 0.013140 seconds
Number of updated asset objects reloaded before import = 0
Number of asset objects unloaded after import = 2
========================================================================
Received Import Request.
  Time since last request: 0.006422 seconds.
  path: Assets/Universal Sound FX/WEAPONS/Melee/Swords/SWORD_Whoosh_Hit_Sword_Hard_RR3_mono.wav
  artifactKey: Guid(25867056e2048c64faeed3e00cc37d76) Importer(815301076,1909f56bfc062723c751e8b465ee728b)
Start importing Assets/Universal Sound FX/WEAPONS/Melee/Swords/SWORD_Whoosh_Hit_Sword_Hard_RR3_mono.wav using Guid(25867056e2048c64faeed3e00cc37d76) Importer(815301076,1909f56bfc062723c751e8b465ee728b)  -> (artifact id: '968acd7b9bc84f3df8d041725c298c16') in 0.019638 seconds
Number of updated asset objects reloaded before import = 0
Number of asset objects unloaded after import = 2
========================================================================
Received Import Request.
  Time since last request: 0.001171 seconds.
  path: Assets/Universal Sound FX/WEAPONS/Melee/Swords/SWORD_Whoosh_Hit_Sword_Hard_RR6_mono.wav
  artifactKey: Guid(a86ea1ef1b26e4746828b33d4c8d141e) Importer(815301076,1909f56bfc062723c751e8b465ee728b)
Start importing Assets/Universal Sound FX/WEAPONS/Melee/Swords/SWORD_Whoosh_Hit_Sword_Hard_RR6_mono.wav using Guid(a86ea1ef1b26e4746828b33d4c8d141e) Importer(815301076,1909f56bfc062723c751e8b465ee728b)  -> (artifact id: '633216591d6524356fbaf2407fa3bf99') in 0.012480 seconds
Number of updated asset objects reloaded before import = 0
Number of asset objects unloaded after import = 2
========================================================================
Received Import Request.
  Time since last request: 9.282623 seconds.
  path: Assets/Universal Sound FX/WEAPONS/Melee/Swords/SWORD_Whoosh_Hit_Sword_Hard_RR7_mono.wav
  artifactKey: Guid(e08e40a41a5bffa48b1332a3c055e2c7) Importer(815301076,1909f56bfc062723c751e8b465ee728b)
Start importing Assets/Universal Sound FX/WEAPONS/Melee/Swords/SWORD_Whoosh_Hit_Sword_Hard_RR7_mono.wav using Guid(e08e40a41a5bffa48b1332a3c055e2c7) Importer(815301076,1909f56bfc062723c751e8b465ee728b)  -> (artifact id: 'd382cad271d933e9e492442b93d3fa4f') in 0.014659 seconds
Number of updated asset objects reloaded before import = 0
Number of asset objects unloaded after import = 2
========================================================================
Received Import Request.
  Time since last request: 0.120692 seconds.
  path: Assets/Universal Sound FX/WEAPONS/Melee/Swords/SWORD_Whoosh_Hit_Sword_Hard_RR9_mono.wav
  artifactKey: Guid(878522c1097aecb4dbe84fc1e8ca4976) Importer(815301076,1909f56bfc062723c751e8b465ee728b)
Start importing Assets/Universal Sound FX/WEAPONS/Melee/Swords/SWORD_Whoosh_Hit_Sword_Hard_RR9_mono.wav using Guid(878522c1097aecb4dbe84fc1e8ca4976) Importer(815301076,1909f56bfc062723c751e8b465ee728b)  -> (artifact id: 'e5a0684dcbac15c2f9a2750fcd383e03') in 0.011871 seconds
Number of updated asset objects reloaded before import = 0
Number of asset objects unloaded after import = 2
========================================================================
Received Import Request.
  Time since last request: 62.216466 seconds.
  path: Assets/Resources/Sounds/SFX/Test
  artifactKey: Guid(702aa8761529665469d8e43895bce402) Importer(815301076,1909f56bfc062723c751e8b465ee728b)
Start importing Assets/Resources/Sounds/SFX/Test using Guid(702aa8761529665469d8e43895bce402) Importer(815301076,1909f56bfc062723c751e8b465ee728b)  -> (artifact id: '75444bc02b16b5b20338a9c41e9db824') in 0.000757 seconds
Number of updated asset objects reloaded before import = 0
Number of asset objects unloaded after import = 0
========================================================================
Received Import Request.
  Time since last request: 69.349408 seconds.
  path: Assets/Universal Sound FX/WEAPONS/Melee/Hammer
  artifactKey: Guid(3645d9b4e06440a4faee65123373eac2) Importer(815301076,1909f56bfc062723c751e8b465ee728b)
Start importing Assets/Universal Sound FX/WEAPONS/Melee/Hammer using Guid(3645d9b4e06440a4faee65123373eac2) Importer(815301076,1909f56bfc062723c751e8b465ee728b)  -> (artifact id: '2ee3b35e04efa1c6564046e7198bf789') in 0.000739 seconds
Number of updated asset objects reloaded before import = 0
Number of asset objects unloaded after import = 0
========================================================================
Received Import Request.
  Time since last request: 0.141159 seconds.
  path: Assets/Universal Sound FX/WEAPONS/Melee/Hammer/HAMMER_Hit_Body_Break_stereo.wav
  artifactKey: Guid(f99cb71f0022a4a49b7f6a7e3f8ce0f1) Importer(815301076,1909f56bfc062723c751e8b465ee728b)
Start importing Assets/Universal Sound FX/WEAPONS/Melee/Hammer/HAMMER_Hit_Body_Break_stereo.wav using Guid(f99cb71f0022a4a49b7f6a7e3f8ce0f1) Importer(815301076,1909f56bfc062723c751e8b465ee728b)  -> (artifact id: '38016fad21cb284888f076f9a8d6f970') in 0.011039 seconds
Number of updated asset objects reloaded before import = 0
Number of asset objects unloaded after import = 2
========================================================================
Received Import Request.
  Time since last request: 0.000024 seconds.
  path: Assets/Universal Sound FX/WEAPONS/Melee/Hammer/HAMMER_Hit_Body_stereo.wav
  artifactKey: Guid(d83f0e3cdc09ddc4294167857c9c37da) Importer(815301076,1909f56bfc062723c751e8b465ee728b)
Start importing Assets/Universal Sound FX/WEAPONS/Melee/Hammer/HAMMER_Hit_Body_stereo.wav using Guid(d83f0e3cdc09ddc4294167857c9c37da) Importer(815301076,1909f56bfc062723c751e8b465ee728b)  -> (artifact id: 'fe7528f7bcd7a1af3d7aae0c2246ed77') in 0.010625 seconds
Number of updated asset objects reloaded before import = 0
Number of asset objects unloaded after import = 2
========================================================================
Received Import Request.
  Time since last request: 0.000030 seconds.
  path: Assets/Universal Sound FX/WEAPONS/Melee/Hammer/HAMMER_Hit_Wood_Shield_Break_stereo.wav
  artifactKey: Guid(97a7660e1c5b7564eb36da5458270186) Importer(815301076,1909f56bfc062723c751e8b465ee728b)
Start importing Assets/Universal Sound FX/WEAPONS/Melee/Hammer/HAMMER_Hit_Wood_Shield_Break_stereo.wav using Guid(97a7660e1c5b7564eb36da5458270186) Importer(815301076,1909f56bfc062723c751e8b465ee728b)  -> (artifact id: '0d33398740f0df4627450b4be38ad5fc') in 0.012478 seconds
Number of updated asset objects reloaded before import = 0
Number of asset objects unloaded after import = 2
========================================================================
Received Import Request.
  Time since last request: 0.000025 seconds.
  path: Assets/Universal Sound FX/WEAPONS/Melee/Hammer/HAMMER_Hit_Wood_Shield_stereo.wav
  artifactKey: Guid(983ecbfb126aeb746b6c37b1b95ddbc6) Importer(815301076,1909f56bfc062723c751e8b465ee728b)
Start importing Assets/Universal Sound FX/WEAPONS/Melee/Hammer/HAMMER_Hit_Wood_Shield_stereo.wav using Guid(983ecbfb126aeb746b6c37b1b95ddbc6) Importer(815301076,1909f56bfc062723c751e8b465ee728b)  -> (artifact id: 'a845adf86a14736c338bee8df6b8ea51') in 0.010517 seconds
Number of updated asset objects reloaded before import = 0
Number of asset objects unloaded after import = 2
========================================================================
Received Import Request.
  Time since last request: 47.347166 seconds.
  path: Assets/Universal Sound FX/WEAPONS/Melee/Blunt
  artifactKey: Guid(c05d7553fb25f9a41a608a6e1dda4535) Importer(815301076,1909f56bfc062723c751e8b465ee728b)
Start importing Assets/Universal Sound FX/WEAPONS/Melee/Blunt using Guid(c05d7553fb25f9a41a608a6e1dda4535) Importer(815301076,1909f56bfc062723c751e8b465ee728b)  -> (artifact id: '6051a2f3d98a4d216ed45d231589ddb9') in 0.000774 seconds
Number of updated asset objects reloaded before import = 0
Number of asset objects unloaded after import = 0
========================================================================
Received Import Request.
  Time since last request: 0.052770 seconds.
  path: Assets/Universal Sound FX/WEAPONS/Melee/Blunt/BLUNT_Swing_01_mono.wav
  artifactKey: Guid(8bc08f0668b877f47a922d0fc21ce626) Importer(815301076,1909f56bfc062723c751e8b465ee728b)
Start importing Assets/Universal Sound FX/WEAPONS/Melee/Blunt/BLUNT_Swing_01_mono.wav using Guid(8bc08f0668b877f47a922d0fc21ce626) Importer(815301076,1909f56bfc062723c751e8b465ee728b)  -> (artifact id: 'aadee2cbc1463f4fe4e573092cc5628e') in 0.010694 seconds
Number of updated asset objects reloaded before import = 0
Number of asset objects unloaded after import = 2
========================================================================
Received Import Request.
  Time since last request: 0.005406 seconds.
  path: Assets/Universal Sound FX/WEAPONS/Melee/Blunt/BLUNT_Swing_02_mono.wav
  artifactKey: Guid(5ed26b8396ea9004483cdc61a8282431) Importer(815301076,1909f56bfc062723c751e8b465ee728b)
Start importing Assets/Universal Sound FX/WEAPONS/Melee/Blunt/BLUNT_Swing_02_mono.wav using Guid(5ed26b8396ea9004483cdc61a8282431) Importer(815301076,1909f56bfc062723c751e8b465ee728b)  -> (artifact id: '73f201deb4fdee82ee767500bba55449') in 0.010273 seconds
Number of updated asset objects reloaded before import = 0
Number of asset objects unloaded after import = 2
========================================================================
Received Import Request.
  Time since last request: 0.000017 seconds.
  path: Assets/Universal Sound FX/WEAPONS/Melee/Blunt/BLUNT_Swing_04_mono.wav
  artifactKey: Guid(4090ff222d15c3944a988cdbedcee145) Importer(815301076,1909f56bfc062723c751e8b465ee728b)
Start importing Assets/Universal Sound FX/WEAPONS/Melee/Blunt/BLUNT_Swing_04_mono.wav using Guid(4090ff222d15c3944a988cdbedcee145) Importer(815301076,1909f56bfc062723c751e8b465ee728b)  -> (artifact id: 'f03682d8e1ac4cd2bfea3c13b4549efe') in 0.010103 seconds
Number of updated asset objects reloaded before import = 0
Number of asset objects unloaded after import = 2
========================================================================
Received Import Request.
  Time since last request: 0.000020 seconds.
  path: Assets/Universal Sound FX/WEAPONS/Melee/Blunt/BLUNT_Swing_06_mono.wav
  artifactKey: Guid(bc2406a8f0daffd4fb9dfdc0e2a6fe73) Importer(815301076,1909f56bfc062723c751e8b465ee728b)
Start importing Assets/Universal Sound FX/WEAPONS/Melee/Blunt/BLUNT_Swing_06_mono.wav using Guid(bc2406a8f0daffd4fb9dfdc0e2a6fe73) Importer(815301076,1909f56bfc062723c751e8b465ee728b)  -> (artifact id: '92e0539680d7a583b00b281f8fa60dbd') in 0.010915 seconds
Number of updated asset objects reloaded before import = 0
Number of asset objects unloaded after import = 2
========================================================================
Received Import Request.
  Time since last request: 0.000020 seconds.
  path: Assets/Universal Sound FX/WEAPONS/Melee/Blunt/BLUNT_Swing_08_mono.wav
  artifactKey: Guid(e48da229652c9ed488b7bc369bc62251) Importer(815301076,1909f56bfc062723c751e8b465ee728b)
Start importing Assets/Universal Sound FX/WEAPONS/Melee/Blunt/BLUNT_Swing_08_mono.wav using Guid(e48da229652c9ed488b7bc369bc62251) Importer(815301076,1909f56bfc062723c751e8b465ee728b)  -> (artifact id: 'ec50f3d61f19427269440ff2b00b4d31') in 0.010204 seconds
Number of updated asset objects reloaded before import = 0
Number of asset objects unloaded after import = 2
========================================================================
Received Import Request.
  Time since last request: 0.000018 seconds.
  path: Assets/Universal Sound FX/WEAPONS/Melee/Blunt/BLUNT_Swing_Hit_Brick_01_mono.wav
  artifactKey: Guid(802c9cd86dabd6a439a1d8db9fe5fc3b) Importer(815301076,1909f56bfc062723c751e8b465ee728b)
Start importing Assets/Universal Sound FX/WEAPONS/Melee/Blunt/BLUNT_Swing_Hit_Brick_01_mono.wav using Guid(802c9cd86dabd6a439a1d8db9fe5fc3b) Importer(815301076,1909f56bfc062723c751e8b465ee728b)  -> (artifact id: '5a674ef346b98e128e858e5135bf728c') in 0.010587 seconds
Number of updated asset objects reloaded before import = 0
Number of asset objects unloaded after import = 2
========================================================================
Received Import Request.
  Time since last request: 0.015591 seconds.
  path: Assets/Universal Sound FX/WEAPONS/Melee/Blunt/BLUNT_Swing_Hit_Brick_02_mono.wav
  artifactKey: Guid(e56f41820c473804fac9efc64f740c51) Importer(815301076,1909f56bfc062723c751e8b465ee728b)
Start importing Assets/Universal Sound FX/WEAPONS/Melee/Blunt/BLUNT_Swing_Hit_Brick_02_mono.wav using Guid(e56f41820c473804fac9efc64f740c51) Importer(815301076,1909f56bfc062723c751e8b465ee728b)  -> (artifact id: '92b07567bb49f307a2424979e6e46a90') in 0.011881 seconds
Number of updated asset objects reloaded before import = 0
Number of asset objects unloaded after import = 2
========================================================================
Received Import Request.
  Time since last request: 0.000023 seconds.
  path: Assets/Universal Sound FX/WEAPONS/Melee/Blunt/BLUNT_Swing_Hit_Crack_02_mono.wav
  artifactKey: Guid(f62c7848e03cb4244a18ef1d8847bf7a) Importer(815301076,1909f56bfc062723c751e8b465ee728b)
Start importing Assets/Universal Sound FX/WEAPONS/Melee/Blunt/BLUNT_Swing_Hit_Crack_02_mono.wav using Guid(f62c7848e03cb4244a18ef1d8847bf7a) Importer(815301076,1909f56bfc062723c751e8b465ee728b)  -> (artifact id: 'c9388d3dac8e7f2a726858145bf9f727') in 0.010275 seconds
Number of updated asset objects reloaded before import = 0
Number of asset objects unloaded after import = 2
========================================================================
Received Import Request.
  Time since last request: 0.000027 seconds.
  path: Assets/Universal Sound FX/WEAPONS/Melee/Blunt/BLUNT_Swing_Hit_Generic_02_mono.wav
  artifactKey: Guid(b551ac09949b2d7448957cae3e7bd1e1) Importer(815301076,1909f56bfc062723c751e8b465ee728b)
Start importing Assets/Universal Sound FX/WEAPONS/Melee/Blunt/BLUNT_Swing_Hit_Generic_02_mono.wav using Guid(b551ac09949b2d7448957cae3e7bd1e1) Importer(815301076,1909f56bfc062723c751e8b465ee728b)  -> (artifact id: 'fe5ec01734f87af7e978b24af4bd5c80') in 0.011495 seconds
Number of updated asset objects reloaded before import = 0
Number of asset objects unloaded after import = 2
========================================================================
Received Import Request.
  Time since last request: 0.000022 seconds.
  path: Assets/Universal Sound FX/WEAPONS/Melee/Blunt/BLUNT_Swing_Hit_Generic_04_mono.wav
  artifactKey: Guid(27ae0ec10c7c64d4297432cb533de63f) Importer(815301076,1909f56bfc062723c751e8b465ee728b)
Start importing Assets/Universal Sound FX/WEAPONS/Melee/Blunt/BLUNT_Swing_Hit_Generic_04_mono.wav using Guid(27ae0ec10c7c64d4297432cb533de63f) Importer(815301076,1909f56bfc062723c751e8b465ee728b)  -> (artifact id: '7eec647bdee92b956567a615eeed5f3c') in 0.012352 seconds
Number of updated asset objects reloaded before import = 0
Number of asset objects unloaded after import = 2
========================================================================
Received Import Request.
  Time since last request: 0.000019 seconds.
  path: Assets/Universal Sound FX/WEAPONS/Melee/Blunt/BLUNT_Swing_Hit_Generic_05_mono.wav
  artifactKey: Guid(82a6d943116c13b4599bc895e238effd) Importer(815301076,1909f56bfc062723c751e8b465ee728b)
Start importing Assets/Universal Sound FX/WEAPONS/Melee/Blunt/BLUNT_Swing_Hit_Generic_05_mono.wav using Guid(82a6d943116c13b4599bc895e238effd) Importer(815301076,1909f56bfc062723c751e8b465ee728b)  -> (artifact id: '2beba5c0e1c14101011dc53e327906fb') in 0.011322 seconds
Number of updated asset objects reloaded before import = 0
Number of asset objects unloaded after import = 2
========================================================================
Received Import Request.
  Time since last request: 0.017026 seconds.
  path: Assets/Universal Sound FX/WEAPONS/Melee/Blunt/BLUNT_Swing_Hit_Metal_01_mono.wav
  artifactKey: Guid(9f5bee7bdb90c6f438196a4cbdfeef79) Importer(815301076,1909f56bfc062723c751e8b465ee728b)
Start importing Assets/Universal Sound FX/WEAPONS/Melee/Blunt/BLUNT_Swing_Hit_Metal_01_mono.wav using Guid(9f5bee7bdb90c6f438196a4cbdfeef79) Importer(815301076,1909f56bfc062723c751e8b465ee728b)  -> (artifact id: 'f5cd4abb074717cb88766f400c3982d1') in 0.012412 seconds
Number of updated asset objects reloaded before import = 0
Number of asset objects unloaded after import = 2
========================================================================
Received Import Request.
  Time since last request: 0.000018 seconds.
  path: Assets/Universal Sound FX/WEAPONS/Melee/Blunt/BLUNT_Swing_Hit_Metal_04_mono.wav
  artifactKey: Guid(d817d704e179741489a424e8ad2191dd) Importer(815301076,1909f56bfc062723c751e8b465ee728b)
Start importing Assets/Universal Sound FX/WEAPONS/Melee/Blunt/BLUNT_Swing_Hit_Metal_04_mono.wav using Guid(d817d704e179741489a424e8ad2191dd) Importer(815301076,1909f56bfc062723c751e8b465ee728b)  -> (artifact id: '69c3eff7682f1b59777b00e471d57367') in 0.011953 seconds
Number of updated asset objects reloaded before import = 0
Number of asset objects unloaded after import = 2
========================================================================
Received Import Request.
  Time since last request: 0.000021 seconds.
  path: Assets/Universal Sound FX/WEAPONS/Melee/Blunt/BLUNT_Swing_Hit_Splat_02_mono.wav
  artifactKey: Guid(f88b81c2cab819644ab3928c46eab931) Importer(815301076,1909f56bfc062723c751e8b465ee728b)
Start importing Assets/Universal Sound FX/WEAPONS/Melee/Blunt/BLUNT_Swing_Hit_Splat_02_mono.wav using Guid(f88b81c2cab819644ab3928c46eab931) Importer(815301076,1909f56bfc062723c751e8b465ee728b)  -> (artifact id: '9d43f59bf21a1f7d548de2f844eb4ba2') in 0.012916 seconds
Number of updated asset objects reloaded before import = 0
Number of asset objects unloaded after import = 2
========================================================================
Received Import Request.
  Time since last request: 0.000021 seconds.
  path: Assets/Universal Sound FX/WEAPONS/Melee/Blunt/BLUNT_Swing_Hit_Splat_01_mono.wav
  artifactKey: Guid(5260354650d1db044830ab48e7fcaf52) Importer(815301076,1909f56bfc062723c751e8b465ee728b)
Start importing Assets/Universal Sound FX/WEAPONS/Melee/Blunt/BLUNT_Swing_Hit_Splat_01_mono.wav using Guid(5260354650d1db044830ab48e7fcaf52) Importer(815301076,1909f56bfc062723c751e8b465ee728b)  -> (artifact id: '30b6ee676c65e23770e885c3552de3cf') in 0.013911 seconds
Number of updated asset objects reloaded before import = 0
Number of asset objects unloaded after import = 2
========================================================================
Received Import Request.
  Time since last request: 6.751796 seconds.
  path: Assets/Universal Sound FX/WEAPONS/Melee/Blunt/BLUNT_Swing_Hit_Splat_03_mono.wav
  artifactKey: Guid(174982736290a8a4cbd82f0051c235d6) Importer(815301076,1909f56bfc062723c751e8b465ee728b)
Start importing Assets/Universal Sound FX/WEAPONS/Melee/Blunt/BLUNT_Swing_Hit_Splat_03_mono.wav using Guid(174982736290a8a4cbd82f0051c235d6) Importer(815301076,1909f56bfc062723c751e8b465ee728b)  -> (artifact id: 'e12a8f91382cfbe9ee16dd271aecdc2b') in 0.010759 seconds
Number of updated asset objects reloaded before import = 0
Number of asset objects unloaded after import = 2
========================================================================
Received Import Request.
  Time since last request: 2.258129 seconds.
  path: Assets/Resources/Sounds/SFX/Test/Swing.wav
  artifactKey: Guid(8bc08f0668b877f47a922d0fc21ce626) Importer(815301076,1909f56bfc062723c751e8b465ee728b)
Start importing Assets/Resources/Sounds/SFX/Test/Swing.wav using Guid(8bc08f0668b877f47a922d0fc21ce626) Importer(815301076,1909f56bfc062723c751e8b465ee728b)  -> (artifact id: 'd5edb05565bc8a21e9e234108dc68613') in 0.009727 seconds
Number of updated asset objects reloaded before import = 0
Number of asset objects unloaded after import = 2
========================================================================
Received Import Request.
  Time since last request: 8.678864 seconds.
  path: Assets/Resources/Sounds/SFX/Test/Swing1.wav
  artifactKey: Guid(8bc08f0668b877f47a922d0fc21ce626) Importer(815301076,1909f56bfc062723c751e8b465ee728b)
Start importing Assets/Resources/Sounds/SFX/Test/Swing1.wav using Guid(8bc08f0668b877f47a922d0fc21ce626) Importer(815301076,1909f56bfc062723c751e8b465ee728b)  -> (artifact id: '2d6b04bee42d9c6ca8ff8e408c34116a') in 0.010217 seconds
Number of updated asset objects reloaded before import = 0
Number of asset objects unloaded after import = 2
========================================================================
Received Import Request.
  Time since last request: 1.212660 seconds.
  path: Assets/Universal Sound FX/WEAPONS/Melee/Blunt/BLUNT_Swing_Hit_Stone_01_mono.wav
  artifactKey: Guid(43ca44c47dec50f449930873cf9d1d5f) Importer(815301076,1909f56bfc062723c751e8b465ee728b)
Start importing Assets/Universal Sound FX/WEAPONS/Melee/Blunt/BLUNT_Swing_Hit_Stone_01_mono.wav using Guid(43ca44c47dec50f449930873cf9d1d5f) Importer(815301076,1909f56bfc062723c751e8b465ee728b)  -> (artifact id: '70cba28a01da9e10b28cf4ba2fdd2b0e') in 0.010502 seconds
Number of updated asset objects reloaded before import = 0
Number of asset objects unloaded after import = 2
========================================================================
Received Import Request.
  Time since last request: 3.793336 seconds.
  path: Assets/Resources/Sounds/SFX/Test/Swing2.wav
  artifactKey: Guid(8bc08f0668b877f47a922d0fc21ce626) Importer(815301076,1909f56bfc062723c751e8b465ee728b)
Start importing Assets/Resources/Sounds/SFX/Test/Swing2.wav using Guid(8bc08f0668b877f47a922d0fc21ce626) Importer(815301076,1909f56bfc062723c751e8b465ee728b)  -> (artifact id: '77236a3cc3b7101b773494aeb9d387d6') in 0.010116 seconds
Number of updated asset objects reloaded before import = 0
Number of asset objects unloaded after import = 2
========================================================================
Received Import Request.
  Time since last request: 3.008941 seconds.
  path: Assets/Resources/Sounds/SFX/Test/Swing1.wav
  artifactKey: Guid(5ed26b8396ea9004483cdc61a8282431) Importer(815301076,1909f56bfc062723c751e8b465ee728b)
Start importing Assets/Resources/Sounds/SFX/Test/Swing1.wav using Guid(5ed26b8396ea9004483cdc61a8282431) Importer(815301076,1909f56bfc062723c751e8b465ee728b)  -> (artifact id: '0d0345035a6a97836938013b73e59d8e') in 0.011291 seconds
Number of updated asset objects reloaded before import = 0
Number of asset objects unloaded after import = 2
========================================================================
Received Import Request.
  Time since last request: 11.300747 seconds.
  path: Assets/Universal Sound FX/WEAPONS/Melee/Blunt/BLUNT_Swing_Hit_Stone_02_mono.wav
  artifactKey: Guid(4f3a23f5c87a4d0448f8650c6204bd5f) Importer(815301076,1909f56bfc062723c751e8b465ee728b)
Start importing Assets/Universal Sound FX/WEAPONS/Melee/Blunt/BLUNT_Swing_Hit_Stone_02_mono.wav using Guid(4f3a23f5c87a4d0448f8650c6204bd5f) Importer(815301076,1909f56bfc062723c751e8b465ee728b)  -> (artifact id: '5b0008cf01c720d387111329844f29bf') in 0.010196 seconds
Number of updated asset objects reloaded before import = 0
Number of asset objects unloaded after import = 2
========================================================================
Received Import Request.
  Time since last request: 2.316930 seconds.
  path: Assets/Resources/Sounds/SFX/Test/Swing.wav
  artifactKey: Guid(4090ff222d15c3944a988cdbedcee145) Importer(815301076,1909f56bfc062723c751e8b465ee728b)
Start importing Assets/Resources/Sounds/SFX/Test/Swing.wav using Guid(4090ff222d15c3944a988cdbedcee145) Importer(815301076,1909f56bfc062723c751e8b465ee728b)  -> (artifact id: 'af377dd031a4d39b608a65afdc1bfe11') in 0.010379 seconds
Number of updated asset objects reloaded before import = 0
Number of asset objects unloaded after import = 2
========================================================================
Received Import Request.
  Time since last request: 48.508147 seconds.
  path: Assets/Universal Sound FX/WEAPONS/Melee/Blunt/BLUNT_Swing_Hit_Stone_03_mono.wav
  artifactKey: Guid(ab16807e38bdafb4484cfd6c02281b7c) Importer(815301076,1909f56bfc062723c751e8b465ee728b)
Start importing Assets/Universal Sound FX/WEAPONS/Melee/Blunt/BLUNT_Swing_Hit_Stone_03_mono.wav using Guid(ab16807e38bdafb4484cfd6c02281b7c) Importer(815301076,1909f56bfc062723c751e8b465ee728b)  -> (artifact id: 'badcdb7c53e8cde04441a65480c976df') in 0.010119 seconds
Number of updated asset objects reloaded before import = 0
Number of asset objects unloaded after import = 2
========================================================================
Received Import Request.
  Time since last request: 0.000053 seconds.
  path: Assets/Universal Sound FX/WEAPONS/Melee/Blunt/BLUNT_Swing_Hit_Wood_02_mono.wav
  artifactKey: Guid(94d4217f89b7aee4aaee2b1f11225904) Importer(815301076,1909f56bfc062723c751e8b465ee728b)
Start importing Assets/Universal Sound FX/WEAPONS/Melee/Blunt/BLUNT_Swing_Hit_Wood_02_mono.wav using Guid(94d4217f89b7aee4aaee2b1f11225904) Importer(815301076,1909f56bfc062723c751e8b465ee728b)  -> (artifact id: '02348ff7a792657189711bae304ca3a1') in 0.009822 seconds
Number of updated asset objects reloaded before import = 0
Number of asset objects unloaded after import = 2
========================================================================
Received Import Request.
  Time since last request: 0.000019 seconds.
  path: Assets/Universal Sound FX/WEAPONS/Melee/Blunt/BLUNT_Swing_Hit_Wood_03_mono.wav
  artifactKey: Guid(8cb2993b6c76fac4f9f99eed77801a74) Importer(815301076,1909f56bfc062723c751e8b465ee728b)
Start importing Assets/Universal Sound FX/WEAPONS/Melee/Blunt/BLUNT_Swing_Hit_Wood_03_mono.wav using Guid(8cb2993b6c76fac4f9f99eed77801a74) Importer(815301076,1909f56bfc062723c751e8b465ee728b)  -> (artifact id: '4c8ee4beff218eff5b0581bc00f4621c') in 0.010682 seconds
Number of updated asset objects reloaded before import = 0
Number of asset objects unloaded after import = 2
========================================================================
Received Import Request.
  Time since last request: 0.014181 seconds.
  path: Assets/Universal Sound FX/WEAPONS/Melee/Blunt/BLUNT_Swing_Hit_Wood_04_mono.wav
  artifactKey: Guid(a32c5dfd843f0a04d8c37e5477dcc015) Importer(815301076,1909f56bfc062723c751e8b465ee728b)
Start importing Assets/Universal Sound FX/WEAPONS/Melee/Blunt/BLUNT_Swing_Hit_Wood_04_mono.wav using Guid(a32c5dfd843f0a04d8c37e5477dcc015) Importer(815301076,1909f56bfc062723c751e8b465ee728b)  -> (artifact id: 'ce14eebecbe2a3ace5e63a7326fcc25e') in 0.011711 seconds
Number of updated asset objects reloaded before import = 0
Number of asset objects unloaded after import = 2
========================================================================
Received Import Request.
  Time since last request: 0.000026 seconds.
  path: Assets/Universal Sound FX/WEAPONS/Melee/Blunt/BLUNT_Swing_Hit_Wood_05_mono.wav
  artifactKey: Guid(0030665c5fa8d604998b7f974522ccfa) Importer(815301076,1909f56bfc062723c751e8b465ee728b)
Start importing Assets/Universal Sound FX/WEAPONS/Melee/Blunt/BLUNT_Swing_Hit_Wood_05_mono.wav using Guid(0030665c5fa8d604998b7f974522ccfa) Importer(815301076,1909f56bfc062723c751e8b465ee728b)  -> (artifact id: '9358790ab729754acb8b295ec8a0052f') in 0.012983 seconds
Number of updated asset objects reloaded before import = 0
Number of asset objects unloaded after import = 2
========================================================================
Received Import Request.
  Time since last request: 0.000023 seconds.
  path: Assets/Universal Sound FX/WEAPONS/Melee/Blunt/BLUNT_Swing_Hit_Wood_06_mono.wav
  artifactKey: Guid(0af53a63782ffa940aaa15b568eabdb4) Importer(815301076,1909f56bfc062723c751e8b465ee728b)
Start importing Assets/Universal Sound FX/WEAPONS/Melee/Blunt/BLUNT_Swing_Hit_Wood_06_mono.wav using Guid(0af53a63782ffa940aaa15b568eabdb4) Importer(815301076,1909f56bfc062723c751e8b465ee728b)  -> (artifact id: 'd3847e53fbef5628de7257c1770bee60') in 0.011563 seconds
Number of updated asset objects reloaded before import = 0
Number of asset objects unloaded after import = 2
========================================================================
Received Import Request.
  Time since last request: 53.900918 seconds.
  path: Assets/Universal Sound FX/WEAPONS/Bow_Arrow/ARROW_Hit_Metal_Armor_stereo.wav
  artifactKey: Guid(2eab3f84962a91d4eac0097a532a68b0) Importer(815301076,1909f56bfc062723c751e8b465ee728b)
Start importing Assets/Universal Sound FX/WEAPONS/Bow_Arrow/ARROW_Hit_Metal_Armor_stereo.wav using Guid(2eab3f84962a91d4eac0097a532a68b0) Importer(815301076,1909f56bfc062723c751e8b465ee728b)  -> (artifact id: 'c08ac0a11b6722e7030ebced72dbc4ab') in 0.011069 seconds
Number of updated asset objects reloaded before import = 0
Number of asset objects unloaded after import = 2
========================================================================
Received Import Request.
  Time since last request: 0.003555 seconds.
  path: Assets/Universal Sound FX/WEAPONS/Bow_Arrow/ARROW_Wobble_02_mono.wav
  artifactKey: Guid(b6beff76d4158e743b7896fcf2bfbd5d) Importer(815301076,1909f56bfc062723c751e8b465ee728b)
Start importing Assets/Universal Sound FX/WEAPONS/Bow_Arrow/ARROW_Wobble_02_mono.wav using Guid(b6beff76d4158e743b7896fcf2bfbd5d) Importer(815301076,1909f56bfc062723c751e8b465ee728b)  -> (artifact id: 'aa6c20457348d360b9a9f7b96a3fdbdb') in 0.010827 seconds
Number of updated asset objects reloaded before import = 0
Number of asset objects unloaded after import = 2
Editor requested this worker to shutdown with reason: Scaling down because of idle timeout
TcpMessagingSession - receive error: operation aborted. errorcode: 995, details: 스레드 종료 또는 응용 프로그램 요청 때문에 I/O 작업이 취소되었습니다.
AssetImportWorker is now disconnected from the server
Process exiting
Exiting without the bug reporter. Application will terminate with return code 0